In file included from [01m[K/home/rgeng/Project/src/SubscriberTest.cpp:4[m[K:
[01m[K/home/rgeng/Project/include/subscribers/msgSubscriber.hpp:[m[K In member function â€˜[01m[KT subscriber::msgSubscriber<T>::getMessageData()[m[Kâ€™:
[01m[K/home/rgeng/Project/include/subscribers/msgSubscriber.hpp:29:16:[m[K [01;31m[Kerror: [m[Kâ€˜[01m[KcallBackData[m[Kâ€™ was not declared in this scope; did you mean â€˜[01m[KcallbackData[m[Kâ€™?
   29 |         return [01;31m[KcallBackData[m[K;
      |                [01;31m[K^~~~~~~~~~~~[m[K
      |                [32m[KcallbackData[m[K
[01m[K/home/rgeng/Project/src/SubscriberTest.cpp:[m[K In function â€˜[01m[Kint main(int, char**)[m[Kâ€™:
[01m[K/home/rgeng/Project/src/SubscriberTest.cpp:13:53:[m[K [01;31m[Kerror: [m[Kâ€˜[01m[KcallBackData[m[Kâ€™ is not a member of â€˜[01m[Ksubscriber[m[Kâ€™; did you mean â€˜[01m[KcallbackData[m[Kâ€™?
   13 | ::cout << "Global variable: " << subscriber::[01;31m[KcallBackData[m[K.data() << std::endl;
      |                                              [01;31m[K^~~~~~~~~~~~[m[K
      |                                              [32m[KcallbackData[m[K
gmake[2]: *** [src/CMakeFiles/QuadcopterController_subscriber.dir/build.make:76: src/CMakeFiles/QuadcopterController_subscriber.dir/SubscriberTest.cpp.o] Error 1
gmake[1]: *** [CMakeFiles/Makefile2:143: src/CMakeFiles/QuadcopterController_subscriber.dir/all] Error 2
gmake: *** [Makefile:91: all] Error 2
