[0.282s] Invoking command in '/home/rgeng/Project/build/QuadcopterController': /usr/bin/cmake --build /home/rgeng/Project/build/QuadcopterController -- -j12 -l12
[0.853s] [35m[1mConsolidate compiler generated dependencies of target OBJECTS[0m
[0.859s] [ 13%] Built target OBJECTS
[0.885s] [ 46%] Built target CONTROLLER_LIB
[0.932s] [ 60%] Built target MOTOR_CONTROLLER_LIB
[0.946s] [ 73%] Built target DATABASE_LIB
[0.985s] [35m[1mConsolidate compiler generated dependencies of target QuadcopterController[0m
[0.993s] [35m[1mConsolidate compiler generated dependencies of target QuadcopterController_subscriber[0m
[1.000s] [ 86%] Built target QuadcopterController
[1.007s] [ 93%] [32mBuilding CXX object src/CMakeFiles/QuadcopterController_subscriber.dir/SubscriberTest.cpp.o[0m
[5.139s] [01m[K/home/rgeng/Project/src/SubscriberTest.cpp:[m[K In function â€˜[01m[Kint main(int, char**)[m[Kâ€™:
[5.139s] [01m[K/home/rgeng/Project/src/SubscriberTest.cpp:13:34:[m[K [01;31m[Kerror: [m[Kâ€˜[01m[Kcount[m[Kâ€™ was not declared in this scope; did you mean â€˜[01m[Kstd::count[m[Kâ€™?
[5.139s]    13 |     std::cout << "Published " << [01;31m[Kcount[m[K << " messages. "
[5.139s]       |                                  [01;31m[K^~~~~[m[K
[5.139s]       |                                  [32m[Kstd::count[m[K
[5.139s] In file included from [01m[K/usr/include/c++/11/algorithm:74[m[K,
[5.139s]                  from [01m[K/usr/include/eigen3/Eigen/Core:95[m[K,
[5.139s]                  from [01m[K/usr/include/eigen3/Eigen/Dense:1[m[K,
[5.139s]                  from [01m[K/home/rgeng/Project/include/controller/LQR.hpp:3[m[K,
[5.139s]                  from [01m[K/home/rgeng/Project/src/SubscriberTest.cpp:2[m[K:
[5.139s] [01m[K/usr/include/c++/11/pstl/glue_algorithm_defs.h:101:1:[m[K [01;36m[Knote: [m[Kâ€˜[01m[Kstd::count[m[Kâ€™ declared here
[5.139s]   101 | [01;36m[Kcount[m[K(_ExecutionPolicy&& __exec, _ForwardIterator __first, _ForwardIterator __last, const _Tp& __value);
[5.139s]       | [01;36m[K^~~~~[m[K
[5.142s] [01m[K/home/rgeng/Project/src/SubscriberTest.cpp:15:31:[m[K [01;31m[Kerror: [m[Kâ€˜[01m[Kyaw[m[Kâ€™ was not declared in this scope
[5.142s]    15 |                 << "Yaw: " << [01;31m[Kyaw[m[K << "rad" << std::endl;
[5.142s]       |                               [01;31m[K^~~[m[K
[6.049s] gmake[2]: *** [src/CMakeFiles/QuadcopterController_subscriber.dir/build.make:76: src/CMakeFiles/QuadcopterController_subscriber.dir/SubscriberTest.cpp.o] Error 1
[6.049s] gmake[1]: *** [CMakeFiles/Makefile2:203: src/CMakeFiles/QuadcopterController_subscriber.dir/all] Error 2
[6.050s] gmake: *** [Makefile:91: all] Error 2
[6.060s] Invoked command in '/home/rgeng/Project/build/QuadcopterController' returned '2': /usr/bin/cmake --build /home/rgeng/Project/build/QuadcopterController -- -j12 -l12
