[0.012s] Invoking command in '/home/rgeng/Project/build/QuadcopterController': /usr/bin/cmake /home/rgeng/Project -DCMAKE_INSTALL_PREFIX=/home/rgeng/Project/install/QuadcopterController
[1.270s] -- The C compiler identification is GNU 11.4.0
[1.559s] -- The CXX compiler identification is GNU 11.4.0
[2.142s] -- Detecting C compiler ABI info
[2.270s] -- Detecting C compiler ABI info - done
[2.275s] -- Check for working C compiler: /usr/bin/cc - skipped
[2.357s] -- Detecting C compile features
[2.371s] -- Detecting C compile features - done
[2.374s] -- Detecting CXX compiler ABI info
[2.462s] -- Detecting CXX compiler ABI info - done
[2.467s] -- Check for working CXX compiler: /usr/bin/c++ - skipped
[2.467s] -- Detecting CXX compile features
[2.468s] -- Detecting CXX compile features - done
[2.469s] -- Looking for ignition-msgs5 -- found version 5.8.1
[2.474s] -- Searching for dependencies of ignition-msgs5
[3.378s] -- Found Protobuf: /usr/lib/x86_64-linux-gnu/libprotobuf.so (found suitable version "3.12.4", minimum required is "3") 
[3.636s] -- Looking for ignition-math6 -- found version 6.15.1
[3.636s] -- Searching for dependencies of ignition-math6
[3.641s] -- Checking for module 'tinyxml2'
[3.647s] --   Found tinyxml2, version 9.0.0
[3.667s] -- Looking for ignition-transport8 -- found version 8.2.1
[3.667s] -- Searching for dependencies of ignition-transport8
[4.800s] -- Config-file not installed for ZeroMQ -- checking for pkg-config
[4.804s] -- Checking for module 'libzmq >= 4'
[4.811s] --   Found libzmq , version 4.3.4
[4.831s] -- Found ZeroMQ: TRUE (Required is at least version "4") 
[4.848s] -- Checking for module 'uuid'
[4.855s] --   Found uuid, version 2.37.2
[4.874s] -- Found UUID: TRUE  
[4.874s] -- Looking for ignition-msgs5 -- found version 5.8.1
[4.977s] [33mCMake Warning (dev) at /usr/share/cmake-3.22/Modules/FindPackageHandleStandardArgs.cmake:438 (message):
[4.977s]   The package name passed to `find_package_handle_standard_args` (PkgConfig)
[4.977s]   does not match the name of the calling package (gazebo).  This can lead to
[4.977s]   problems in calling code that expects `find_package` result variables
[4.977s]   (e.g., `_FOUND`) to follow a certain pattern.
[4.978s] Call Stack (most recent call first):
[4.978s]   /usr/share/cmake-3.22/Modules/FindPkgConfig.cmake:99 (find_package_handle_standard_args)
[4.978s]   /usr/lib/x86_64-linux-gnu/cmake/gazebo/gazebo-config.cmake:72 (include)
[4.978s]   CMakeLists.txt:7 (find_package)
[4.978s] This warning is for project developers.  Use -Wno-dev to suppress it.
[4.978s] [0m
[4.978s] -- Found PkgConfig: /usr/bin/pkg-config (found version "0.29.2") 
[4.978s] -- Checking for module 'bullet>=2.82'
[4.992s] --   Found bullet, version 3.05
[5.384s] -- Found fcl: /usr/include (found suitable version "0.7.0", minimum required is "0.5.0") 
[5.438s] -- Found assimp: /usr/include (found version "5.2.0") 
[5.512s] -- Found DART: /usr/include (Required is at least version "6.6") found components: dart 
[5.526s] -- Found Boost: /usr/lib/x86_64-linux-gnu/cmake/Boost-1.74.0/BoostConfig.cmake (found suitable version "1.74.0", minimum required is "1.40.0") found components: thread system filesystem program_options regex iostreams date_time 
[5.532s] -- Found Protobuf: /usr/lib/x86_64-linux-gnu/libprotobuf.so (found version "3.12.4") 
[5.534s] -- Looking for ignition-math6 -- found version 6.15.1
[5.535s] -- Looking for OGRE...
[5.535s] -- OGRE_PREFIX_WATCH changed.
[5.538s] -- Checking for module 'OGRE'
[5.545s] --   Found OGRE, version 1.9.0
[5.564s] -- Found Ogre Ghadamon (1.9.0)
[5.725s] -- Found OGRE: optimized;/usr/lib/x86_64-linux-gnu/libOgreMain.so;debug;/usr/lib/x86_64-linux-gnu/libOgreMain.so
[5.732s] -- Looking for OGRE_Paging...
[5.868s] -- Found OGRE_Paging: optimized;/usr/lib/x86_64-linux-gnu/libOgrePaging.so;debug;/usr/lib/x86_64-linux-gnu/libOgrePaging.so
[5.868s] -- Looking for OGRE_Terrain...
[6.012s] -- Found OGRE_Terrain: optimized;/usr/lib/x86_64-linux-gnu/libOgreTerrain.so;debug;/usr/lib/x86_64-linux-gnu/libOgreTerrain.so
[6.012s] -- Looking for OGRE_Property...
[6.197s] -- Found OGRE_Property: optimized;/usr/lib/x86_64-linux-gnu/libOgreProperty.so;debug;/usr/lib/x86_64-linux-gnu/libOgreProperty.so
[6.197s] -- Looking for OGRE_RTShaderSystem...
[6.679s] -- Found OGRE_RTShaderSystem: optimized;/usr/lib/x86_64-linux-gnu/libOgreRTShaderSystem.so;debug;/usr/lib/x86_64-linux-gnu/libOgreRTShaderSystem.so
[6.679s] -- Looking for OGRE_Volume...
[6.856s] -- Found OGRE_Volume: optimized;/usr/lib/x86_64-linux-gnu/libOgreVolume.so;debug;/usr/lib/x86_64-linux-gnu/libOgreVolume.so
[6.856s] -- Looking for OGRE_Overlay...
[7.093s] -- Found OGRE_Overlay: optimized;/usr/lib/x86_64-linux-gnu/libOgreOverlay.so;debug;/usr/lib/x86_64-linux-gnu/libOgreOverlay.so
[14.390s] -- Looking for ignition-math6 -- found version 6.15.1
[14.390s] -- Looking for ignition-transport8 -- found version 8.2.1
[14.390s] -- Looking for ignition-msgs5 -- found version 5.8.1
[14.392s] -- Looking for ignition-common3 -- found version 3.14.0
[14.392s] -- Searching for dependencies of ignition-common3
[14.406s] -- Looking for dlfcn.h - found
[14.421s] -- Looking for libdl - found
[14.422s] -- Found DL: TRUE  
[14.457s] -- Found tinyobjloader: /usr/lib/x86_64-linux-gnu/cmake/tinyobjloader/tinyobjloader-config.cmake (found version "2.0.0") 
[14.457s] -- Searching for <ignition-common3> component [graphics]
[14.458s] -- Looking for ignition-common3-graphics -- found version 3.14.0
[14.458s] -- Searching for dependencies of ignition-common3-graphics
[14.459s] -- Looking for ignition-math6 -- found version 6.15.1
[14.491s] -- Looking for ignition-fuel_tools4 -- found version 4.4.0
[14.492s] -- Searching for dependencies of ignition-fuel_tools4
[15.634s] -- Found CURL: /usr/lib/x86_64-linux-gnu/libcurl.so (found version "7.81.0")  
[15.640s] -- Checking for module 'jsoncpp'
[15.648s] --   Found jsoncpp, version 1.9.5
[15.666s] -- Found JSONCPP: TRUE  
[15.670s] -- Checking for module 'libzip'
[15.678s] --   Found libzip, version 1.7.3
[15.696s] -- Found ZIP: TRUE  
[15.696s] -- Looking for ignition-common3 -- found version 3.14.0
[15.697s] -- Looking for ignition-math6 -- found version 6.15.1
[15.697s] -- Looking for ignition-msgs5 -- found version 5.8.1
[15.703s] -- Configuring done
[15.707s] [0mWARNING: Target "QuadcopterController" requests linking to directory "/usr/lib/x86_64-linux-gnu".  Targets may link only to libraries.  CMake is dropping the item.[0m
[15.707s] [0mWARNING: Target "QuadcopterController" requests linking to directory "/usr/lib/x86_64-linux-gnu/gazebo-11/plugins".  Targets may link only to libraries.  CMake is dropping the item.[0m
[15.707s] [0mWARNING: Target "QuadcopterController" requests linking to directory "/usr/lib/x86_64-linux-gnu".  Targets may link only to libraries.  CMake is dropping the item.[0m
[15.707s] [0mWARNING: Target "QuadcopterController" requests linking to directory "/usr/lib/x86_64-linux-gnu/gazebo-11/plugins".  Targets may link only to libraries.  CMake is dropping the item.[0m
[15.713s] -- Generating done
[15.717s] -- Build files have been written to: /home/rgeng/Project/build/QuadcopterController
[15.727s] Invoked command in '/home/rgeng/Project/build/QuadcopterController' returned '0': /usr/bin/cmake /home/rgeng/Project -DCMAKE_INSTALL_PREFIX=/home/rgeng/Project/install/QuadcopterController
[15.729s] Invoking command in '/home/rgeng/Project/build/QuadcopterController': /usr/bin/cmake --build /home/rgeng/Project/build/QuadcopterController -- -j12 -l12
[15.772s] [  7%] [32mBuilding CXX object src/objects/CMakeFiles/OBJECTS.dir/imu.cpp.o[0m
[15.773s] [ 15%] [32mBuilding CXX object src/controller/CMakeFiles/CONTROLLER_LIB.dir/base.cpp.o[0m
[15.779s] [ 23%] [32mBuilding CXX object src/controller/CMakeFiles/CONTROLLER_LIB.dir/PolePlacement.cpp.o[0m
[15.779s] [ 30%] [32mBuilding CXX object src/controller/CMakeFiles/CONTROLLER_LIB.dir/PID.cpp.o[0m
[15.789s] [ 38%] [32mBuilding CXX object src/controller/CMakeFiles/CONTROLLER_LIB.dir/LQR.cpp.o[0m
[15.945s] [ 46%] [32m[1mLinking CXX static library libOBJECTS.a[0m
[15.976s] [ 46%] Built target OBJECTS
[22.209s] In file included from [01m[K/home/rgeng/Project/include/controller/base.hpp:5[m[K,
[22.209s]                  from [01m[K/home/rgeng/Project/include/controller/PID.hpp:4[m[K,
[22.209s]                  from [01m[K/home/rgeng/Project/src/controller/PID.cpp:1[m[K:
[22.209s] [01m[K/home/rgeng/Project/include/publishers/msgPublisher.hpp:[m[K In constructor â€˜[01m[Kpublishers::msgPublisher<T>::msgPublisher(gazebo::transport::NodePtr&)[m[Kâ€™:
[22.209s] [01m[K/home/rgeng/Project/include/publishers/msgPublisher.hpp:18:17:[m[K [01;31m[Kerror: [m[Kâ€˜[01m[Kgazebo::client[m[Kâ€™ has not been declared
[22.209s]    18 |         gazebo::[01;31m[Kclient[m[K::setup();
[22.209s]       |                 [01;31m[K^~~~~~[m[K
[22.209s] [01m[K/home/rgeng/Project/include/publishers/msgPublisher.hpp:19:15:[m[K [01;31m[Kerror: [m[Kâ€˜[01m[Kclass gazebo::transport::Publisher[m[Kâ€™ has no member named â€˜[01m[KInit[m[Kâ€™
[22.209s]    19 |         mPub->[01;31m[KInit[m[K();
[22.209s]       |               [01;31m[K^~~~[m[K
[22.225s] [01m[K/home/rgeng/Project/include/publishers/msgPublisher.hpp:20:16:[m[K [01;31m[Kerror: [m[Kâ€˜[01m[KmNode[m[Kâ€™ was not declared in this scope
[22.225s]    20 |         mPub = [01;31m[KmNode[m[K.Advertise<T>(inTopic);
[22.226s]       |                [01;31m[K^~~~~[m[K
[22.226s] [01m[K/home/rgeng/Project/include/publishers/msgPublisher.hpp:20:33:[m[K [01;31m[Kerror: [m[Kexpected primary-expression before â€˜[01m[K>[m[Kâ€™ token
[22.226s]    20 |         mPub = mNode.Advertise<T[01;31m[K>[m[K(inTopic);
[22.226s]       |                                 [01;31m[K^[m[K
[22.235s] In file included from [01m[K/home/rgeng/Project/include/controller/base.hpp:5[m[K,
[22.236s]                  from [01m[K/home/rgeng/Project/src/controller/base.cpp:1[m[K:
[22.236s] [01m[K/home/rgeng/Project/include/publishers/msgPublisher.hpp:[m[K In constructor â€˜[01m[Kpublishers::msgPublisher<T>::msgPublisher(gazebo::transport::NodePtr&)[m[Kâ€™:
[22.236s] [01m[K/home/rgeng/Project/include/publishers/msgPublisher.hpp:18:17:[m[K [01;31m[Kerror: [m[Kâ€˜[01m[Kgazebo::client[m[Kâ€™ has not been declared
[22.236s]    18 |         gazebo::[01;31m[Kclient[m[K::setup();
[22.236s]       |                 [01;31m[K^~~~~~[m[K
[22.236s] [01m[K/home/rgeng/Project/include/publishers/msgPublisher.hpp:19:15:[m[K [01;31m[Kerror: [m[Kâ€˜[01m[Kclass gazebo::transport::Publisher[m[Kâ€™ has no member named â€˜[01m[KInit[m[Kâ€™
[22.236s]    19 |         mPub->[01;31m[KInit[m[K();
[22.236s]       |               [01;31m[K^~~~[m[K
[22.246s] [01m[K/home/rgeng/Project/include/publishers/msgPublisher.hpp:20:35:[m[K [01;31m[Kerror: [m[Kâ€˜[01m[KinTopic[m[Kâ€™ was not declared in this scope
[22.246s]    20 |         mPub = mNode.Advertise<T>([01;31m[KinTopic[m[K);
[22.246s]       |                                   [01;31m[K^~~~~~~[m[K
[22.246s] [01m[K/home/rgeng/Project/include/publishers/msgPublisher.hpp:[m[K In member function â€˜[01m[Kvoid publishers::msgPublisher<T>::publishMessage(const T&)[m[Kâ€™:
[22.246s] [01m[K/home/rgeng/Project/include/publishers/msgPublisher.hpp:24:18:[m[K [01;31m[Kerror: [m[Kâ€˜[01m[Kgazebo::transport::PublisherPtr[m[Kâ€™ {aka â€˜[01m[Kclass boost::shared_ptr<gazebo::transport::Publisher>[m[Kâ€™} has no member named â€˜[01m[KPublish[m[Kâ€™
[22.246s]    24 |         if(!mPub.[01;31m[KPublish[m[K(inMsg))
[22.246s]       |                  [01;31m[K^~~~~~~[m[K
[22.251s] [01m[K/home/rgeng/Project/include/publishers/msgPublisher.hpp:20:16:[m[K [01;31m[Kerror: [m[Kâ€˜[01m[KmNode[m[Kâ€™ was not declared in this scope
[22.251s]    20 |         mPub = [01;31m[KmNode[m[K.Advertise<T>(inTopic);
[22.251s]       |                [01;31m[K^~~~~[m[K
[22.251s] [01m[K/home/rgeng/Project/include/publishers/msgPublisher.hpp:20:33:[m[K [01;31m[Kerror: [m[Kexpected primary-expression before â€˜[01m[K>[m[Kâ€™ token
[22.251s]    20 |         mPub = mNode.Advertise<T[01;31m[K>[m[K(inTopic);
[22.251s]       |                                 [01;31m[K^[m[K
[22.254s] In file included from [01m[K/home/rgeng/Project/include/controller/base.hpp:5[m[K,
[22.254s]                  from [01m[K/home/rgeng/Project/include/controller/LQR.hpp:4[m[K,
[22.254s]                  from [01m[K/home/rgeng/Project/src/controller/LQR.cpp:1[m[K:
[22.254s] [01m[K/home/rgeng/Project/include/publishers/msgPublisher.hpp:[m[K In constructor â€˜[01m[Kpublishers::msgPublisher<T>::msgPublisher(gazebo::transport::NodePtr&)[m[Kâ€™:
[22.254s] [01m[K/home/rgeng/Project/include/publishers/msgPublisher.hpp:18:17:[m[K [01;31m[Kerror: [m[Kâ€˜[01m[Kgazebo::client[m[Kâ€™ has not been declared
[22.255s]    18 |         gazebo::[01;31m[Kclient[m[K::setup();
[22.255s]       |                 [01;31m[K^~~~~~[m[K
[22.255s] [01m[K/home/rgeng/Project/include/publishers/msgPublisher.hpp:19:15:[m[K [01;31m[Kerror: [m[Kâ€˜[01m[Kclass gazebo::transport::Publisher[m[Kâ€™ has no member named â€˜[01m[KInit[m[Kâ€™
[22.255s]    19 |         mPub->[01;31m[KInit[m[K();
[22.255s]       |               [01;31m[K^~~~[m[K
[22.268s] [01m[K/home/rgeng/Project/include/publishers/msgPublisher.hpp:20:35:[m[K [01;31m[Kerror: [m[Kâ€˜[01m[KinTopic[m[Kâ€™ was not declared in this scope
[22.268s]    20 |         mPub = mNode.Advertise<T>([01;31m[KinTopic[m[K);
[22.268s]       |                                   [01;31m[K^~~~~~~[m[K
[22.268s] [01m[K/home/rgeng/Project/include/publishers/msgPublisher.hpp:[m[K In member function â€˜[01m[Kvoid publishers::msgPublisher<T>::publishMessage(const T&)[m[Kâ€™:
[22.268s] [01m[K/home/rgeng/Project/include/publishers/msgPublisher.hpp:24:18:[m[K [01;31m[Kerror: [m[Kâ€˜[01m[Kgazebo::transport::PublisherPtr[m[Kâ€™ {aka â€˜[01m[Kclass boost::shared_ptr<gazebo::transport::Publisher>[m[Kâ€™} has no member named â€˜[01m[KPublish[m[Kâ€™
[22.268s]    24 |         if(!mPub.[01;31m[KPublish[m[K(inMsg))
[22.268s]       |                  [01;31m[K^~~~~~~[m[K
[22.270s] [01m[K/home/rgeng/Project/include/publishers/msgPublisher.hpp:20:16:[m[K [01;31m[Kerror: [m[Kâ€˜[01m[KmNode[m[Kâ€™ was not declared in this scope
[22.271s]    20 |         mPub = [01;31m[KmNode[m[K.Advertise<T>(inTopic);
[22.271s]       |                [01;31m[K^~~~~[m[K
[22.271s] [01m[K/home/rgeng/Project/include/publishers/msgPublisher.hpp:20:33:[m[K [01;31m[Kerror: [m[Kexpected primary-expression before â€˜[01m[K>[m[Kâ€™ token
[22.271s]    20 |         mPub = mNode.Advertise<T[01;31m[K>[m[K(inTopic);
[22.271s]       |                                 [01;31m[K^[m[K
[22.287s] [01m[K/home/rgeng/Project/include/publishers/msgPublisher.hpp:20:35:[m[K [01;31m[Kerror: [m[Kâ€˜[01m[KinTopic[m[Kâ€™ was not declared in this scope
[22.287s]    20 |         mPub = mNode.Advertise<T>([01;31m[KinTopic[m[K);
[22.287s]       |                                   [01;31m[K^~~~~~~[m[K
[22.287s] [01m[K/home/rgeng/Project/include/publishers/msgPublisher.hpp:[m[K In member function â€˜[01m[Kvoid publishers::msgPublisher<T>::publishMessage(const T&)[m[Kâ€™:
[22.287s] [01m[K/home/rgeng/Project/include/publishers/msgPublisher.hpp:24:18:[m[K [01;31m[Kerror: [m[Kâ€˜[01m[Kgazebo::transport::PublisherPtr[m[Kâ€™ {aka â€˜[01m[Kclass boost::shared_ptr<gazebo::transport::Publisher>[m[Kâ€™} has no member named â€˜[01m[KPublish[m[Kâ€™
[22.287s]    24 |         if(!mPub.[01;31m[KPublish[m[K(inMsg))
[22.287s]       |                  [01;31m[K^~~~~~~[m[K
[22.321s] In file included from [01m[K/home/rgeng/Project/include/controller/base.hpp:5[m[K,
[22.321s]                  from [01m[K/home/rgeng/Project/include/controller/PolePlacement.hpp:4[m[K,
[22.321s]                  from [01m[K/home/rgeng/Project/src/controller/PolePlacement.cpp:1[m[K:
[22.321s] [01m[K/home/rgeng/Project/include/publishers/msgPublisher.hpp:[m[K In constructor â€˜[01m[Kpublishers::msgPublisher<T>::msgPublisher(gazebo::transport::NodePtr&)[m[Kâ€™:
[22.321s] [01m[K/home/rgeng/Project/include/publishers/msgPublisher.hpp:18:17:[m[K [01;31m[Kerror: [m[Kâ€˜[01m[Kgazebo::client[m[Kâ€™ has not been declared
[22.321s]    18 |         gazebo::[01;31m[Kclient[m[K::setup();
[22.321s]       |                 [01;31m[K^~~~~~[m[K
[22.321s] [01m[K/home/rgeng/Project/include/publishers/msgPublisher.hpp:19:15:[m[K [01;31m[Kerror: [m[Kâ€˜[01m[Kclass gazebo::transport::Publisher[m[Kâ€™ has no member named â€˜[01m[KInit[m[Kâ€™
[22.321s]    19 |         mPub->[01;31m[KInit[m[K();
[22.321s]       |               [01;31m[K^~~~[m[K
[22.341s] [01m[K/home/rgeng/Project/include/publishers/msgPublisher.hpp:20:16:[m[K [01;31m[Kerror: [m[Kâ€˜[01m[KmNode[m[Kâ€™ was not declared in this scope
[22.341s]    20 |         mPub = [01;31m[KmNode[m[K.Advertise<T>(inTopic);
[22.341s]       |                [01;31m[K^~~~~[m[K
[22.341s] [01m[K/home/rgeng/Project/include/publishers/msgPublisher.hpp:20:33:[m[K [01;31m[Kerror: [m[Kexpected primary-expression before â€˜[01m[K>[m[Kâ€™ token
[22.342s]    20 |         mPub = mNode.Advertise<T[01;31m[K>[m[K(inTopic);
[22.342s]       |                                 [01;31m[K^[m[K
[22.360s] [01m[K/home/rgeng/Project/include/publishers/msgPublisher.hpp:20:35:[m[K [01;31m[Kerror: [m[Kâ€˜[01m[KinTopic[m[Kâ€™ was not declared in this scope
[22.360s]    20 |         mPub = mNode.Advertise<T>([01;31m[KinTopic[m[K);
[22.360s]       |                                   [01;31m[K^~~~~~~[m[K
[22.360s] [01m[K/home/rgeng/Project/include/publishers/msgPublisher.hpp:[m[K In member function â€˜[01m[Kvoid publishers::msgPublisher<T>::publishMessage(const T&)[m[Kâ€™:
[22.360s] [01m[K/home/rgeng/Project/include/publishers/msgPublisher.hpp:24:18:[m[K [01;31m[Kerror: [m[Kâ€˜[01m[Kgazebo::transport::PublisherPtr[m[Kâ€™ {aka â€˜[01m[Kclass boost::shared_ptr<gazebo::transport::Publisher>[m[Kâ€™} has no member named â€˜[01m[KPublish[m[Kâ€™
[22.360s]    24 |         if(!mPub.[01;31m[KPublish[m[K(inMsg))
[22.360s]       |                  [01;31m[K^~~~~~~[m[K
[22.384s] In file included from [01m[K/home/rgeng/Project/include/controller/PID.hpp:4[m[K,
[22.384s]                  from [01m[K/home/rgeng/Project/src/controller/PID.cpp:1[m[K:
[22.384s] [01m[K/home/rgeng/Project/include/controller/base.hpp:[m[K At global scope:
[22.384s] [01m[K/home/rgeng/Project/include/controller/base.hpp:18:46:[m[K [01;31m[Kerror: [m[Kâ€˜[01m[KCessna[m[Kâ€™ is not a member of â€˜[01m[Kignition::msgs[m[Kâ€™; did you mean â€˜[01m[Kgazebo::msgs::Cessna[m[Kâ€™?
[22.384s]    18 |     publishers::msgPublisher<ignition::msgs::[01;31m[KCessna[m[K>* controlPublisher;
[22.384s]       |                                              [01;31m[K^~~~~~[m[K
[22.384s] In file included from [01m[K/usr/include/gazebo-11/gazebo/msgs/MessageTypes.hh:16[m[K,
[22.385s]                  from [01m[K/usr/include/gazebo-11/gazebo/msgs/msgs.hh:35[m[K,
[22.385s]                  from [01m[K/usr/include/gazebo-11/gazebo/gazebo_core.hh:20[m[K,
[22.385s]                  from [01m[K/usr/include/gazebo-11/gazebo/gazebo.hh:20[m[K,
[22.385s]                  from [01m[K/home/rgeng/Project/include/subscribers/msgSubscriber.hpp:3[m[K,
[22.385s]                  from [01m[K/home/rgeng/Project/include/controller/base.hpp:4[m[K,
[22.385s]                  from [01m[K/home/rgeng/Project/include/controller/PID.hpp:4[m[K,
[22.385s]                  from [01m[K/home/rgeng/Project/src/controller/PID.cpp:1[m[K:
[22.385s] [01m[K/usr/include/gazebo-11/gazebo/msgs/cessna.pb.h:80:23:[m[K [01;36m[Knote: [m[Kâ€˜[01m[Kgazebo::msgs::Cessna[m[Kâ€™ declared here
[22.385s]    80 | class GZ_MSGS_VISIBLE [01;36m[KCessna[m[K PROTOBUF_FINAL :
[22.385s]       |                       [01;36m[K^~~~~~[m[K
[22.385s] In file included from [01m[K/home/rgeng/Project/include/controller/PID.hpp:4[m[K,
[22.385s]                  from [01m[K/home/rgeng/Project/src/controller/PID.cpp:1[m[K:
[22.385s] [01m[K/home/rgeng/Project/include/controller/base.hpp:18:52:[m[K [01;31m[Kerror: [m[Ktemplate argument 1 is invalid
[22.386s]    18 |     publishers::msgPublisher<ignition::msgs::Cessna[01;31m[K>[m[K* controlPublisher;
[22.386s]       |                                                    [01;31m[K^[m[K
[22.396s] In file included from [01m[K/home/rgeng/Project/src/controller/base.cpp:1[m[K:
[22.397s] [01m[K/home/rgeng/Project/include/controller/base.hpp:[m[K At global scope:
[22.397s] [01m[K/home/rgeng/Project/include/controller/base.hpp:18:46:[m[K [01;31m[Kerror: [m[Kâ€˜[01m[KCessna[m[Kâ€™ is not a member of â€˜[01m[Kignition::msgs[m[Kâ€™; did you mean â€˜[01m[Kgazebo::msgs::Cessna[m[Kâ€™?
[22.397s]    18 |     publishers::msgPublisher<ignition::msgs::[01;31m[KCessna[m[K>* controlPublisher;
[22.397s]       |                                              [01;31m[K^~~~~~[m[K
[22.397s] In file included from [01m[K/usr/include/gazebo-11/gazebo/msgs/MessageTypes.hh:16[m[K,
[22.397s]                  from [01m[K/usr/include/gazebo-11/gazebo/msgs/msgs.hh:35[m[K,
[22.397s]                  from [01m[K/usr/include/gazebo-11/gazebo/gazebo_core.hh:20[m[K,
[22.397s]                  from [01m[K/usr/include/gazebo-11/gazebo/gazebo.hh:20[m[K,
[22.397s]                  from [01m[K/home/rgeng/Project/include/subscribers/msgSubscriber.hpp:3[m[K,
[22.397s]                  from [01m[K/home/rgeng/Project/include/controller/base.hpp:4[m[K,
[22.397s]                  from [01m[K/home/rgeng/Project/src/controller/base.cpp:1[m[K:
[22.397s] [01m[K/usr/include/gazebo-11/gazebo/msgs/cessna.pb.h:80:23:[m[K [01;36m[Knote: [m[Kâ€˜[01m[Kgazebo::msgs::Cessna[m[Kâ€™ declared here
[22.397s]    80 | class GZ_MSGS_VISIBLE [01;36m[KCessna[m[K PROTOBUF_FINAL :
[22.397s]       |                       [01;36m[K^~~~~~[m[K
[22.397s] In file included from [01m[K/home/rgeng/Project/src/controller/base.cpp:1[m[K:
[22.397s] [01m[K/home/rgeng/Project/include/controller/base.hpp:18:52:[m[K [01;31m[Kerror: [m[Ktemplate argument 1 is invalid
[22.397s]    18 |     publishers::msgPublisher<ignition::msgs::Cessna[01;31m[K>[m[K* controlPublisher;
[22.398s]       |                                                    [01;31m[K^[m[K
[22.399s] [01m[K/home/rgeng/Project/src/controller/base.cpp:[m[K In constructor â€˜[01m[Kcontroller::Base::Base(enums::CONTROL_METHOD_ENUM, gazebo::transport::NodePtr&)[m[Kâ€™:
[22.399s] [01m[K/home/rgeng/Project/src/controller/base.cpp:7:69:[m[K [01;31m[Kerror: [m[Kâ€˜[01m[KCessna[m[Kâ€™ is not a member of â€˜[01m[Kignition::msgs[m[Kâ€™; did you mean â€˜[01m[Kgazebo::msgs::Cessna[m[Kâ€™?
[22.399s]     7 |     controlPublisher = new publishers::msgPublisher<ignition::msgs::[01;31m[KCessna[m[K>(gzNode);
[22.400s]       |                                                                     [01;31m[K^~~~~~[m[K
[22.400s] In file included from [01m[K/usr/include/gazebo-11/gazebo/msgs/MessageTypes.hh:16[m[K,
[22.400s]                  from [01m[K/usr/include/gazebo-11/gazebo/msgs/msgs.hh:35[m[K,
[22.400s]                  from [01m[K/usr/include/gazebo-11/gazebo/gazebo_core.hh:20[m[K,
[22.400s]                  from [01m[K/usr/include/gazebo-11/gazebo/gazebo.hh:20[m[K,
[22.400s]                  from [01m[K/home/rgeng/Project/include/subscribers/msgSubscriber.hpp:3[m[K,
[22.400s]                  from [01m[K/home/rgeng/Project/include/controller/base.hpp:4[m[K,
[22.400s]                  from [01m[K/home/rgeng/Project/src/controller/base.cpp:1[m[K:
[22.400s] [01m[K/usr/include/gazebo-11/gazebo/msgs/cessna.pb.h:80:23:[m[K [01;36m[Knote: [m[Kâ€˜[01m[Kgazebo::msgs::Cessna[m[Kâ€™ declared here
[22.400s]    80 | class GZ_MSGS_VISIBLE [01;36m[KCessna[m[K PROTOBUF_FINAL :
[22.400s]       |                       [01;36m[K^~~~~~[m[K
[22.400s] [01m[K/home/rgeng/Project/src/controller/base.cpp:7:75:[m[K [01;31m[Kerror: [m[Ktemplate argument 1 is invalid
[22.400s]     7 |     controlPublisher = new publishers::msgPublisher<ignition::msgs::Cessna[01;31m[K>[m[K(gzNode);
[22.401s]       |                                                                           [01;31m[K^[m[K
[22.401s] [01m[K/home/rgeng/Project/src/controller/base.cpp:[m[K In member function â€˜[01m[Kvoid controller::Base::commandVehicle()[m[Kâ€™:
[22.402s] [01m[K/home/rgeng/Project/src/controller/base.cpp:12:21:[m[K [01;31m[Kerror: [m[Kâ€˜[01m[KCessna[m[Kâ€™ is not a member of â€˜[01m[Kignition::msgs[m[Kâ€™; did you mean â€˜[01m[Kgazebo::msgs::Cessna[m[Kâ€™?
[22.402s]    12 |     ignition::msgs::[01;31m[KCessna[m[K msg;
[22.402s]       |                     [01;31m[K^~~~~~[m[K
[22.402s] In file included from [01m[K/usr/include/gazebo-11/gazebo/msgs/MessageTypes.hh:16[m[K,
[22.402s]                  from [01m[K/usr/include/gazebo-11/gazebo/msgs/msgs.hh:35[m[K,
[22.402s]                  from [01m[K/usr/include/gazebo-11/gazebo/gazebo_core.hh:20[m[K,
[22.402s]                  from [01m[K/usr/include/gazebo-11/gazebo/gazebo.hh:20[m[K,
[22.402s]                  from [01m[K/home/rgeng/Project/include/subscribers/msgSubscriber.hpp:3[m[K,
[22.402s]                  from [01m[K/home/rgeng/Project/include/controller/base.hpp:4[m[K,
[22.402s]                  from [01m[K/home/rgeng/Project/src/controller/base.cpp:1[m[K:
[22.402s] [01m[K/usr/include/gazebo-11/gazebo/msgs/cessna.pb.h:80:23:[m[K [01;36m[Knote: [m[Kâ€˜[01m[Kgazebo::msgs::Cessna[m[Kâ€™ declared here
[22.402s]    80 | class GZ_MSGS_VISIBLE [01;36m[KCessna[m[K PROTOBUF_FINAL :
[22.402s]       |                       [01;36m[K^~~~~~[m[K
[22.403s] In file included from [01m[K/home/rgeng/Project/include/controller/LQR.hpp:4[m[K,
[22.403s]                  from [01m[K/home/rgeng/Project/src/controller/LQR.cpp:1[m[K:
[22.403s] [01m[K/home/rgeng/Project/include/controller/base.hpp:[m[K At global scope:
[22.403s] [01m[K/home/rgeng/Project/include/controller/base.hpp:18:46:[m[K [01;31m[Kerror: [m[Kâ€˜[01m[KCessna[m[Kâ€™ is not a member of â€˜[01m[Kignition::msgs[m[Kâ€™; did you mean â€˜[01m[Kgazebo::msgs::Cessna[m[Kâ€™?
[22.403s]    18 |     publishers::msgPublisher<ignition::msgs::[01;31m[KCessna[m[K>* controlPublisher;
[22.403s]       |                                              [01;31m[K^~~~~~[m[K
[22.403s] In file included from [01m[K/usr/include/gazebo-11/gazebo/msgs/MessageTypes.hh:16[m[K,
[22.403s]                  from [01m[K/usr/include/gazebo-11/gazebo/msgs/msgs.hh:35[m[K,
[22.403s]                  from [01m[K/usr/include/gazebo-11/gazebo/gazebo_core.hh:20[m[K,
[22.403s]                  from [01m[K/usr/include/gazebo-11/gazebo/gazebo.hh:20[m[K,
[22.403s]                  from [01m[K/home/rgeng/Project/include/subscribers/msgSubscriber.hpp:3[m[K,
[22.403s]                  from [01m[K/home/rgeng/Project/include/controller/base.hpp:4[m[K,
[22.404s]                  from [01m[K/home/rgeng/Project/include/controller/LQR.hpp:4[m[K,
[22.404s]                  from [01m[K/home/rgeng/Project/src/controller/LQR.cpp:1[m[K:
[22.404s] [01m[K/usr/include/gazebo-11/gazebo/msgs/cessna.pb.h:80:23:[m[K [01;36m[Knote: [m[Kâ€˜[01m[Kgazebo::msgs::Cessna[m[Kâ€™ declared here
[22.404s]    80 | class GZ_MSGS_VISIBLE [01;36m[KCessna[m[K PROTOBUF_FINAL :
[22.404s]       |                       [01;36m[K^~~~~~[m[K
[22.404s] In file included from [01m[K/home/rgeng/Project/include/controller/LQR.hpp:4[m[K,
[22.404s]                  from [01m[K/home/rgeng/Project/src/controller/LQR.cpp:1[m[K:
[22.404s] [01m[K/home/rgeng/Project/include/controller/base.hpp:18:52:[m[K [01;31m[Kerror: [m[Ktemplate argument 1 is invalid
[22.404s]    18 |     publishers::msgPublisher<ignition::msgs::Cessna[01;31m[K>[m[K* controlPublisher;
[22.404s]       |                                                    [01;31m[K^[m[K
[22.416s] [01m[K/home/rgeng/Project/src/controller/base.cpp:13:5:[m[K [01;31m[Kerror: [m[Kâ€˜[01m[Kmsg[m[Kâ€™ was not declared in this scope
[22.416s]    13 |     [01;31m[Kmsg[m[K.set_cmd_propeller_speed(1000.0);
[22.416s]       |     [01;31m[K^~~[m[K
[22.416s] [01m[K/home/rgeng/Project/src/controller/base.cpp:21:23:[m[K [01;31m[Kerror: [m[Krequest for member â€˜[01m[KpublishMessage[m[Kâ€™ in â€˜[01m[K*((controller::Base*)this)->controller::Base::controlPublisher[m[Kâ€™, which is of non-class type â€˜[01m[Kint[m[Kâ€™
[22.416s]    21 |     controlPublisher->[01;31m[KpublishMessage[m[K(msg);
[22.416s]       |                       [01;31m[K^~~~~~~~~~~~~~[m[K
[22.491s] In file included from [01m[K/home/rgeng/Project/include/controller/PolePlacement.hpp:4[m[K,
[22.491s]                  from [01m[K/home/rgeng/Project/src/controller/PolePlacement.cpp:1[m[K:
[22.491s] [01m[K/home/rgeng/Project/include/controller/base.hpp:[m[K At global scope:
[22.491s] [01m[K/home/rgeng/Project/include/controller/base.hpp:18:46:[m[K [01;31m[Kerror: [m[Kâ€˜[01m[KCessna[m[Kâ€™ is not a member of â€˜[01m[Kignition::msgs[m[Kâ€™; did you mean â€˜[01m[Kgazebo::msgs::Cessna[m[Kâ€™?
[22.491s]    18 |     publishers::msgPublisher<ignition::msgs::[01;31m[KCessna[m[K>* controlPublisher;
[22.491s]       |                                              [01;31m[K^~~~~~[m[K
[22.491s] In file included from [01m[K/usr/include/gazebo-11/gazebo/msgs/MessageTypes.hh:16[m[K,
[22.491s]                  from [01m[K/usr/include/gazebo-11/gazebo/msgs/msgs.hh:35[m[K,
[22.491s]                  from [01m[K/usr/include/gazebo-11/gazebo/gazebo_core.hh:20[m[K,
[22.491s]                  from [01m[K/usr/include/gazebo-11/gazebo/gazebo.hh:20[m[K,
[22.492s]                  from [01m[K/home/rgeng/Project/include/subscribers/msgSubscriber.hpp:3[m[K,
[22.492s]                  from [01m[K/home/rgeng/Project/include/controller/base.hpp:4[m[K,
[22.492s]                  from [01m[K/home/rgeng/Project/include/controller/PolePlacement.hpp:4[m[K,
[22.492s]                  from [01m[K/home/rgeng/Project/src/controller/PolePlacement.cpp:1[m[K:
[22.492s] [01m[K/usr/include/gazebo-11/gazebo/msgs/cessna.pb.h:80:23:[m[K [01;36m[Knote: [m[Kâ€˜[01m[Kgazebo::msgs::Cessna[m[Kâ€™ declared here
[22.492s]    80 | class GZ_MSGS_VISIBLE [01;36m[KCessna[m[K PROTOBUF_FINAL :
[22.492s]       |                       [01;36m[K^~~~~~[m[K
[22.492s] In file included from [01m[K/home/rgeng/Project/include/controller/PolePlacement.hpp:4[m[K,
[22.492s]                  from [01m[K/home/rgeng/Project/src/controller/PolePlacement.cpp:1[m[K:
[22.492s] [01m[K/home/rgeng/Project/include/controller/base.hpp:18:52:[m[K [01;31m[Kerror: [m[Ktemplate argument 1 is invalid
[22.492s]    18 |     publishers::msgPublisher<ignition::msgs::Cessna[01;31m[K>[m[K* controlPublisher;
[22.492s]       |                                                    [01;31m[K^[m[K
[23.877s] gmake[2]: *** [src/controller/CMakeFiles/CONTROLLER_LIB.dir/build.make:104: src/controller/CMakeFiles/CONTROLLER_LIB.dir/PID.cpp.o] Error 1
[23.877s] gmake[2]: *** Waiting for unfinished jobs....
[23.902s] gmake[2]: *** [src/controller/CMakeFiles/CONTROLLER_LIB.dir/build.make:76: src/controller/CMakeFiles/CONTROLLER_LIB.dir/base.cpp.o] Error 1
[23.936s] gmake[2]: *** [src/controller/CMakeFiles/CONTROLLER_LIB.dir/build.make:90: src/controller/CMakeFiles/CONTROLLER_LIB.dir/LQR.cpp.o] Error 1
[23.972s] gmake[2]: *** [src/controller/CMakeFiles/CONTROLLER_LIB.dir/build.make:118: src/controller/CMakeFiles/CONTROLLER_LIB.dir/PolePlacement.cpp.o] Error 1
[23.972s] gmake[1]: *** [CMakeFiles/Makefile2:198: src/controller/CMakeFiles/CONTROLLER_LIB.dir/all] Error 2
[23.973s] gmake: *** [Makefile:91: all] Error 2
[23.975s] Invoked command in '/home/rgeng/Project/build/QuadcopterController' returned '2': /usr/bin/cmake --build /home/rgeng/Project/build/QuadcopterController -- -j12 -l12
