[ 71%] Built target CONTROLLER_LIB
[ 85%] [32mBuilding CXX object src/CMakeFiles/QuadcopterController.dir/main.cpp.o[0m
In file included from [01m[K/home/rgeng/Project/src/main.cpp:4[m[K:
[01m[K/home/rgeng/Project/include/publishers/msgPublisher.hpp:12:5:[m[K [01;31m[Kerror: [m[Kâ€˜[01m[KmsgPublishers[m[Kâ€™ does not name a type; did you mean â€˜[01m[KmsgPublisher[m[Kâ€™?
   12 |     [01;31m[KmsgPublishers[m[K<T>(const std::string& inTopic)
      |     [01;31m[K^~~~~~~~~~~~~[m[K
      |     [32m[KmsgPublisher[m[K
[01m[K/home/rgeng/Project/include/publishers/msgPublisher.hpp:16:5:[m[K [01;31m[Kerror: [m[Kâ€˜[01m[KpublishMessage[m[Kâ€™ does not name a type
   16 |     [01;31m[KpublishMessage[m[K<T>(const T& inMsg)
      |     [01;31m[K^~~~~~~~~~~~~~[m[K
[01m[K/home/rgeng/Project/include/publishers/msgPublisher.hpp:20:2:[m[K [01;31m[Kerror: [m[Kexpected â€˜[01m[K;[m[Kâ€™ after class definition
   20 | }
      |  [01;31m[K^[m[K
      |  [32m[K;[m[K
[01m[K/home/rgeng/Project/src/main.cpp:[m[K In function â€˜[01m[Kint main(int, char**)[m[Kâ€™:
[01m[K/home/rgeng/Project/src/main.cpp:10:80:[m[K [01;31m[Kerror: [m[Kno matching function for call to â€˜[01m[Kpublishers::msgPublisher<ignition::msgs::StringMsg>::msgPublisher(const char [9])[m[Kâ€™
   10 |   publishers::msgPublisher<ignition::msgs::StringMsg> basicPublisher("/MyTopic"[01;31m[K)[m[K;
      |                                                                                [01;31m[K^[m[K
In file included from [01m[K/home/rgeng/Project/src/main.cpp:4[m[K:
[01m[K/home/rgeng/Project/include/publishers/msgPublisher.hpp:7:7:[m[K [01;36m[Knote: [m[Kcandidate: â€˜[01m[Kpublishers::msgPublisher<ignition::msgs::StringMsg>::msgPublisher()[m[Kâ€™
    7 | class [01;36m[KmsgPublisher[m[K{
      |       [01;36m[K^~~~~~~~~~~~[m[K
[01m[K/home/rgeng/Project/include/publishers/msgPublisher.hpp:7:7:[m[K [01;36m[Knote: [m[K  candidate expects 0 arguments, 1 provided
[01m[K/home/rgeng/Project/src/main.cpp:12:20:[m[K [01;31m[Kerror: [m[Kâ€˜[01m[Kclass publishers::msgPublisher<ignition::msgs::StringMsg>[m[Kâ€™ has no member named â€˜[01m[KpublishMessage[m[Kâ€™
   12 |     basicPublisher.[01;31m[KpublishMessage[m[K<ignition::msgs::StringMsg>(msg);
      |                    [01;31m[K^~~~~~~~~~~~~~[m[K
[01m[K/home/rgeng/Project/src/main.cpp:12:60:[m[K [01;31m[Kerror: [m[Kexpected primary-expression before â€˜[01m[K>[m[Kâ€™ token
   12 |     basicPublisher.publishMessage<ignition::msgs::StringMsg[01;31m[K>[m[K(msg);
      |                                                            [01;31m[K^[m[K
gmake[2]: *** [src/CMakeFiles/QuadcopterController.dir/build.make:76: src/CMakeFiles/QuadcopterController.dir/main.cpp.o] Error 1
gmake[1]: *** [CMakeFiles/Makefile2:115: src/CMakeFiles/QuadcopterController.dir/all] Error 2
gmake: *** [Makefile:91: all] Error 2
