[0.112s] Invoking command in '/home/rgeng/Project/build/QuadcopterController': /usr/bin/cmake --build /home/rgeng/Project/build/QuadcopterController -- -j12 -l12
[0.706s] [ 55%] Built target CONTROLLER_LIB
[0.761s] [ 66%] [32mBuilding CXX object src/CMakeFiles/QuadcopterController_subscriber.dir/SubscriberTest.cpp.o[0m
[0.770s] [35m[1mConsolidate compiler generated dependencies of target QuadcopterController[0m
[0.785s] [ 88%] Built target QuadcopterController
[4.524s] In file included from [01m[K/home/rgeng/Project/src/SubscriberTest.cpp:5[m[K:
[4.524s] [01m[K/home/rgeng/Project/include/objects/imu.h:18:13:[m[K [01;31m[Kerror: [m[Kexpected initializer before â€˜[01m[Kquaternions_to_euler[m[Kâ€™
[4.524s]    18 | EulerAngles [01;31m[Kquaternions_to_euler[m[K(Quaternion q)
[4.524s]       |             [01;31m[K^~~~~~~~~~~~~~~~~~~~[m[K
[4.526s] [01m[K/home/rgeng/Project/include/objects/imu.h:51:1:[m[K [01;31m[Kerror: [m[Kâ€˜[01m[KQuaternions[m[Kâ€™ does not name a type; did you mean â€˜[01m[KQuaternion[m[Kâ€™?
[4.526s]    51 | [01;31m[KQuaternions[m[K euler_to_quaternions(const EulerAngles& angles)
[4.526s]       | [01;31m[K^~~~~~~~~~~[m[K
[4.526s]       | [32m[KQuaternion[m[K
[4.526s] [01m[K/home/rgeng/Project/include/objects/imu.h:85:2:[m[K [01;31m[Kerror: [m[Kexpected â€˜[01m[K;[m[Kâ€™ after struct definition
[4.526s]    85 | }
[4.526s]       |  [01;31m[K^[m[K
[4.526s]       |  [32m[K;[m[K
[4.527s] [01m[K/home/rgeng/Project/src/SubscriberTest.cpp:[m[K In function â€˜[01m[Kint main(int, char**)[m[Kâ€™:
[4.527s] [01m[K/home/rgeng/Project/src/SubscriberTest.cpp:14:47:[m[K [01;31m[Kerror: [m[Kâ€˜[01m[Kclass ignition::msgs::IMU[m[Kâ€™ has no member named â€˜[01m[Kdata[m[Kâ€™
[4.527s]    14 |     std::cout << "Received message: " << data.[01;31m[Kdata[m[K() << std::endl;
[4.527s]       |                                               [01;31m[K^~~~[m[K
[5.402s] gmake[2]: *** [src/CMakeFiles/QuadcopterController_subscriber.dir/build.make:76: src/CMakeFiles/QuadcopterController_subscriber.dir/SubscriberTest.cpp.o] Error 1
[5.402s] gmake[1]: *** [CMakeFiles/Makefile2:143: src/CMakeFiles/QuadcopterController_subscriber.dir/all] Error 2
[5.402s] gmake: *** [Makefile:91: all] Error 2
[5.413s] Invoked command in '/home/rgeng/Project/build/QuadcopterController' returned '2': /usr/bin/cmake --build /home/rgeng/Project/build/QuadcopterController -- -j12 -l12
