[0.029s] Invoking command in '/home/rgeng/Project/build/QuadcopterController': /usr/bin/cmake --build /home/rgeng/Project/build/QuadcopterController -- -j12 -l12
[0.055s] [ 55%] Built target CONTROLLER_LIB
[0.063s] [35m[1mConsolidate compiler generated dependencies of target QuadcopterController[0m
[0.071s] [ 77%] Built target QuadcopterController_subscriber
[0.081s] [ 88%] [32mBuilding CXX object src/CMakeFiles/QuadcopterController.dir/main.cpp.o[0m
[2.308s] [01m[K/home/rgeng/Project/src/main.cpp:[m[K In function â€˜[01m[Kint main(int, char**)[m[Kâ€™:
[2.308s] [01m[K/home/rgeng/Project/src/main.cpp:46:26:[m[K [01;31m[Kerror: [m[Kâ€˜[01m[Kclass publishers::msgPublisher<ignition::msgs::IMU>[m[Kâ€™ has no member named â€˜[01m[KPublish[m[Kâ€™
[2.308s]    46 |     if (!basicPublisher->[01;31m[KPublish[m[K(imu_msg)) {
[2.308s]       |                          [01;31m[K^~~~~~~[m[K
[3.099s] gmake[2]: *** [src/CMakeFiles/QuadcopterController.dir/build.make:76: src/CMakeFiles/QuadcopterController.dir/main.cpp.o] Error 1
[3.099s] gmake[1]: *** [CMakeFiles/Makefile2:117: src/CMakeFiles/QuadcopterController.dir/all] Error 2
[3.100s] gmake: *** [Makefile:91: all] Error 2
[3.102s] Invoked command in '/home/rgeng/Project/build/QuadcopterController' returned '2': /usr/bin/cmake --build /home/rgeng/Project/build/QuadcopterController -- -j12 -l12
