[0.025s] Invoking command in '/home/rgeng/Project/build/QuadcopterController': /usr/bin/cmake --build /home/rgeng/Project/build/QuadcopterController -- -j12 -l12
[0.061s] [ 38%] Built target CONTROLLER_LIB
[0.067s] [35m[1mConsolidate compiler generated dependencies of target MOTOR_CONTROLLER_LIB[0m
[0.073s] [ 46%] [32mBuilding CXX object src/database/CMakeFiles/DATABASE_LIB.dir/database.cpp.o[0m
[0.073s] [ 53%] [32mBuilding CXX object src/MotorDriver/CMakeFiles/MOTOR_CONTROLLER_LIB.dir/MotorSpeedController.cpp.o[0m
[0.569s] [ 61%] [32m[1mLinking CXX static library libMOTOR_CONTROLLER_LIB.a[0m
[0.716s] [ 61%] Built target MOTOR_CONTROLLER_LIB
[1.764s] In file included from [01m[K/home/rgeng/Project/src/database/database.cpp:1[m[K:
[1.764s] [01m[K/home/rgeng/Project/include/database/database.hpp:8:18:[m[K [01;31m[Kerror: [m[Kâ€˜[01m[KMSG_TOPICS[m[Kâ€™ was not declared in this scope
[1.764s]     8 |         std::map<[01;31m[KMSG_TOPICS[m[K, subscribers::msgSubscriber*> subscribers;
[1.764s]       |                  [01;31m[K^~~~~~~~~~[m[K
[1.767s] [01m[K/home/rgeng/Project/include/database/database.hpp:8:30:[m[K [01;31m[Kerror: [m[Kâ€˜[01m[Ksubscribers[m[Kâ€™ was not declared in this scope
[1.767s]     8 |         std::map<MSG_TOPICS, [01;31m[Ksubscribers[m[K::msgSubscriber*> subscribers;
[1.767s]       |                              [01;31m[K^~~~~~~~~~~[m[K
[1.774s] [01m[K/home/rgeng/Project/include/database/database.hpp:8:57:[m[K [01;31m[Kerror: [m[Ktemplate argument 1 is invalid
[1.774s]     8 |         std::map<MSG_TOPICS, subscribers::msgSubscriber*[01;31m[K>[m[K subscribers;
[1.774s]       |                                                         [01;31m[K^[m[K
[1.774s] [01m[K/home/rgeng/Project/include/database/database.hpp:8:57:[m[K [01;31m[Kerror: [m[Ktemplate argument 2 is invalid
[1.774s] [01m[K/home/rgeng/Project/include/database/database.hpp:8:57:[m[K [01;31m[Kerror: [m[Ktemplate argument 3 is invalid
[1.774s] [01m[K/home/rgeng/Project/include/database/database.hpp:8:57:[m[K [01;31m[Kerror: [m[Ktemplate argument 4 is invalid
[1.774s] [01m[K/home/rgeng/Project/include/database/database.hpp:17:6:[m[K [01;31m[Kerror: [m[Kexpected â€˜[01m[K;[m[Kâ€™ after class definition
[1.774s]    17 |     }
[1.774s]       |      [01;31m[K^[m[K
[1.774s]       |      [32m[K;[m[K
[3.253s] [01m[K/home/rgeng/Project/src/database/database.cpp:[m[K In constructor â€˜[01m[Kdatabase::database::database()[m[Kâ€™:
[3.253s] [01m[K/home/rgeng/Project/src/database/database.cpp:7:21:[m[K [01;31m[Kerror: [m[Krequest for member â€˜[01m[Kinsert_or_assign[m[Kâ€™ in â€˜[01m[K((database::database*)this)->database::database::subscribers[m[Kâ€™, which is of non-class type â€˜[01m[Kint[m[Kâ€™
[3.253s]     7 |         subscribers.[01;31m[Kinsert_or_assign[m[K(std::pair(MSGS::IMU, new subscriber::msgSubscriber<ignition::msgs::IMU>*("/MyTopic")));
[3.253s]       |                     [01;31m[K^~~~~~~~~~~~~~~~[m[K
[3.258s] [01m[K/home/rgeng/Project/src/database/database.cpp:7:48:[m[K [01;31m[Kerror: [m[Kâ€˜[01m[KMSGS[m[Kâ€™ was not declared in this scope; did you mean â€˜[01m[KMSG_SYN[m[Kâ€™?
[3.258s]     7 |         subscribers.insert_or_assign(std::pair([01;31m[KMSGS[m[K::IMU, new subscriber::msgSubscriber<ignition::msgs::IMU>*("/MyTopic")));
[3.258s]       |                                                [01;31m[K^~~~[m[K
[3.258s]       |                                                [32m[KMSG_SYN[m[K
[3.258s] [01m[K/home/rgeng/Project/src/database/database.cpp:7:111:[m[K [01;31m[Kerror: [m[Kcannot convert â€˜[01m[Kconst char*[m[Kâ€™ to â€˜[01m[Ksubscriber::msgSubscriber<ignition::msgs::IMU>*[m[Kâ€™ in initialization
[3.258s]     7 |         subscribers.insert_or_assign(std::pair(MSGS::IMU, new subscriber::msgSubscriber<ignition::msgs::IMU>*([01;31m[K"/MyTopic"[m[K)));
[3.258s]       |                                                                                                               [01;31m[K^~~~~~~~~~[m[K
[3.258s]       |                                                                                                               [01;31m[K|[m[K
[3.259s]       |                                                                                                               [01;31m[Kconst char*[m[K
[3.259s] [01m[K/home/rgeng/Project/src/database/database.cpp:[m[K In member function â€˜[01m[Kobjects::imu database::database::getIMUData()[m[Kâ€™:
[3.259s] [01m[K/home/rgeng/Project/src/database/database.cpp:11:50:[m[K [01;31m[Kerror: [m[Krequest for member â€˜[01m[Kat[m[Kâ€™ in â€˜[01m[K((database::database*)this)->database::database::subscribers[m[Kâ€™, which is of non-class type â€˜[01m[Kint[m[Kâ€™
[3.259s]    11 |         ignition::msgs::IMU imuMsg = subscribers.[01;31m[Kat[m[K(MSGS::IMU)->getMessageData();
[3.259s]       |                                                  [01;31m[K^~[m[K
[3.259s] [01m[K/home/rgeng/Project/src/database/database.cpp:11:53:[m[K [01;31m[Kerror: [m[Kâ€˜[01m[KMSGS[m[Kâ€™ has not been declared
[3.259s]    11 |         ignition::msgs::IMU imuMsg = subscribers.at([01;31m[KMSGS[m[K::IMU)->getMessageData();
[3.259s]       |                                                     [01;31m[K^~~~[m[K
[3.875s] gmake[2]: *** [src/database/CMakeFiles/DATABASE_LIB.dir/build.make:76: src/database/CMakeFiles/DATABASE_LIB.dir/database.cpp.o] Error 1
[3.875s] gmake[1]: *** [CMakeFiles/Makefile2:235: src/database/CMakeFiles/DATABASE_LIB.dir/all] Error 2
[3.875s] gmake: *** [Makefile:91: all] Error 2
[3.877s] Invoked command in '/home/rgeng/Project/build/QuadcopterController' returned '2': /usr/bin/cmake --build /home/rgeng/Project/build/QuadcopterController -- -j12 -l12
