[ 71%] Built target CONTROLLER_LIB
[35m[1mConsolidate compiler generated dependencies of target QuadcopterController[0m
[ 85%] [32mBuilding CXX object src/CMakeFiles/QuadcopterController.dir/main.cpp.o[0m
In file included from [01m[K/home/rgeng/Project/src/main.cpp:4[m[K:
[01m[K/home/rgeng/Project/include/publishers/msgPublisher.hpp:[m[K In member function â€˜[01m[Kvoid publishers::msgPublisher<T>::publishMessage(const T&)[m[Kâ€™:
[01m[K/home/rgeng/Project/include/publishers/msgPublisher.hpp:18:14:[m[K [01;31m[Kerror: [m[Kâ€˜[01m[Kclass ignition::transport::v8::Publisher[m[Kâ€™ has no member named â€˜[01m[KPublish[m[Kâ€™; did you mean â€˜[01m[KPublisher[m[Kâ€™?
   18 |         mPub.[01;31m[KPublish[m[K(inMsg);
      |              [01;31m[K^~~~~~~[m[K
      |              [32m[KPublisher[m[K
[01m[K/home/rgeng/Project/src/main.cpp:[m[K In function â€˜[01m[Kint main(int, char**)[m[Kâ€™:
[01m[K/home/rgeng/Project/src/main.cpp:12:60:[m[K [01;31m[Kerror: [m[Kexpected primary-expression before â€˜[01m[K>[m[Kâ€™ token
   12 |     basicPublisher.publishMessage<ignition::msgs::StringMsg[01;31m[K>[m[K(msg);
      |                                                            [01;31m[K^[m[K
In file included from [01m[K/home/rgeng/Project/src/main.cpp:4[m[K:
/home/rgeng/Project/include/publishers/msgPublisher.hpp: In instantiation of â€˜[01m[Kpublishers::msgPublisher<T>::msgPublisher(const string&) [with T = ignition::msgs::StringMsg; std::string = std::__cxx11::basic_string<char>][m[Kâ€™:
[01m[K/home/rgeng/Project/src/main.cpp:10:80:[m[K   required from here
[01m[K/home/rgeng/Project/include/publishers/msgPublisher.hpp:14:14:[m[K [01;31m[Kerror: [m[Kno match for â€˜[01m[Koperator=[m[Kâ€™ (operand types are â€˜[01m[Kignition::transport::v8::Publisher[m[Kâ€™ and â€˜[01m[Kignition::transport::v8::Node::Publisher[m[Kâ€™)
   14 |         [01;31m[KmPub = mNode.Advertise<T>(inTopic)[m[K;
      |         [01;31m[K~~~~~^~~~~~~~~~~~~~~~~~~~~~~~~~~~~[m[K
In file included from [01m[K/usr/include/ignition/transport8/ignition/transport/Discovery.hh:77[m[K,
                 from [01m[K/usr/include/ignition/transport8/ignition/transport.hh:26[m[K,
                 from [01m[K/home/rgeng/Project/include/publishers/msgPublisher.hpp:1[m[K,
                 from [01m[K/home/rgeng/Project/src/main.cpp:4[m[K:
[01m[K/usr/include/ignition/transport8/ignition/transport/Publisher.hh:158:26:[m[K [01;36m[Knote: [m[Kcandidate: â€˜[01m[Kignition::transport::v8::Publisher& ignition::transport::v8::Publisher::operator=(const ignition::transport::v8::Publisher&)[m[Kâ€™
  158 |       public: Publisher &[01;36m[Koperator[m[K=(const Publisher &_other);
      |                          [01;36m[K^~~~~~~~[m[K
[01m[K/usr/include/ignition/transport8/ignition/transport/Publisher.hh:158:53:[m[K [01;36m[Knote: [m[K  no known conversion for argument 1 from â€˜[01m[Kignition::transport::v8::Node::Publisher[m[Kâ€™ to â€˜[01m[Kconst ignition::transport::v8::Publisher&[m[Kâ€™
  158 |       public: Publisher &operator=([01;36m[Kconst Publisher &_other[m[K);
      |                                    [01;36m[K~~~~~~~~~~~~~~~~~^~~~~~[m[K
gmake[2]: *** [src/CMakeFiles/QuadcopterController.dir/build.make:76: src/CMakeFiles/QuadcopterController.dir/main.cpp.o] Error 1
gmake[1]: *** [CMakeFiles/Makefile2:115: src/CMakeFiles/QuadcopterController.dir/all] Error 2
gmake: *** [Makefile:91: all] Error 2
