[0.093s] Invoking command in '/home/rgeng/Project/build/QuadcopterController': /usr/bin/cmake --build /home/rgeng/Project/build/QuadcopterController -- -j12 -l12
[0.689s] -- Looking for ignition-msgs5 -- found version 5.8.1
[0.754s] -- Searching for dependencies of ignition-msgs5
[2.221s] -- Looking for ignition-math6 -- found version 6.15.1
[2.221s] -- Searching for dependencies of ignition-math6
[2.425s] -- Checking for module 'tinyxml2'
[2.503s] --   Found tinyxml2, version 9.0.0
[2.707s] -- Looking for ignition-transport8 -- found version 8.2.1
[2.708s] -- Searching for dependencies of ignition-transport8
[3.857s] -- Config-file not installed for ZeroMQ -- checking for pkg-config
[3.862s] -- Checking for module 'libzmq >= 4'
[4.324s] --   Found libzmq , version 4.3.4
[4.408s] -- Checking for module 'uuid'
[4.444s] --   Found uuid, version 2.37.2
[4.481s] -- Looking for ignition-msgs5 -- found version 5.8.1
[4.495s] -- Configuring done
[4.601s] -- Generating done
[4.605s] -- Build files have been written to: /home/rgeng/Project/build/QuadcopterController
[4.710s] [35m[1mConsolidate compiler generated dependencies of target CONTROLLER_LIB[0m
[4.726s] [ 55%] Built target CONTROLLER_LIB
[4.738s] [35m[1mConsolidate compiler generated dependencies of target QuadcopterController[0m
[4.741s] [ 66%] [32mBuilding CXX object src/CMakeFiles/QuadcopterController_subscriber.dir/SubscriberTest.cpp.o[0m
[4.756s] [ 88%] Built target QuadcopterController
[5.052s] [100%] [32m[1mLinking CXX executable QuadcopterController_subscriber[0m
[5.393s] /usr/bin/ld: /usr/lib/gcc/x86_64-linux-gnu/11/../../../x86_64-linux-gnu/Scrt1.o: in function `_start':
[5.393s] (.text+0x1b): undefined reference to `main'
[5.394s] collect2: error: ld returned 1 exit status
[5.395s] gmake[2]: *** [src/CMakeFiles/QuadcopterController_subscriber.dir/build.make:104: src/QuadcopterController_subscriber] Error 1
[5.395s] gmake[1]: *** [CMakeFiles/Makefile2:143: src/CMakeFiles/QuadcopterController_subscriber.dir/all] Error 2
[5.395s] gmake: *** [Makefile:91: all] Error 2
[5.414s] Invoked command in '/home/rgeng/Project/build/QuadcopterController' returned '2': /usr/bin/cmake --build /home/rgeng/Project/build/QuadcopterController -- -j12 -l12
