[0.290s] Invoking command in '/home/rgeng/Project/build/QuadcopterController': /usr/bin/cmake --build /home/rgeng/Project/build/QuadcopterController -- -j12 -l12
[2.003s] [ 71%] Built target CONTROLLER_LIB
[2.062s] [35m[1mConsolidate compiler generated dependencies of target QuadcopterController[0m
[2.085s] [ 85%] [32mBuilding CXX object src/CMakeFiles/QuadcopterController.dir/main.cpp.o[0m
[6.933s] In file included from [01m[K/home/rgeng/Project/src/main.cpp:4[m[K:
[6.933s] [01m[K/home/rgeng/Project/include/publishers/msgPublisher.hpp:16:5:[m[K [01;31m[Kerror: [m[Kâ€˜[01m[KpublishMessage[m[Kâ€™ does not name a type
[6.933s]    16 |     [01;31m[KpublishMessage[m[K<T>(const T& inMsg)
[6.934s]       |     [01;31m[K^~~~~~~~~~~~~~[m[K
[6.934s] [01m[K/home/rgeng/Project/src/main.cpp:[m[K In function â€˜[01m[Kint main(int, char**)[m[Kâ€™:
[6.934s] [01m[K/home/rgeng/Project/src/main.cpp:12:20:[m[K [01;31m[Kerror: [m[Kâ€˜[01m[Kclass publishers::msgPublisher<ignition::msgs::StringMsg>[m[Kâ€™ has no member named â€˜[01m[KpublishMessage[m[Kâ€™
[6.934s]    12 |     basicPublisher.[01;31m[KpublishMessage[m[K<ignition::msgs::StringMsg>(msg);
[6.934s]       |                    [01;31m[K^~~~~~~~~~~~~~[m[K
[6.934s] [01m[K/home/rgeng/Project/src/main.cpp:12:60:[m[K [01;31m[Kerror: [m[Kexpected primary-expression before â€˜[01m[K>[m[Kâ€™ token
[6.934s]    12 |     basicPublisher.publishMessage<ignition::msgs::StringMsg[01;31m[K>[m[K(msg);
[6.934s]       |                                                            [01;31m[K^[m[K
[7.092s] In file included from [01m[K/home/rgeng/Project/src/main.cpp:4[m[K:
[7.092s] /home/rgeng/Project/include/publishers/msgPublisher.hpp: In instantiation of â€˜[01m[Kpublishers::msgPublisher<T>::msgPublisher(const string&) [with T = ignition::msgs::StringMsg; std::string = std::__cxx11::basic_string<char>][m[Kâ€™:
[7.092s] [01m[K/home/rgeng/Project/src/main.cpp:10:80:[m[K   required from here
[7.092s] [01m[K/home/rgeng/Project/include/publishers/msgPublisher.hpp:14:14:[m[K [01;31m[Kerror: [m[Kno match for â€˜[01m[Koperator=[m[Kâ€™ (operand types are â€˜[01m[Kignition::transport::v8::Publisher[m[Kâ€™ and â€˜[01m[Kignition::transport::v8::Node::Publisher[m[Kâ€™)
[7.092s]    14 |         [01;31m[KmPub = mNode.Advertise<T>(inTopic)[m[K;
[7.092s]       |         [01;31m[K~~~~~^~~~~~~~~~~~~~~~~~~~~~~~~~~~~[m[K
[7.092s] In file included from [01m[K/usr/include/ignition/transport8/ignition/transport/Discovery.hh:77[m[K,
[7.092s]                  from [01m[K/usr/include/ignition/transport8/ignition/transport.hh:26[m[K,
[7.092s]                  from [01m[K/home/rgeng/Project/include/publishers/msgPublisher.hpp:1[m[K,
[7.092s]                  from [01m[K/home/rgeng/Project/src/main.cpp:4[m[K:
[7.092s] [01m[K/usr/include/ignition/transport8/ignition/transport/Publisher.hh:158:26:[m[K [01;36m[Knote: [m[Kcandidate: â€˜[01m[Kignition::transport::v8::Publisher& ignition::transport::v8::Publisher::operator=(const ignition::transport::v8::Publisher&)[m[Kâ€™
[7.092s]   158 |       public: Publisher &[01;36m[Koperator[m[K=(const Publisher &_other);
[7.092s]       |                          [01;36m[K^~~~~~~~[m[K
[7.092s] [01m[K/usr/include/ignition/transport8/ignition/transport/Publisher.hh:158:53:[m[K [01;36m[Knote: [m[K  no known conversion for argument 1 from â€˜[01m[Kignition::transport::v8::Node::Publisher[m[Kâ€™ to â€˜[01m[Kconst ignition::transport::v8::Publisher&[m[Kâ€™
[7.092s]   158 |       public: Publisher &operator=([01;36m[Kconst Publisher &_other[m[K);
[7.092s]       |                                    [01;36m[K~~~~~~~~~~~~~~~~~^~~~~~[m[K
[7.948s] gmake[2]: *** [src/CMakeFiles/QuadcopterController.dir/build.make:76: src/CMakeFiles/QuadcopterController.dir/main.cpp.o] Error 1
[7.949s] gmake[1]: *** [CMakeFiles/Makefile2:115: src/CMakeFiles/QuadcopterController.dir/all] Error 2
[7.949s] gmake: *** [Makefile:91: all] Error 2
[7.976s] Invoked command in '/home/rgeng/Project/build/QuadcopterController' returned '2': /usr/bin/cmake --build /home/rgeng/Project/build/QuadcopterController -- -j12 -l12
