[0.087s] Invoking command in '/home/rgeng/Project/build/QuadcopterController': /usr/bin/cmake --build /home/rgeng/Project/build/QuadcopterController -- -j12 -l12
[0.746s] [ 38%] Built target CONTROLLER_LIB
[0.801s] [ 53%] Built target MOTOR_CONTROLLER_LIB
[0.825s] [35m[1mConsolidate compiler generated dependencies of target DATABASE_LIB[0m
[0.837s] [ 61%] [32mBuilding CXX object src/database/CMakeFiles/DATABASE_LIB.dir/database.cpp.o[0m
[5.341s] [ 69%] [32m[1mLinking CXX static library libDATABASE_LIB.a[0m
[5.431s] [ 69%] Built target DATABASE_LIB
[5.501s] [35m[1mConsolidate compiler generated dependencies of target QuadcopterController_subscriber[0m
[5.515s] [ 76%] [32m[1mLinking CXX executable QuadcopterController_subscriber[0m
[5.536s] [35m[1mConsolidate compiler generated dependencies of target QuadcopterController[0m
[5.550s] [ 84%] [32m[1mLinking CXX executable QuadcopterController[0m
[5.744s] /usr/bin/ld: database/libDATABASE_LIB.a(database.cpp.o): in function `objects::quaternions_to_euler(objects::Quaternion)':
[5.745s] database.cpp:(.text+0x0): multiple definition of `objects::quaternions_to_euler(objects::Quaternion)'; CMakeFiles/QuadcopterController_subscriber.dir/SubscriberTest.cpp.o:SubscriberTest.cpp:(.text+0x0): first defined here
[5.745s] /usr/bin/ld: database/libDATABASE_LIB.a(database.cpp.o): in function `objects::euler_to_quaternions(objects::EulerAngles const&)':
[5.745s] database.cpp:(.text+0x236): multiple definition of `objects::euler_to_quaternions(objects::EulerAngles const&)'; CMakeFiles/QuadcopterController_subscriber.dir/SubscriberTest.cpp.o:SubscriberTest.cpp:(.text+0x236): first defined here
[6.032s] [ 92%] Built target QuadcopterController
[6.038s] collect2: error: ld returned 1 exit status
[6.039s] gmake[2]: *** [src/CMakeFiles/QuadcopterController_subscriber.dir/build.make:107: src/QuadcopterController_subscriber] Error 1
[6.039s] gmake[1]: *** [CMakeFiles/Makefile2:183: src/CMakeFiles/QuadcopterController_subscriber.dir/all] Error 2
[6.039s] gmake: *** [Makefile:91: all] Error 2
[6.057s] Invoked command in '/home/rgeng/Project/build/QuadcopterController' returned '2': /usr/bin/cmake --build /home/rgeng/Project/build/QuadcopterController -- -j12 -l12
