[0.026s] Invoking command in '/home/rgeng/Project/build/QuadcopterController': /usr/bin/cmake --build /home/rgeng/Project/build/QuadcopterController -- -j12 -l12
[0.039s] [  7%] [32mBuilding CXX object src/MotorDriver/CMakeFiles/MOTOR_CONTROLLER_LIB.dir/MotorSpeedController.cpp.o[0m
[0.042s] [ 15%] [32mBuilding CXX object src/controller/CMakeFiles/CONTROLLER_LIB.dir/base.cpp.o[0m
[0.042s] [ 23%] [32mBuilding CXX object src/controller/CMakeFiles/CONTROLLER_LIB.dir/LQR.cpp.o[0m
[0.043s] [ 30%] [32mBuilding CXX object src/controller/CMakeFiles/CONTROLLER_LIB.dir/PolePlacement.cpp.o[0m
[0.044s] [ 38%] [32mBuilding CXX object src/controller/CMakeFiles/CONTROLLER_LIB.dir/PID.cpp.o[0m
[0.045s] In file included from [01m[K/home/rgeng/Project/src/MotorDriver/MotorSpeedController.cpp:1[m[K:
[0.045s] [01m[K/home/rgeng/Project/include/MotorDriver/MotorSpeedController.hpp:1:10:[m[K [01;31m[Kfatal error: [m[Kvector.h: No such file or directory
[0.045s]     1 | #include [01;31m[K<vector.h>[m[K
[0.045s]       |          [01;31m[K^~~~~~~~~~[m[K
[0.045s] compilation terminated.
[0.046s] gmake[2]: *** [src/MotorDriver/CMakeFiles/MOTOR_CONTROLLER_LIB.dir/build.make:76: src/MotorDriver/CMakeFiles/MOTOR_CONTROLLER_LIB.dir/MotorSpeedController.cpp.o] Error 1
[0.047s] gmake[1]: *** [CMakeFiles/Makefile2:257: src/MotorDriver/CMakeFiles/MOTOR_CONTROLLER_LIB.dir/all] Error 2
[0.047s] gmake[1]: *** Waiting for unfinished jobs....
[0.134s] In file included from [01m[K/home/rgeng/Project/include/controller/base.hpp:2[m[K,
[0.134s]                  from [01m[K/home/rgeng/Project/include/controller/PolePlacement.hpp:2[m[K,
[0.134s]                  from [01m[K/home/rgeng/Project/src/controller/PolePlacement.cpp:1[m[K:
[0.134s] [01m[K/home/rgeng/Project/include/subscribers/msgSubscriber.hpp:1:10:[m[K [01;31m[Kfatal error: [m[Kignition/transport.hh: No such file or directory
[0.134s]     1 | #include [01;31m[K<ignition/transport.hh>[m[K
[0.134s]       |          [01;31m[K^~~~~~~~~~~~~~~~~~~~~~~[m[K
[0.134s] compilation terminated.
[0.134s] In file included from [01m[K/home/rgeng/Project/include/controller/base.hpp:2[m[K,
[0.135s]                  from [01m[K/home/rgeng/Project/include/controller/LQR.hpp:2[m[K,
[0.135s]                  from [01m[K/home/rgeng/Project/src/controller/LQR.cpp:1[m[K:
[0.135s] [01m[K/home/rgeng/Project/include/subscribers/msgSubscriber.hpp:1:10:[m[K [01;31m[Kfatal error: [m[Kignition/transport.hh: No such file or directory
[0.135s]     1 | #include [01;31m[K<ignition/transport.hh>[m[K
[0.135s]       |          [01;31m[K^~~~~~~~~~~~~~~~~~~~~~~[m[K
[0.135s] compilation terminated.
[0.135s] In file included from [01m[K/home/rgeng/Project/include/controller/base.hpp:2[m[K,
[0.135s]                  from [01m[K/home/rgeng/Project/src/controller/base.cpp:1[m[K:
[0.135s] [01m[K/home/rgeng/Project/include/subscribers/msgSubscriber.hpp:1:10:[m[K [01;31m[Kfatal error: [m[Kignition/transport.hh: No such file or directory
[0.135s]     1 | #include [01;31m[K<ignition/transport.hh>[m[K
[0.135s]       |          [01;31m[K^~~~~~~~~~~~~~~~~~~~~~~[m[K
[0.135s] compilation terminated.
[0.137s] gmake[2]: *** [src/controller/CMakeFiles/CONTROLLER_LIB.dir/build.make:90: src/controller/CMakeFiles/CONTROLLER_LIB.dir/LQR.cpp.o] Error 1
[0.137s] gmake[2]: *** Waiting for unfinished jobs....
[0.137s] gmake[2]: *** [src/controller/CMakeFiles/CONTROLLER_LIB.dir/build.make:118: src/controller/CMakeFiles/CONTROLLER_LIB.dir/PolePlacement.cpp.o] Error 1
[0.139s] In file included from [01m[K/home/rgeng/Project/include/controller/base.hpp:2[m[K,
[0.139s]                  from [01m[K/home/rgeng/Project/include/controller/PID.hpp:2[m[K,
[0.139s]                  from [01m[K/home/rgeng/Project/src/controller/PID.cpp:1[m[K:
[0.139s] [01m[K/home/rgeng/Project/include/subscribers/msgSubscriber.hpp:1:10:[m[K [01;31m[Kfatal error: [m[Kignition/transport.hh: No such file or directory
[0.139s]     1 | #include [01;31m[K<ignition/transport.hh>[m[K
[0.139s]       |          [01;31m[K^~~~~~~~~~~~~~~~~~~~~~~[m[K
[0.139s] compilation terminated.
[0.141s] gmake[2]: *** [src/controller/CMakeFiles/CONTROLLER_LIB.dir/build.make:76: src/controller/CMakeFiles/CONTROLLER_LIB.dir/base.cpp.o] Error 1
[0.141s] gmake[2]: *** [src/controller/CMakeFiles/CONTROLLER_LIB.dir/build.make:104: src/controller/CMakeFiles/CONTROLLER_LIB.dir/PID.cpp.o] Error 1
[0.141s] gmake[1]: *** [CMakeFiles/Makefile2:205: src/controller/CMakeFiles/CONTROLLER_LIB.dir/all] Error 2
[0.141s] gmake: *** [Makefile:91: all] Error 2
[0.143s] Invoked command in '/home/rgeng/Project/build/QuadcopterController' returned '2': /usr/bin/cmake --build /home/rgeng/Project/build/QuadcopterController -- -j12 -l12
