[0.114s] Invoking command in '/home/rgeng/Project/build/QuadcopterController': /usr/bin/cmake --build /home/rgeng/Project/build/QuadcopterController -- -j12 -l12
[1.150s] [35m[1mConsolidate compiler generated dependencies of target CONTROLLER_LIB[0m
[1.272s] [  7%] [32mBuilding CXX object src/controller/CMakeFiles/CONTROLLER_LIB.dir/base.cpp.o[0m
[6.296s] [01m[K/home/rgeng/Project/src/controller/base.cpp:[m[K In constructor â€˜[01m[Kcontroller::Base::Base(controller::CONTROL_METHOD_ENUM)[m[Kâ€™:
[6.296s] [01m[K/home/rgeng/Project/src/controller/base.cpp:8:5:[m[K [01;31m[Kerror: [m[Kâ€˜[01m[Ksubscribers[m[Kâ€™ was not declared in this scope; did you mean â€˜[01m[Ksubscriber[m[Kâ€™?
[6.296s]     8 |     [01;31m[Ksubscribers[m[K.insert_or_assign(std::pair(MSGS::IMU, new subscriber::msgSubscriber<ignition::msgs::IMU>*("/MyTopic")));
[6.296s]       |     [01;31m[K^~~~~~~~~~~[m[K
[6.296s]       |     [32m[Ksubscriber[m[K
[6.300s] [01m[K/home/rgeng/Project/src/controller/base.cpp:8:44:[m[K [01;31m[Kerror: [m[Kâ€˜[01m[KMSGS[m[Kâ€™ was not declared in this scope; did you mean â€˜[01m[KMSG_SYN[m[Kâ€™?
[6.300s]     8 |     subscribers.insert_or_assign(std::pair([01;31m[KMSGS[m[K::IMU, new subscriber::msgSubscriber<ignition::msgs::IMU>*("/MyTopic")));
[6.300s]       |                                            [01;31m[K^~~~[m[K
[6.300s]       |                                            [32m[KMSG_SYN[m[K
[6.300s] [01m[K/home/rgeng/Project/src/controller/base.cpp:8:107:[m[K [01;31m[Kerror: [m[Kcannot convert â€˜[01m[Kconst char*[m[Kâ€™ to â€˜[01m[Ksubscriber::msgSubscriber<ignition::msgs::IMU>*[m[Kâ€™ in initialization
[6.300s]     8 |     subscribers.insert_or_assign(std::pair(MSGS::IMU, new subscriber::msgSubscriber<ignition::msgs::IMU>*([01;31m[K"/MyTopic"[m[K)));
[6.300s]       |                                                                                                           [01;31m[K^~~~~~~~~~[m[K
[6.300s]       |                                                                                                           [01;31m[K|[m[K
[6.300s]       |                                                                                                           [01;31m[Kconst char*[m[K
[7.126s] gmake[2]: *** [src/controller/CMakeFiles/CONTROLLER_LIB.dir/build.make:76: src/controller/CMakeFiles/CONTROLLER_LIB.dir/base.cpp.o] Error 1
[7.126s] gmake[1]: *** [CMakeFiles/Makefile2:209: src/controller/CMakeFiles/CONTROLLER_LIB.dir/all] Error 2
[7.126s] gmake: *** [Makefile:91: all] Error 2
[7.137s] Invoked command in '/home/rgeng/Project/build/QuadcopterController' returned '2': /usr/bin/cmake --build /home/rgeng/Project/build/QuadcopterController -- -j12 -l12
