[ 15%] Built target OBJECTS
[35m[1mConsolidate compiler generated dependencies of target CONTROLLER_LIB[0m
[ 23%] [32mBuilding CXX object src/controller/CMakeFiles/CONTROLLER_LIB.dir/base.cpp.o[0m
[01m[K/home/rgeng/Project/src/controller/base.cpp:[m[K In member function â€˜[01m[Kvoid controller::Base::commandVehicle()[m[Kâ€™:
[01m[K/home/rgeng/Project/src/controller/base.cpp:14:9:[m[K [01;31m[Kerror: [m[Kâ€˜[01m[Kclass gazebo::msgs::Cessna[m[Kâ€™ has no member named â€˜[01m[Kset_propeller_rpm[m[Kâ€™; did you mean â€˜[01m[Kset_propeller_speed[m[Kâ€™?
   14 |     msg.[01;31m[Kset_propeller_rpm[m[K(1000.0);
      |         [01;31m[K^~~~~~~~~~~~~~~~~[m[K
      |         [32m[Kset_propeller_speed[m[K
gmake[2]: *** [src/controller/CMakeFiles/CONTROLLER_LIB.dir/build.make:76: src/controller/CMakeFiles/CONTROLLER_LIB.dir/base.cpp.o] Error 1
gmake[1]: *** [CMakeFiles/Makefile2:198: src/controller/CMakeFiles/CONTROLLER_LIB.dir/all] Error 2
gmake: *** [Makefile:91: all] Error 2
