[0.008s] Invoking command in '/home/rgeng/Project/build/QuadcopterController': /usr/bin/cmake --build /home/rgeng/Project/build/QuadcopterController -- -j12 -l12
[0.043s] [ 38%] Built target CONTROLLER_LIB
[0.050s] [35m[1mConsolidate compiler generated dependencies of target DATABASE_LIB[0m
[0.055s] [ 53%] Built target MOTOR_CONTROLLER_LIB
[0.063s] [ 61%] [32mBuilding CXX object src/database/CMakeFiles/DATABASE_LIB.dir/database.cpp.o[0m
[3.190s] [ 69%] [32m[1mLinking CXX static library libDATABASE_LIB.a[0m
[3.227s] [ 69%] Built target DATABASE_LIB
[3.235s] [35m[1mConsolidate compiler generated dependencies of target QuadcopterController_subscriber[0m
[3.235s] [35m[1mConsolidate compiler generated dependencies of target QuadcopterController[0m
[3.250s] [ 84%] [32m[1mLinking CXX executable QuadcopterController[0m
[3.250s] [ 84%] [32mBuilding CXX object src/CMakeFiles/QuadcopterController_subscriber.dir/SubscriberTest.cpp.o[0m
[3.388s] [ 92%] Built target QuadcopterController
[5.661s] [01m[K/home/rgeng/Project/src/SubscriberTest.cpp:[m[K In function â€˜[01m[Kint main(int, char**)[m[Kâ€™:
[5.661s] [01m[K/home/rgeng/Project/src/SubscriberTest.cpp:12:17:[m[K [01;31m[Kerror: [m[Kâ€˜[01m[KGlobalDatabase[m[Kâ€™ was not declared in this scope
[5.661s]    12 |     auto data = [01;31m[KGlobalDatabase[m[K.getIMUData();
[5.661s]       |                 [01;31m[K^~~~~~~~~~~~~~[m[K
[6.476s] gmake[2]: *** [src/CMakeFiles/QuadcopterController_subscriber.dir/build.make:76: src/CMakeFiles/QuadcopterController_subscriber.dir/SubscriberTest.cpp.o] Error 1
[6.476s] gmake[1]: *** [CMakeFiles/Makefile2:183: src/CMakeFiles/QuadcopterController_subscriber.dir/all] Error 2
[6.476s] gmake: *** [Makefile:91: all] Error 2
[6.478s] Invoked command in '/home/rgeng/Project/build/QuadcopterController' returned '2': /usr/bin/cmake --build /home/rgeng/Project/build/QuadcopterController -- -j12 -l12
