[01m[K/home/rgeng/Project/src/SubscriberTest.cpp:[m[K In function â€˜[01m[Kint main(int, char**)[m[Kâ€™:
[01m[K/home/rgeng/Project/src/SubscriberTest.cpp:9:24:[m[K [01;35m[Kwarning: [m[Kempty parentheses were disambiguated as a function declaration [[01;35m[K]8;;https://gcc.gnu.org/onlinedocs/gcc/Warning-Options.html#index-Wvexing-parse-Wvexing-parse]8;;[m[K]
    9 |   database::database db[01;35m[K()[m[K;
      |                        [01;35m[K^~[m[K
[01m[K/home/rgeng/Project/src/SubscriberTest.cpp:9:24:[m[K [01;36m[Knote: [m[Kremove parentheses to default-initialize a variable
    9 |   database::database db[01;36m[K()[m[K;
      |                        [01;36m[K^~[m[K
      |                        [31m[K--[m[K
[01m[K/home/rgeng/Project/src/SubscriberTest.cpp:9:24:[m[K [01;36m[Knote: [m[Kor replace parentheses with braces to value-initialize a variable
[01m[K/home/rgeng/Project/src/SubscriberTest.cpp:12:20:[m[K [01;31m[Kerror: [m[Krequest for member â€˜[01m[KgetIMUData[m[Kâ€™ in â€˜[01m[Kdb[m[Kâ€™, which is of non-class type â€˜[01m[Kdatabase::database()[m[Kâ€™
   12 |     auto data = db.[01;31m[KgetIMUData[m[K();
      |                    [01;31m[K^~~~~~~~~~[m[K
gmake[2]: *** [src/CMakeFiles/QuadcopterController_subscriber.dir/build.make:76: src/CMakeFiles/QuadcopterController_subscriber.dir/SubscriberTest.cpp.o] Error 1
gmake[1]: *** [CMakeFiles/Makefile2:183: src/CMakeFiles/QuadcopterController_subscriber.dir/all] Error 2
gmake[1]: *** Waiting for unfinished jobs....
gmake: *** [Makefile:91: all] Error 2
