[ 38%] Built target CONTROLLER_LIB
[ 53%] Built target MOTOR_CONTROLLER_LIB
[ 61%] [32mBuilding CXX object src/database/CMakeFiles/DATABASE_LIB.dir/database.cpp.o[0m
[ 69%] [32m[1mLinking CXX static library libDATABASE_LIB.a[0m
[ 69%] Built target DATABASE_LIB
[35m[1mConsolidate compiler generated dependencies of target QuadcopterController_subscriber[0m
[ 76%] [32mBuilding CXX object src/CMakeFiles/QuadcopterController.dir/main.cpp.o[0m
[ 84%] [32mBuilding CXX object src/CMakeFiles/QuadcopterController_subscriber.dir/SubscriberTest.cpp.o[0m
[01m[K/home/rgeng/Project/src/SubscriberTest.cpp:[m[K In function â€˜[01m[Kint main(int, char**)[m[Kâ€™:
[01m[K/home/rgeng/Project/src/SubscriberTest.cpp:9:24:[m[K [01;35m[Kwarning: [m[Kempty parentheses were disambiguated as a function declaration [[01;35m[K]8;;https://gcc.gnu.org/onlinedocs/gcc/Warning-Options.html#index-Wvexing-parse-Wvexing-parse]8;;[m[K]
    9 |   database::database db[01;35m[K()[m[K;
      |                        [01;35m[K^~[m[K
[01m[K/home/rgeng/Project/src/SubscriberTest.cpp:9:24:[m[K [01;36m[Knote: [m[Kremove parentheses to default-initialize a variable
    9 |   database::database db[01;36m[K()[m[K;
      |                        [01;36m[K^~[m[K
      |                        [31m[K--[m[K
[01m[K/home/rgeng/Project/src/SubscriberTest.cpp:9:24:[m[K [01;36m[Knote: [m[Kor replace parentheses with braces to value-initialize a variable
[01m[K/home/rgeng/Project/src/SubscriberTest.cpp:12:20:[m[K [01;31m[Kerror: [m[Krequest for member â€˜[01m[KgetIMUData[m[Kâ€™ in â€˜[01m[Kdb[m[Kâ€™, which is of non-class type â€˜[01m[Kdatabase::database()[m[Kâ€™
   12 |     auto data = db.[01;31m[KgetIMUData[m[K();
      |                    [01;31m[K^~~~~~~~~~[m[K
gmake[2]: *** [src/CMakeFiles/QuadcopterController_subscriber.dir/build.make:76: src/CMakeFiles/QuadcopterController_subscriber.dir/SubscriberTest.cpp.o] Error 1
gmake[1]: *** [CMakeFiles/Makefile2:183: src/CMakeFiles/QuadcopterController_subscriber.dir/all] Error 2
gmake[1]: *** Waiting for unfinished jobs....
[ 92%] [32m[1mLinking CXX executable QuadcopterController[0m
[ 92%] Built target QuadcopterController
gmake: *** [Makefile:91: all] Error 2
