In file included from [01m[K/home/rgeng/Project/src/SubscriberTest.cpp:4[m[K:
[01m[K/home/rgeng/Project/include/subscribers/msgSubscriber.hpp:11:1:[m[K [01;31m[Kerror: [m[Kexpected initializer before â€˜[01m[Ktemplate[m[Kâ€™
   11 | [01;31m[Ktemplate[m[K<typename T>
      | [01;31m[K^~~~~~~~[m[K
[01m[K/home/rgeng/Project/include/subscribers/msgSubscriber.hpp:[m[K In function â€˜[01m[Kvoid subscriber::mCallback(const T&)[m[Kâ€™:
[01m[K/home/rgeng/Project/include/subscribers/msgSubscriber.hpp:34:5:[m[K [01;31m[Kerror: [m[Kâ€˜[01m[KcallBackData[m[Kâ€™ was not declared in this scope
   34 |     [01;31m[KcallBackData[m[K = msg;
      |     [01;31m[K^~~~~~~~~~~~[m[K
[01m[K/home/rgeng/Project/src/SubscriberTest.cpp:[m[K In function â€˜[01m[Kint main(int, char**)[m[Kâ€™:
[01m[K/home/rgeng/Project/src/SubscriberTest.cpp:6:15:[m[K [01;31m[Kerror: [m[Kâ€˜[01m[KmsgSubscriber[m[Kâ€™ is not a member of â€˜[01m[Ksubscriber[m[Kâ€™
    6 |   subscriber::[01;31m[KmsgSubscriber[m[K<ignition::msgs::StringMsg>* basicSubscriber = new subscriber::msgSubscriber<ignition::msgs::StringMsg>("/MyTopic");
      |               [01;31m[K^~~~~~~~~~~~~[m[K
[01m[K/home/rgeng/Project/src/SubscriberTest.cpp:6:54:[m[K [01;31m[Kerror: [m[Kexpected primary-expression before â€˜[01m[K>[m[Kâ€™ token
    6 |   subscriber::msgSubscriber<ignition::msgs::StringMsg[01;31m[K>[m[K* basicSubscriber = new subscriber::msgSubscriber<ignition::msgs::StringMsg>("/MyTopic");
      |                                                      [01;31m[K^[m[K
[01m[K/home/rgeng/Project/src/SubscriberTest.cpp:6:57:[m[K [01;31m[Kerror: [m[Kâ€˜[01m[KbasicSubscriber[m[Kâ€™ was not declared in this scope; did you mean â€˜[01m[Ksubscriber[m[Kâ€™?
    6 |   subscriber::msgSubscriber<ignition::msgs::StringMsg>* [01;31m[KbasicSubscriber[m[K = new subscriber::msgSubscriber<ignition::msgs::StringMsg>("/MyTopic");
      |                                                         [01;31m[K^~~~~~~~~~~~~~~[m[K
      |                                                         [32m[Ksubscriber[m[K
[01m[K/home/rgeng/Project/src/SubscriberTest.cpp:6:91:[m[K [01;31m[Kerror: [m[Kâ€˜[01m[KmsgSubscriber[m[Kâ€™ in namespace â€˜[01m[Ksubscriber[m[Kâ€™ does not name a template type
    6 |   subscriber::msgSubscriber<ignition::msgs::StringMsg>* basicSubscriber = new subscriber::[01;31m[KmsgSubscriber[m[K<ignition::msgs::StringMsg>("/MyTopic");
      |                                                                                           [01;31m[K^~~~~~~~~~~~~[m[K
[01m[K/home/rgeng/Project/src/SubscriberTest.cpp:6:130:[m[K [01;31m[Kerror: [m[Kexpected primary-expression before â€˜[01m[K>[m[Kâ€™ token
    6 |   subscriber::msgSubscriber<ignition::msgs::StringMsg>* basicSubscriber = new subscriber::msgSubscriber<ignition::msgs::StringMsg[01;31m[K>[m[K("/MyTopic");
      |                                                                                                                                  [01;31m[K^[m[K
gmake[2]: *** [src/CMakeFiles/QuadcopterController_subscriber.dir/build.make:76: src/CMakeFiles/QuadcopterController_subscriber.dir/SubscriberTest.cpp.o] Error 1
gmake[1]: *** [CMakeFiles/Makefile2:143: src/CMakeFiles/QuadcopterController_subscriber.dir/all] Error 2
gmake: *** [Makefile:91: all] Error 2
