[0.033s] Invoking command in '/home/rgeng/Project/build/QuadcopterController': /usr/bin/cmake --build /home/rgeng/Project/build/QuadcopterController -- -j12 -l12
[0.068s] [ 55%] Built target CONTROLLER_LIB
[0.077s] [35m[1mConsolidate compiler generated dependencies of target QuadcopterController_subscriber[0m
[0.086s] [ 77%] Built target QuadcopterController
[0.092s] [ 88%] [32mBuilding CXX object src/CMakeFiles/QuadcopterController_subscriber.dir/SubscriberTest.cpp.o[0m
[2.455s] In file included from [01m[K/home/rgeng/Project/src/SubscriberTest.cpp:4[m[K:
[2.456s] [01m[K/home/rgeng/Project/include/subscribers/msgSubscriber.hpp:11:1:[m[K [01;31m[Kerror: [m[Kexpected initializer before â€˜[01m[Ktemplate[m[Kâ€™
[2.456s]    11 | [01;31m[Ktemplate[m[K<typename T>
[2.456s]       | [01;31m[K^~~~~~~~[m[K
[2.461s] [01m[K/home/rgeng/Project/include/subscribers/msgSubscriber.hpp:[m[K In function â€˜[01m[Kvoid subscriber::mCallback(const T&)[m[Kâ€™:
[2.461s] [01m[K/home/rgeng/Project/include/subscribers/msgSubscriber.hpp:34:5:[m[K [01;31m[Kerror: [m[Kâ€˜[01m[KcallBackData[m[Kâ€™ was not declared in this scope
[2.461s]    34 |     [01;31m[KcallBackData[m[K = msg;
[2.461s]       |     [01;31m[K^~~~~~~~~~~~[m[K
[2.462s] [01m[K/home/rgeng/Project/src/SubscriberTest.cpp:[m[K In function â€˜[01m[Kint main(int, char**)[m[Kâ€™:
[2.462s] [01m[K/home/rgeng/Project/src/SubscriberTest.cpp:6:15:[m[K [01;31m[Kerror: [m[Kâ€˜[01m[KmsgSubscriber[m[Kâ€™ is not a member of â€˜[01m[Ksubscriber[m[Kâ€™
[2.462s]     6 |   subscriber::[01;31m[KmsgSubscriber[m[K<ignition::msgs::StringMsg>* basicSubscriber = new subscriber::msgSubscriber<ignition::msgs::StringMsg>("/MyTopic");
[2.462s]       |               [01;31m[K^~~~~~~~~~~~~[m[K
[2.462s] [01m[K/home/rgeng/Project/src/SubscriberTest.cpp:6:54:[m[K [01;31m[Kerror: [m[Kexpected primary-expression before â€˜[01m[K>[m[Kâ€™ token
[2.463s]     6 |   subscriber::msgSubscriber<ignition::msgs::StringMsg[01;31m[K>[m[K* basicSubscriber = new subscriber::msgSubscriber<ignition::msgs::StringMsg>("/MyTopic");
[2.463s]       |                                                      [01;31m[K^[m[K
[2.467s] [01m[K/home/rgeng/Project/src/SubscriberTest.cpp:6:57:[m[K [01;31m[Kerror: [m[Kâ€˜[01m[KbasicSubscriber[m[Kâ€™ was not declared in this scope; did you mean â€˜[01m[Ksubscriber[m[Kâ€™?
[2.467s]     6 |   subscriber::msgSubscriber<ignition::msgs::StringMsg>* [01;31m[KbasicSubscriber[m[K = new subscriber::msgSubscriber<ignition::msgs::StringMsg>("/MyTopic");
[2.467s]       |                                                         [01;31m[K^~~~~~~~~~~~~~~[m[K
[2.467s]       |                                                         [32m[Ksubscriber[m[K
[2.467s] [01m[K/home/rgeng/Project/src/SubscriberTest.cpp:6:91:[m[K [01;31m[Kerror: [m[Kâ€˜[01m[KmsgSubscriber[m[Kâ€™ in namespace â€˜[01m[Ksubscriber[m[Kâ€™ does not name a template type
[2.467s]     6 |   subscriber::msgSubscriber<ignition::msgs::StringMsg>* basicSubscriber = new subscriber::[01;31m[KmsgSubscriber[m[K<ignition::msgs::StringMsg>("/MyTopic");
[2.467s]       |                                                                                           [01;31m[K^~~~~~~~~~~~~[m[K
[2.467s] [01m[K/home/rgeng/Project/src/SubscriberTest.cpp:6:130:[m[K [01;31m[Kerror: [m[Kexpected primary-expression before â€˜[01m[K>[m[Kâ€™ token
[2.467s]     6 |   subscriber::msgSubscriber<ignition::msgs::StringMsg>* basicSubscriber = new subscriber::msgSubscriber<ignition::msgs::StringMsg[01;31m[K>[m[K("/MyTopic");
[2.467s]       |                                                                                                                                  [01;31m[K^[m[K
[3.302s] gmake[2]: *** [src/CMakeFiles/QuadcopterController_subscriber.dir/build.make:76: src/CMakeFiles/QuadcopterController_subscriber.dir/SubscriberTest.cpp.o] Error 1
[3.302s] gmake[1]: *** [CMakeFiles/Makefile2:143: src/CMakeFiles/QuadcopterController_subscriber.dir/all] Error 2
[3.303s] gmake: *** [Makefile:91: all] Error 2
[3.305s] Invoked command in '/home/rgeng/Project/build/QuadcopterController' returned '2': /usr/bin/cmake --build /home/rgeng/Project/build/QuadcopterController -- -j12 -l12
