[35m[1mConsolidate compiler generated dependencies of target OBJECTS[0m
[ 15%] Built target OBJECTS
[35m[1mConsolidate compiler generated dependencies of target CONTROLLER_LIB[0m
[ 30%] [32mBuilding CXX object src/controller/CMakeFiles/CONTROLLER_LIB.dir/LQR.cpp.o[0m
[ 30%] [32mBuilding CXX object src/controller/CMakeFiles/CONTROLLER_LIB.dir/base.cpp.o[0m
[ 38%] [32mBuilding CXX object src/controller/CMakeFiles/CONTROLLER_LIB.dir/PID.cpp.o[0m
[ 46%] [32mBuilding CXX object src/controller/CMakeFiles/CONTROLLER_LIB.dir/PolePlacement.cpp.o[0m
In file included from [01m[K/home/rgeng/Project/include/controller/base.hpp:5[m[K,
                 from [01m[K/home/rgeng/Project/include/controller/PolePlacement.hpp:4[m[K,
                 from [01m[K/home/rgeng/Project/src/controller/PolePlacement.cpp:1[m[K:
[01m[K/home/rgeng/Project/include/publishers/msgPublisher.hpp:[m[K In constructor â€˜[01m[Kpublishers::msgPublisher<T>::msgPublisher(gazebo::transport::NodePtr&)[m[Kâ€™:
[01m[K/home/rgeng/Project/include/publishers/msgPublisher.hpp:18:17:[m[K [01;31m[Kerror: [m[Kâ€˜[01m[Kgazebo::client[m[Kâ€™ has not been declared
   18 |         gazebo::[01;31m[Kclient[m[K::setup();
      |                 [01;31m[K^~~~~~[m[K
[01m[K/home/rgeng/Project/include/publishers/msgPublisher.hpp:19:15:[m[K [01;31m[Kerror: [m[Kâ€˜[01m[Kclass gazebo::transport::Publisher[m[Kâ€™ has no member named â€˜[01m[KInit[m[Kâ€™
   19 |         mPub->[01;31m[KInit[m[K();
      |               [01;31m[K^~~~[m[K
[01m[K/home/rgeng/Project/include/publishers/msgPublisher.hpp:20:16:[m[K [01;31m[Kerror: [m[Kâ€˜[01m[KmNode[m[Kâ€™ was not declared in this scope
   20 |         mPub = [01;31m[KmNode[m[K.Advertise<T>(inTopic);
      |                [01;31m[K^~~~~[m[K
[01m[K/home/rgeng/Project/include/publishers/msgPublisher.hpp:20:33:[m[K [01;31m[Kerror: [m[Kexpected primary-expression before â€˜[01m[K>[m[Kâ€™ token
   20 |         mPub = mNode.Advertise<T[01;31m[K>[m[K(inTopic);
      |                                 [01;31m[K^[m[K
In file included from [01m[K/home/rgeng/Project/include/controller/base.hpp:5[m[K,
                 from [01m[K/home/rgeng/Project/src/controller/base.cpp:1[m[K:
[01m[K/home/rgeng/Project/include/publishers/msgPublisher.hpp:[m[K In constructor â€˜[01m[Kpublishers::msgPublisher<T>::msgPublisher(gazebo::transport::NodePtr&)[m[Kâ€™:
[01m[K/home/rgeng/Project/include/publishers/msgPublisher.hpp:18:17:[m[K [01;31m[Kerror: [m[Kâ€˜[01m[Kgazebo::client[m[Kâ€™ has not been declared
   18 |         gazebo::[01;31m[Kclient[m[K::setup();
      |                 [01;31m[K^~~~~~[m[K
[01m[K/home/rgeng/Project/include/publishers/msgPublisher.hpp:19:15:[m[K [01;31m[Kerror: [m[Kâ€˜[01m[Kclass gazebo::transport::Publisher[m[Kâ€™ has no member named â€˜[01m[KInit[m[Kâ€™
   19 |         mPub->[01;31m[KInit[m[K();
      |               [01;31m[K^~~~[m[K
In file included from [01m[K/home/rgeng/Project/include/controller/base.hpp:5[m[K,
                 from [01m[K/home/rgeng/Project/include/controller/PID.hpp:4[m[K,
                 from [01m[K/home/rgeng/Project/src/controller/PID.cpp:1[m[K:
[01m[K/home/rgeng/Project/include/publishers/msgPublisher.hpp:[m[K In constructor â€˜[01m[Kpublishers::msgPublisher<T>::msgPublisher(gazebo::transport::NodePtr&)[m[Kâ€™:
[01m[K/home/rgeng/Project/include/publishers/msgPublisher.hpp:18:17:[m[K [01;31m[Kerror: [m[Kâ€˜[01m[Kgazebo::client[m[Kâ€™ has not been declared
   18 |         gazebo::[01;31m[Kclient[m[K::setup();
      |                 [01;31m[K^~~~~~[m[K
[01m[K/home/rgeng/Project/include/publishers/msgPublisher.hpp:19:15:[m[K [01;31m[Kerror: [m[Kâ€˜[01m[Kclass gazebo::transport::Publisher[m[Kâ€™ has no member named â€˜[01m[KInit[m[Kâ€™
   19 |         mPub->[01;31m[KInit[m[K();
      |               [01;31m[K^~~~[m[K
[01m[K/home/rgeng/Project/include/publishers/msgPublisher.hpp:20:35:[m[K [01;31m[Kerror: [m[Kâ€˜[01m[KinTopic[m[Kâ€™ was not declared in this scope
   20 |         mPub = mNode.Advertise<T>([01;31m[KinTopic[m[K);
      |                                   [01;31m[K^~~~~~~[m[K
[01m[K/home/rgeng/Project/include/publishers/msgPublisher.hpp:[m[K In member function â€˜[01m[Kvoid publishers::msgPublisher<T>::publishMessage(const T&)[m[Kâ€™:
[01m[K/home/rgeng/Project/include/publishers/msgPublisher.hpp:24:18:[m[K [01;31m[Kerror: [m[Kâ€˜[01m[Kgazebo::transport::PublisherPtr[m[Kâ€™ {aka â€˜[01m[Kclass boost::shared_ptr<gazebo::transport::Publisher>[m[Kâ€™} has no member named â€˜[01m[KPublish[m[Kâ€™
   24 |         if(!mPub.[01;31m[KPublish[m[K(inMsg))
      |                  [01;31m[K^~~~~~~[m[K
[01m[K/home/rgeng/Project/include/publishers/msgPublisher.hpp:20:16:[m[K [01;31m[Kerror: [m[Kâ€˜[01m[KmNode[m[Kâ€™ was not declared in this scope
   20 |         mPub = [01;31m[KmNode[m[K.Advertise<T>(inTopic);
      |                [01;31m[K^~~~~[m[K
[01m[K/home/rgeng/Project/include/publishers/msgPublisher.hpp:20:33:[m[K [01;31m[Kerror: [m[Kexpected primary-expression before â€˜[01m[K>[m[Kâ€™ token
   20 |         mPub = mNode.Advertise<T[01;31m[K>[m[K(inTopic);
      |                                 [01;31m[K^[m[K
[01m[K/home/rgeng/Project/include/publishers/msgPublisher.hpp:20:16:[m[K [01;31m[Kerror: [m[Kâ€˜[01m[KmNode[m[Kâ€™ was not declared in this scope
   20 |         mPub = [01;31m[KmNode[m[K.Advertise<T>(inTopic);
      |                [01;31m[K^~~~~[m[K
[01m[K/home/rgeng/Project/include/publishers/msgPublisher.hpp:20:33:[m[K [01;31m[Kerror: [m[Kexpected primary-expression before â€˜[01m[K>[m[Kâ€™ token
   20 |         mPub = mNode.Advertise<T[01;31m[K>[m[K(inTopic);
      |                                 [01;31m[K^[m[K
[01m[K/home/rgeng/Project/include/publishers/msgPublisher.hpp:20:35:[m[K [01;31m[Kerror: [m[Kâ€˜[01m[KinTopic[m[Kâ€™ was not declared in this scope
   20 |         mPub = mNode.Advertise<T>([01;31m[KinTopic[m[K);
      |                                   [01;31m[K^~~~~~~[m[K
[01m[K/home/rgeng/Project/include/publishers/msgPublisher.hpp:20:35:[m[K [01;31m[Kerror: [m[Kâ€˜[01m[KinTopic[m[Kâ€™ was not declared in this scope
   20 |         mPub = mNode.Advertise<T>([01;31m[KinTopic[m[K);
      |                                   [01;31m[K^~~~~~~[m[K
[01m[K/home/rgeng/Project/include/publishers/msgPublisher.hpp:[m[K In member function â€˜[01m[Kvoid publishers::msgPublisher<T>::publishMessage(const T&)[m[Kâ€™:
[01m[K/home/rgeng/Project/include/publishers/msgPublisher.hpp:24:18:[m[K [01;31m[Kerror: [m[Kâ€˜[01m[Kgazebo::transport::PublisherPtr[m[Kâ€™ {aka â€˜[01m[Kclass boost::shared_ptr<gazebo::transport::Publisher>[m[Kâ€™} has no member named â€˜[01m[KPublish[m[Kâ€™
   24 |         if(!mPub.[01;31m[KPublish[m[K(inMsg))
      |                  [01;31m[K^~~~~~~[m[K
[01m[K/home/rgeng/Project/include/publishers/msgPublisher.hpp:[m[K In member function â€˜[01m[Kvoid publishers::msgPublisher<T>::publishMessage(const T&)[m[Kâ€™:
[01m[K/home/rgeng/Project/include/publishers/msgPublisher.hpp:24:18:[m[K [01;31m[Kerror: [m[Kâ€˜[01m[Kgazebo::transport::PublisherPtr[m[Kâ€™ {aka â€˜[01m[Kclass boost::shared_ptr<gazebo::transport::Publisher>[m[Kâ€™} has no member named â€˜[01m[KPublish[m[Kâ€™
   24 |         if(!mPub.[01;31m[KPublish[m[K(inMsg))
      |                  [01;31m[K^~~~~~~[m[K
In file included from [01m[K/home/rgeng/Project/include/controller/base.hpp:5[m[K,
                 from [01m[K/home/rgeng/Project/include/controller/LQR.hpp:4[m[K,
                 from [01m[K/home/rgeng/Project/src/controller/LQR.cpp:1[m[K:
[01m[K/home/rgeng/Project/include/publishers/msgPublisher.hpp:[m[K In constructor â€˜[01m[Kpublishers::msgPublisher<T>::msgPublisher(gazebo::transport::NodePtr&)[m[Kâ€™:
[01m[K/home/rgeng/Project/include/publishers/msgPublisher.hpp:18:17:[m[K [01;31m[Kerror: [m[Kâ€˜[01m[Kgazebo::client[m[Kâ€™ has not been declared
   18 |         gazebo::[01;31m[Kclient[m[K::setup();
      |                 [01;31m[K^~~~~~[m[K
[01m[K/home/rgeng/Project/include/publishers/msgPublisher.hpp:19:15:[m[K [01;31m[Kerror: [m[Kâ€˜[01m[Kclass gazebo::transport::Publisher[m[Kâ€™ has no member named â€˜[01m[KInit[m[Kâ€™
   19 |         mPub->[01;31m[KInit[m[K();
      |               [01;31m[K^~~~[m[K
[01m[K/home/rgeng/Project/include/publishers/msgPublisher.hpp:20:16:[m[K [01;31m[Kerror: [m[Kâ€˜[01m[KmNode[m[Kâ€™ was not declared in this scope
   20 |         mPub = [01;31m[KmNode[m[K.Advertise<T>(inTopic);
      |                [01;31m[K^~~~~[m[K
[01m[K/home/rgeng/Project/include/publishers/msgPublisher.hpp:20:33:[m[K [01;31m[Kerror: [m[Kexpected primary-expression before â€˜[01m[K>[m[Kâ€™ token
   20 |         mPub = mNode.Advertise<T[01;31m[K>[m[K(inTopic);
      |                                 [01;31m[K^[m[K
[01m[K/home/rgeng/Project/include/publishers/msgPublisher.hpp:20:35:[m[K [01;31m[Kerror: [m[Kâ€˜[01m[KinTopic[m[Kâ€™ was not declared in this scope
   20 |         mPub = mNode.Advertise<T>([01;31m[KinTopic[m[K);
      |                                   [01;31m[K^~~~~~~[m[K
[01m[K/home/rgeng/Project/include/publishers/msgPublisher.hpp:[m[K In member function â€˜[01m[Kvoid publishers::msgPublisher<T>::publishMessage(const T&)[m[Kâ€™:
[01m[K/home/rgeng/Project/include/publishers/msgPublisher.hpp:24:18:[m[K [01;31m[Kerror: [m[Kâ€˜[01m[Kgazebo::transport::PublisherPtr[m[Kâ€™ {aka â€˜[01m[Kclass boost::shared_ptr<gazebo::transport::Publisher>[m[Kâ€™} has no member named â€˜[01m[KPublish[m[Kâ€™
   24 |         if(!mPub.[01;31m[KPublish[m[K(inMsg))
      |                  [01;31m[K^~~~~~~[m[K
In file included from [01m[K/home/rgeng/Project/include/controller/PolePlacement.hpp:4[m[K,
                 from [01m[K/home/rgeng/Project/src/controller/PolePlacement.cpp:1[m[K:
[01m[K/home/rgeng/Project/include/controller/base.hpp:[m[K At global scope:
[01m[K/home/rgeng/Project/include/controller/base.hpp:18:46:[m[K [01;31m[Kerror: [m[Kâ€˜[01m[KCessna[m[Kâ€™ is not a member of â€˜[01m[Kignition::msgs[m[Kâ€™; did you mean â€˜[01m[Kgazebo::msgs::Cessna[m[Kâ€™?
   18 |     publishers::msgPublisher<ignition::msgs::[01;31m[KCessna[m[K>* controlPublisher;
      |                                              [01;31m[K^~~~~~[m[K
In file included from [01m[K/usr/include/gazebo-11/gazebo/msgs/MessageTypes.hh:16[m[K,
                 from [01m[K/usr/include/gazebo-11/gazebo/msgs/msgs.hh:35[m[K,
                 from [01m[K/usr/include/gazebo-11/gazebo/gazebo_core.hh:20[m[K,
                 from [01m[K/usr/include/gazebo-11/gazebo/gazebo.hh:20[m[K,
                 from [01m[K/home/rgeng/Project/include/subscribers/msgSubscriber.hpp:3[m[K,
                 from [01m[K/home/rgeng/Project/include/controller/base.hpp:4[m[K,
                 from [01m[K/home/rgeng/Project/include/controller/PolePlacement.hpp:4[m[K,
                 from [01m[K/home/rgeng/Project/src/controller/PolePlacement.cpp:1[m[K:
[01m[K/usr/include/gazebo-11/gazebo/msgs/cessna.pb.h:80:23:[m[K [01;36m[Knote: [m[Kâ€˜[01m[Kgazebo::msgs::Cessna[m[Kâ€™ declared here
   80 | class GZ_MSGS_VISIBLE [01;36m[KCessna[m[K PROTOBUF_FINAL :
      |                       [01;36m[K^~~~~~[m[K
In file included from [01m[K/home/rgeng/Project/include/controller/PolePlacement.hpp:4[m[K,
                 from [01m[K/home/rgeng/Project/src/controller/PolePlacement.cpp:1[m[K:
[01m[K/home/rgeng/Project/include/controller/base.hpp:18:52:[m[K [01;31m[Kerror: [m[Ktemplate argument 1 is invalid
   18 |     publishers::msgPublisher<gazebo::msgs::Cessna[01;31m[K>[m[K* controlPublisher;
      |                                                    [01;31m[K^[m[K
In file included from [01m[K/home/rgeng/Project/src/controller/base.cpp:1[m[K:
[01m[K/home/rgeng/Project/include/controller/base.hpp:[m[K At global scope:
[01m[K/home/rgeng/Project/include/controller/base.hpp:18:46:[m[K [01;31m[Kerror: [m[Kâ€˜[01m[KCessna[m[Kâ€™ is not a member of â€˜[01m[Kignition::msgs[m[Kâ€™; did you mean â€˜[01m[Kgazebo::msgs::Cessna[m[Kâ€™?
   18 |     publishers::msgPublisher<ignition::msgs::[01;31m[KCessna[m[K>* controlPublisher;
      |                                              [01;31m[K^~~~~~[m[K
In file included from [01m[K/usr/include/gazebo-11/gazebo/msgs/MessageTypes.hh:16[m[K,
                 from [01m[K/usr/include/gazebo-11/gazebo/msgs/msgs.hh:35[m[K,
                 from [01m[K/usr/include/gazebo-11/gazebo/gazebo_core.hh:20[m[K,
                 from [01m[K/usr/include/gazebo-11/gazebo/gazebo.hh:20[m[K,
                 from [01m[K/home/rgeng/Project/include/subscribers/msgSubscriber.hpp:3[m[K,
                 from [01m[K/home/rgeng/Project/include/controller/base.hpp:4[m[K,
                 from [01m[K/home/rgeng/Project/src/controller/base.cpp:1[m[K:
[01m[K/usr/include/gazebo-11/gazebo/msgs/cessna.pb.h:80:23:[m[K [01;36m[Knote: [m[Kâ€˜[01m[Kgazebo::msgs::Cessna[m[Kâ€™ declared here
   80 | class GZ_MSGS_VISIBLE [01;36m[KCessna[m[K PROTOBUF_FINAL :
      |                       [01;36m[K^~~~~~[m[K
In file included from [01m[K/home/rgeng/Project/src/controller/base.cpp:1[m[K:
[01m[K/home/rgeng/Project/include/controller/base.hpp:18:52:[m[K [01;31m[Kerror: [m[Ktemplate argument 1 is invalid
   18 |     publishers::msgPublisher<gazebo::msgs::Cessna[01;31m[K>[m[K* controlPublisher;
      |                                                    [01;31m[K^[m[K
In file included from [01m[K/home/rgeng/Project/include/controller/PID.hpp:4[m[K,
                 from [01m[K/home/rgeng/Project/src/controller/PID.cpp:1[m[K:
[01m[K/home/rgeng/Project/include/controller/base.hpp:[m[K At global scope:
[01m[K/home/rgeng/Project/include/controller/base.hpp:18:46:[m[K [01;31m[Kerror: [m[Kâ€˜[01m[KCessna[m[Kâ€™ is not a member of â€˜[01m[Kignition::msgs[m[Kâ€™; did you mean â€˜[01m[Kgazebo::msgs::Cessna[m[Kâ€™?
   18 |     publishers::msgPublisher<ignition::msgs::[01;31m[KCessna[m[K>* controlPublisher;
      |                                              [01;31m[K^~~~~~[m[K
In file included from [01m[K/usr/include/gazebo-11/gazebo/msgs/MessageTypes.hh:16[m[K,
                 from [01m[K/usr/include/gazebo-11/gazebo/msgs/msgs.hh:35[m[K,
                 from [01m[K/usr/include/gazebo-11/gazebo/gazebo_core.hh:20[m[K,
                 from [01m[K/usr/include/gazebo-11/gazebo/gazebo.hh:20[m[K,
                 from [01m[K/home/rgeng/Project/include/subscribers/msgSubscriber.hpp:3[m[K,
                 from [01m[K/home/rgeng/Project/include/controller/base.hpp:4[m[K,
                 from [01m[K/home/rgeng/Project/include/controller/PID.hpp:4[m[K,
                 from [01m[K/home/rgeng/Project/src/controller/PID.cpp:1[m[K:
[01m[K/usr/include/gazebo-11/gazebo/msgs/cessna.pb.h:80:23:[m[K [01;36m[Knote: [m[Kâ€˜[01m[Kgazebo::msgs::Cessna[m[Kâ€™ declared here
   80 | class GZ_MSGS_VISIBLE [01;36m[KCessna[m[K PROTOBUF_FINAL :
      |                       [01;36m[K^~~~~~[m[K
In file included from [01m[K/home/rgeng/Project/include/controller/PID.hpp:4[m[K,
                 from [01m[K/home/rgeng/Project/src/controller/PID.cpp:1[m[K:
[01m[K/home/rgeng/Project/include/controller/base.hpp:18:52:[m[K [01;31m[Kerror: [m[Ktemplate argument 1 is invalid
   18 |     publishers::msgPublisher<gazebo::msgs::Cessna[01;31m[K>[m[K* controlPublisher;
      |                                                    [01;31m[K^[m[K
[01m[K/home/rgeng/Project/src/controller/base.cpp:[m[K In constructor â€˜[01m[Kcontroller::Base::Base(enums::CONTROL_METHOD_ENUM, gazebo::transport::NodePtr&)[m[Kâ€™:
[01m[K/home/rgeng/Project/src/controller/base.cpp:7:69:[m[K [01;31m[Kerror: [m[Kâ€˜[01m[KCessna[m[Kâ€™ is not a member of â€˜[01m[Kignition::msgs[m[Kâ€™; did you mean â€˜[01m[Kgazebo::msgs::Cessna[m[Kâ€™?
    7 | ntrolPublisher = new publishers::msgPublisher<ignition::msgs::[01;31m[KCessna[m[K>(gzNode);
      |                                                               [01;31m[K^~~~~~[m[K

In file included from [01m[K/usr/include/gazebo-11/gazebo/msgs/MessageTypes.hh:16[m[K,
                 from [01m[K/usr/include/gazebo-11/gazebo/msgs/msgs.hh:35[m[K,
                 from [01m[K/usr/include/gazebo-11/gazebo/gazebo_core.hh:20[m[K,
                 from [01m[K/usr/include/gazebo-11/gazebo/gazebo.hh:20[m[K,
                 from [01m[K/home/rgeng/Project/include/subscribers/msgSubscriber.hpp:3[m[K,
                 from [01m[K/home/rgeng/Project/include/controller/base.hpp:4[m[K,
                 from [01m[K/home/rgeng/Project/src/controller/base.cpp:1[m[K:
[01m[K/usr/include/gazebo-11/gazebo/msgs/cessna.pb.h:80:23:[m[K [01;36m[Knote: [m[Kâ€˜[01m[Kgazebo::msgs::Cessna[m[Kâ€™ declared here
   80 | class GZ_MSGS_VISIBLE [01;36m[KCessna[m[K PROTOBUF_FINAL :
      |                       [01;36m[K^~~~~~[m[K
[01m[K/home/rgeng/Project/src/controller/base.cpp:7:75:[m[K [01;31m[Kerror: [m[Ktemplate argument 1 is invalid
    7 | Publisher = new publishers::msgPublisher<gazebo::msgs::Cessna[01;31m[K>[m[K(gzNode);
      |                                                                [01;31m[K^[m[K

[01m[K/home/rgeng/Project/src/controller/base.cpp:[m[K In member function â€˜[01m[Kvoid controller::Base::commandVehicle()[m[Kâ€™:
[01m[K/home/rgeng/Project/src/controller/base.cpp:12:21:[m[K [01;31m[Kerror: [m[Kâ€˜[01m[KCessna[m[Kâ€™ is not a member of â€˜[01m[Kignition::msgs[m[Kâ€™; did you mean â€˜[01m[Kgazebo::msgs::Cessna[m[Kâ€™?
   12 |     ignition::msgs::[01;31m[KCessna[m[K msg;
      |                     [01;31m[K^~~~~~[m[K
In file included from [01m[K/usr/include/gazebo-11/gazebo/msgs/MessageTypes.hh:16[m[K,
                 from [01m[K/usr/include/gazebo-11/gazebo/msgs/msgs.hh:35[m[K,
                 from [01m[K/usr/include/gazebo-11/gazebo/gazebo_core.hh:20[m[K,
                 from [01m[K/usr/include/gazebo-11/gazebo/gazebo.hh:20[m[K,
                 from [01m[K/home/rgeng/Project/include/subscribers/msgSubscriber.hpp:3[m[K,
                 from [01m[K/home/rgeng/Project/include/controller/base.hpp:4[m[K,
                 from [01m[K/home/rgeng/Project/src/controller/base.cpp:1[m[K:
[01m[K/usr/include/gazebo-11/gazebo/msgs/cessna.pb.h:80:23:[m[K [01;36m[Knote: [m[Kâ€˜[01m[Kgazebo::msgs::Cessna[m[Kâ€™ declared here
   80 | class GZ_MSGS_VISIBLE [01;36m[KCessna[m[K PROTOBUF_FINAL :
      |                       [01;36m[K^~~~~~[m[K
[01m[K/home/rgeng/Project/src/controller/base.cpp:13:5:[m[K [01;31m[Kerror: [m[Kâ€˜[01m[Kmsg[m[Kâ€™ was not declared in this scope
   13 |     [01;31m[Kmsg[m[K.set_cmd_propeller_speed(1000.0);
      |     [01;31m[K^~~[m[K
[01m[K/home/rgeng/Project/src/controller/base.cpp:21:23:[m[K [01;31m[Kerror: [m[Krequest for member â€˜[01m[KpublishMessage[m[Kâ€™ in â€˜[01m[K*((controller::Base*)this)->controller::Base::controlPublisher[m[Kâ€™, which is of non-class type â€˜[01m[Kint[m[Kâ€™
   21 |     controlPublisher->[01;31m[KpublishMessage[m[K(msg);
      |                       [01;31m[K^~~~~~~~~~~~~~[m[K
In file included from [01m[K/home/rgeng/Project/include/controller/LQR.hpp:4[m[K,
                 from [01m[K/home/rgeng/Project/src/controller/LQR.cpp:1[m[K:
[01m[K/home/rgeng/Project/include/controller/base.hpp:[m[K At global scope:
[01m[K/home/rgeng/Project/include/controller/base.hpp:18:46:[m[K [01;31m[Kerror: [m[Kâ€˜[01m[KCessna[m[Kâ€™ is not a member of â€˜[01m[Kignition::msgs[m[Kâ€™; did you mean â€˜[01m[Kgazebo::msgs::Cessna[m[Kâ€™?
   18 |     publishers::msgPublisher<ignition::msgs::[01;31m[KCessna[m[K>* controlPublisher;
      |                                              [01;31m[K^~~~~~[m[K
In file included from [01m[K/usr/include/gazebo-11/gazebo/msgs/MessageTypes.hh:16[m[K,
                 from [01m[K/usr/include/gazebo-11/gazebo/msgs/msgs.hh:35[m[K,
                 from [01m[K/usr/include/gazebo-11/gazebo/gazebo_core.hh:20[m[K,
                 from [01m[K/usr/include/gazebo-11/gazebo/gazebo.hh:20[m[K,
                 from [01m[K/home/rgeng/Project/include/subscribers/msgSubscriber.hpp:3[m[K,
                 from [01m[K/home/rgeng/Project/include/controller/base.hpp:4[m[K,
                 from [01m[K/home/rgeng/Project/include/controller/LQR.hpp:4[m[K,
                 from [01m[K/home/rgeng/Project/src/controller/LQR.cpp:1[m[K:
[01m[K/usr/include/gazebo-11/gazebo/msgs/cessna.pb.h:80:23:[m[K [01;36m[Knote: [m[Kâ€˜[01m[Kgazebo::msgs::Cessna[m[Kâ€™ declared here
   80 | class GZ_MSGS_VISIBLE [01;36m[KCessna[m[K PROTOBUF_FINAL :
      |                       [01;36m[K^~~~~~[m[K
In file included from [01m[K/home/rgeng/Project/include/controller/LQR.hpp:4[m[K,
                 from [01m[K/home/rgeng/Project/src/controller/LQR.cpp:1[m[K:
[01m[K/home/rgeng/Project/include/controller/base.hpp:18:52:[m[K [01;31m[Kerror: [m[Ktemplate argument 1 is invalid
   18 |     publishers::msgPublisher<gazebo::msgs::Cessna[01;31m[K>[m[K* controlPublisher;
      |                                                    [01;31m[K^[m[K
gmake[2]: *** [src/controller/CMakeFiles/CONTROLLER_LIB.dir/build.make:118: src/controller/CMakeFiles/CONTROLLER_LIB.dir/PolePlacement.cpp.o] Error 1
gmake[2]: *** Waiting for unfinished jobs....
gmake[2]: *** [src/controller/CMakeFiles/CONTROLLER_LIB.dir/build.make:104: src/controller/CMakeFiles/CONTROLLER_LIB.dir/PID.cpp.o] Error 1
gmake[2]: *** [src/controller/CMakeFiles/CONTROLLER_LIB.dir/build.make:76: src/controller/CMakeFiles/CONTROLLER_LIB.dir/base.cpp.o] Error 1
gmake[2]: *** [src/controller/CMakeFiles/CONTROLLER_LIB.dir/build.make:90: src/controller/CMakeFiles/CONTROLLER_LIB.dir/LQR.cpp.o] Error 1
gmake[1]: *** [CMakeFiles/Makefile2:198: src/controller/CMakeFiles/CONTROLLER_LIB.dir/all] Error 2
gmake: *** [Makefile:91: all] Error 2
