[0.008s] Invoking command in '/home/rgeng/Project/build/QuadcopterController': /usr/bin/cmake --build /home/rgeng/Project/build/QuadcopterController -- -j12 -l12
[0.083s] [ 55%] Built target CONTROLLER_LIB
[0.092s] [35m[1mConsolidate compiler generated dependencies of target QuadcopterController_subscriber[0m
[0.101s] [ 77%] Built target QuadcopterController
[0.107s] [ 88%] [32mBuilding CXX object src/CMakeFiles/QuadcopterController_subscriber.dir/SubscriberTest.cpp.o[0m
[2.325s] [01m[K/home/rgeng/Project/src/SubscriberTest.cpp:[m[K In function â€˜[01m[Kint main(int, char**)[m[Kâ€™:
[2.325s] [01m[K/home/rgeng/Project/src/SubscriberTest.cpp:13:41:[m[K [01;31m[Kerror: [m[Kâ€˜[01m[KcallBackData[m[Kâ€™ was not declared in this scope; did you mean â€˜[01m[Ksubscriber::callBackData[m[Kâ€™?
[2.325s]    13 |     std::cout << "Global variable: " << [01;31m[KcallBackData[m[K.data() << std::endl;
[2.325s]       |                                         [01;31m[K^~~~~~~~~~~~[m[K
[2.325s]       |                                         [32m[Ksubscriber::callBackData[m[K
[2.325s] In file included from [01m[K/home/rgeng/Project/src/SubscriberTest.cpp:4[m[K:
[2.325s] [01m[K/home/rgeng/Project/include/subscribers/msgSubscriber.hpp:9:27:[m[K [01;36m[Knote: [m[Kâ€˜[01m[Ksubscriber::callBackData[m[Kâ€™ declared here
[2.325s]     9 | ignition::msgs::StringMsg [01;36m[KcallBackData[m[K;
[2.326s]       |                           [01;36m[K^~~~~~~~~~~~[m[K
[3.187s] gmake[2]: *** [src/CMakeFiles/QuadcopterController_subscriber.dir/build.make:76: src/CMakeFiles/QuadcopterController_subscriber.dir/SubscriberTest.cpp.o] Error 1
[3.188s] gmake[1]: *** [CMakeFiles/Makefile2:143: src/CMakeFiles/QuadcopterController_subscriber.dir/all] Error 2
[3.188s] gmake: *** [Makefile:91: all] Error 2
[3.190s] Invoked command in '/home/rgeng/Project/build/QuadcopterController' returned '2': /usr/bin/cmake --build /home/rgeng/Project/build/QuadcopterController -- -j12 -l12
