[ 71%] Built target CONTROLLER_LIB
[35m[1mConsolidate compiler generated dependencies of target QuadcopterController[0m
[ 85%] [32mBuilding CXX object src/CMakeFiles/QuadcopterController.dir/main.cpp.o[0m
[01m[K/home/rgeng/Project/src/main.cpp:[m[K In function â€˜[01m[Kint main(int, char**)[m[Kâ€™:
[01m[K/home/rgeng/Project/src/main.cpp:16:10:[m[K [01;31m[Kerror: [m[Kâ€˜[01m[Kclass ignition::transport::v8::Node[m[Kâ€™ has no member named â€˜[01m[KPublish[m[Kâ€™; did you mean â€˜[01m[KPublisher[m[Kâ€™?
   16 |     node.[01;31m[KPublish[m[K(topic, msg);
      |          [01;31m[K^~~~~~~[m[K
      |          [32m[KPublisher[m[K
gmake[2]: *** [src/CMakeFiles/QuadcopterController.dir/build.make:76: src/CMakeFiles/QuadcopterController.dir/main.cpp.o] Error 1
gmake[1]: *** [CMakeFiles/Makefile2:115: src/CMakeFiles/QuadcopterController.dir/all] Error 2
gmake: *** [Makefile:91: all] Error 2
