[0.043s] Invoking command in '/home/rgeng/Project/build/QuadcopterController': /usr/bin/cmake --build /home/rgeng/Project/build/QuadcopterController -- -j12 -l12
[0.180s] [ 71%] Built target CONTROLLER_LIB
[0.197s] [35m[1mConsolidate compiler generated dependencies of target QuadcopterController[0m
[0.213s] [ 85%] [32mBuilding CXX object src/CMakeFiles/QuadcopterController.dir/main.cpp.o[0m
[2.823s] [01m[K/home/rgeng/Project/src/main.cpp:[m[K In function â€˜[01m[Kint main(int, char**)[m[Kâ€™:
[2.824s] [01m[K/home/rgeng/Project/src/main.cpp:12:60:[m[K [01;31m[Kerror: [m[Kexpected primary-expression before â€˜[01m[K>[m[Kâ€™ token
[2.824s]    12 |     basicPublisher.publishMessage<ignition::msgs::StringMsg[01;31m[K>[m[K(msg);
[2.824s]       |                                                            [01;31m[K^[m[K
[3.765s] gmake[2]: *** [src/CMakeFiles/QuadcopterController.dir/build.make:76: src/CMakeFiles/QuadcopterController.dir/main.cpp.o] Error 1
[3.765s] gmake[1]: *** [CMakeFiles/Makefile2:115: src/CMakeFiles/QuadcopterController.dir/all] Error 2
[3.765s] gmake: *** [Makefile:91: all] Error 2
[3.769s] Invoked command in '/home/rgeng/Project/build/QuadcopterController' returned '2': /usr/bin/cmake --build /home/rgeng/Project/build/QuadcopterController -- -j12 -l12
