[0.095s] Invoking command in '/home/rgeng/Project/build/QuadcopterController': /usr/bin/cmake --build /home/rgeng/Project/build/QuadcopterController -- -j12 -l12
[0.741s] [ 71%] Built target CONTROLLER_LIB
[0.773s] [35m[1mConsolidate compiler generated dependencies of target QuadcopterController[0m
[0.787s] [ 85%] [32mBuilding CXX object src/CMakeFiles/QuadcopterController.dir/main.cpp.o[0m
[5.714s] In file included from [01m[K/home/rgeng/Project/src/main.cpp:4[m[K:
[5.714s] [01m[K/home/rgeng/Project/include/publishers/msgPublisher.hpp:10:36:[m[K [01;31m[Kerror: [m[Kexpected â€˜[01m[K;[m[Kâ€™ at end of member declaration
[5.714s]    10 |     ignition::transport::Publisher [01;31m[KmPub[m[K
[5.714s]       |                                    [01;31m[K^~~~[m[K
[5.714s]       |                                        [32m[K;[m[K
[5.731s] [01m[K/home/rgeng/Project/include/publishers/msgPublisher.hpp:12:5:[m[K [01;31m[Kerror: [m[Kâ€˜[01m[KmsgPublishers[m[Kâ€™ does not name a type; did you mean â€˜[01m[KmsgPublisher[m[Kâ€™?
[5.731s]    12 |     [01;31m[KmsgPublishers[m[K<T>(const std::string& inTopic)
[5.731s]       |     [01;31m[K^~~~~~~~~~~~~[m[K
[5.731s]       |     [32m[KmsgPublisher[m[K
[5.733s] [01m[K/home/rgeng/Project/include/publishers/msgPublisher.hpp:16:5:[m[K [01;31m[Kerror: [m[Kâ€˜[01m[KpublishMessage[m[Kâ€™ does not name a type
[5.733s]    16 |     [01;31m[KpublishMessage[m[K<T>(const T& inMsg)
[5.733s]       |     [01;31m[K^~~~~~~~~~~~~~[m[K
[5.734s] [01m[K/home/rgeng/Project/include/publishers/msgPublisher.hpp:20:2:[m[K [01;31m[Kerror: [m[Kexpected â€˜[01m[K;[m[Kâ€™ after class definition
[5.734s]    20 | }
[5.734s]       |  [01;31m[K^[m[K
[5.734s]       |  [32m[K;[m[K
[5.734s] [01m[K/home/rgeng/Project/src/main.cpp:[m[K In function â€˜[01m[Kint main(int, char**)[m[Kâ€™:
[5.734s] [01m[K/home/rgeng/Project/src/main.cpp:10:80:[m[K [01;31m[Kerror: [m[Kno matching function for call to â€˜[01m[Kpublishers::msgPublisher<ignition::msgs::StringMsg>::msgPublisher(const char [9])[m[Kâ€™
[5.734s]    10 |   publishers::msgPublisher<ignition::msgs::StringMsg> basicPublisher("/MyTopic"[01;31m[K)[m[K;
[5.734s]       |                                                                                [01;31m[K^[m[K
[5.734s] In file included from [01m[K/home/rgeng/Project/src/main.cpp:4[m[K:
[5.734s] [01m[K/home/rgeng/Project/include/publishers/msgPublisher.hpp:7:7:[m[K [01;36m[Knote: [m[Kcandidate: â€˜[01m[Kpublishers::msgPublisher<ignition::msgs::StringMsg>::msgPublisher()[m[Kâ€™
[5.734s]     7 | class [01;36m[KmsgPublisher[m[K{
[5.734s]       |       [01;36m[K^~~~~~~~~~~~[m[K
[5.734s] [01m[K/home/rgeng/Project/include/publishers/msgPublisher.hpp:7:7:[m[K [01;36m[Knote: [m[K  candidate expects 0 arguments, 1 provided
[5.734s] [01m[K/home/rgeng/Project/src/main.cpp:12:20:[m[K [01;31m[Kerror: [m[Kâ€˜[01m[Kclass publishers::msgPublisher<ignition::msgs::StringMsg>[m[Kâ€™ has no member named â€˜[01m[KpublishMessage[m[Kâ€™
[5.734s]    12 |     basicPublisher.[01;31m[KpublishMessage[m[K<msgPublisher>(msg);
[5.734s]       |                    [01;31m[K^~~~~~~~~~~~~~[m[K
[5.735s] [01m[K/home/rgeng/Project/src/main.cpp:12:35:[m[K [01;31m[Kerror: [m[Kâ€˜[01m[KmsgPublisher[m[Kâ€™ was not declared in this scope; did you mean â€˜[01m[Kpublishers::msgPublisher[m[Kâ€™?
[5.735s]    12 |     basicPublisher.publishMessage<[01;31m[KmsgPublisher[m[K>(msg);
[5.735s]       |                                   [01;31m[K^~~~~~~~~~~~[m[K
[5.735s]       |                                   [32m[Kpublishers::msgPublisher[m[K
[5.735s] In file included from [01m[K/home/rgeng/Project/src/main.cpp:4[m[K:
[5.735s] [01m[K/home/rgeng/Project/include/publishers/msgPublisher.hpp:7:7:[m[K [01;36m[Knote: [m[Kâ€˜[01m[Kpublishers::msgPublisher[m[Kâ€™ declared here
[5.735s]     7 | class [01;36m[KmsgPublisher[m[K{
[5.735s]       |       [01;36m[K^~~~~~~~~~~~[m[K
[6.855s] gmake[2]: *** [src/CMakeFiles/QuadcopterController.dir/build.make:76: src/CMakeFiles/QuadcopterController.dir/main.cpp.o] Error 1
[6.855s] gmake[1]: *** [CMakeFiles/Makefile2:115: src/CMakeFiles/QuadcopterController.dir/all] Error 2
[6.856s] gmake: *** [Makefile:91: all] Error 2
[6.874s] Invoked command in '/home/rgeng/Project/build/QuadcopterController' returned '2': /usr/bin/cmake --build /home/rgeng/Project/build/QuadcopterController -- -j12 -l12
