In file included from [01m[K/home/rgeng/Project/src/SubscriberTest.cpp:4[m[K:
[01m[K/home/rgeng/Project/include/subscribers/msgSubscriber.hpp:[m[K In function â€˜[01m[Kvoid subscriber::mCallback(const T&)[m[Kâ€™:
[01m[K/home/rgeng/Project/include/subscribers/msgSubscriber.hpp:11:5:[m[K [01;31m[Kerror: [m[Kâ€˜[01m[KmsgSubscriber[m[Kâ€™ was not declared in this scope; did you mean â€˜[01m[Ksubscriber[m[Kâ€™?
   11 |     [01;31m[KmsgSubscriber[m[K<T>::data = msg;
      |     [01;31m[K^~~~~~~~~~~~~[m[K
      |     [32m[Ksubscriber[m[K
[01m[K/home/rgeng/Project/include/subscribers/msgSubscriber.hpp:11:20:[m[K [01;31m[Kerror: [m[Kexpected primary-expression before â€˜[01m[K>[m[Kâ€™ token
   11 |     msgSubscriber<T[01;31m[K>[m[K::data = msg;
      |                    [01;31m[K^[m[K
[01m[K/home/rgeng/Project/include/subscribers/msgSubscriber.hpp:11:23:[m[K [01;31m[Kerror: [m[Kâ€˜[01m[K::data[m[Kâ€™ has not been declared; did you mean â€˜[01m[Kstd::data[m[Kâ€™?
   11 |     msgSubscriber<T>::[01;31m[Kdata[m[K = msg;
      |                       [01;31m[K^~~~[m[K
      |                       [32m[Kstd::data[m[K
In file included from [01m[K/usr/include/c++/11/string:54[m[K,
                 from [01m[K/usr/include/c++/11/bits/locale_classes.h:40[m[K,
                 from [01m[K/usr/include/c++/11/bits/ios_base.h:41[m[K,
                 from [01m[K/usr/include/c++/11/ios:42[m[K,
                 from [01m[K/usr/include/c++/11/ostream:38[m[K,
                 from [01m[K/usr/include/c++/11/iostream:39[m[K,
                 from [01m[K/home/rgeng/Project/src/SubscriberTest.cpp:1[m[K:
[01m[K/usr/include/c++/11/bits/range_access.h:319:5:[m[K [01;36m[Knote: [m[Kâ€˜[01m[Kstd::data[m[Kâ€™ declared here
  319 |     [01;36m[Kdata[m[K(initializer_list<_Tp> __il) noexcept
      |     [01;36m[K^~~~[m[K
gmake[2]: *** [src/CMakeFiles/QuadcopterController_subscriber.dir/build.make:76: src/CMakeFiles/QuadcopterController_subscriber.dir/SubscriberTest.cpp.o] Error 1
gmake[1]: *** [CMakeFiles/Makefile2:143: src/CMakeFiles/QuadcopterController_subscriber.dir/all] Error 2
gmake: *** [Makefile:91: all] Error 2
