[0.009s] Invoking command in '/home/rgeng/Project/build/QuadcopterController': /usr/bin/cmake --build /home/rgeng/Project/build/QuadcopterController -- -j12 -l12
[0.037s] [35m[1mConsolidate compiler generated dependencies of target CONTROLLER_LIB[0m
[0.053s] [ 55%] Built target CONTROLLER_LIB
[0.060s] [35m[1mConsolidate compiler generated dependencies of target QuadcopterController[0m
[0.061s] [35m[1mConsolidate compiler generated dependencies of target QuadcopterController_subscriber[0m
[0.076s] [ 77%] [32mBuilding CXX object src/CMakeFiles/QuadcopterController_subscriber.dir/SubscriberTest.cpp.o[0m
[0.076s] [ 88%] Built target QuadcopterController
[2.478s] In file included from [01m[K/home/rgeng/Project/src/SubscriberTest.cpp:4[m[K:
[2.478s] [01m[K/home/rgeng/Project/include/subscribers/msgSubscriber.hpp:[m[K In function â€˜[01m[Kvoid subscriber::mCallback(const T&)[m[Kâ€™:
[2.478s] [01m[K/home/rgeng/Project/include/subscribers/msgSubscriber.hpp:11:5:[m[K [01;31m[Kerror: [m[Kâ€˜[01m[KmsgSubscriber[m[Kâ€™ was not declared in this scope; did you mean â€˜[01m[Ksubscriber[m[Kâ€™?
[2.478s]    11 |     [01;31m[KmsgSubscriber[m[K<T>::data = msg;
[2.478s]       |     [01;31m[K^~~~~~~~~~~~~[m[K
[2.478s]       |     [32m[Ksubscriber[m[K
[2.478s] [01m[K/home/rgeng/Project/include/subscribers/msgSubscriber.hpp:11:20:[m[K [01;31m[Kerror: [m[Kexpected primary-expression before â€˜[01m[K>[m[Kâ€™ token
[2.478s]    11 |     msgSubscriber<T[01;31m[K>[m[K::data = msg;
[2.478s]       |                    [01;31m[K^[m[K
[2.478s] [01m[K/home/rgeng/Project/include/subscribers/msgSubscriber.hpp:11:23:[m[K [01;31m[Kerror: [m[Kâ€˜[01m[K::data[m[Kâ€™ has not been declared; did you mean â€˜[01m[Kstd::data[m[Kâ€™?
[2.479s]    11 |     msgSubscriber<T>::[01;31m[Kdata[m[K = msg;
[2.479s]       |                       [01;31m[K^~~~[m[K
[2.479s]       |                       [32m[Kstd::data[m[K
[2.479s] In file included from [01m[K/usr/include/c++/11/string:54[m[K,
[2.479s]                  from [01m[K/usr/include/c++/11/bits/locale_classes.h:40[m[K,
[2.479s]                  from [01m[K/usr/include/c++/11/bits/ios_base.h:41[m[K,
[2.479s]                  from [01m[K/usr/include/c++/11/ios:42[m[K,
[2.479s]                  from [01m[K/usr/include/c++/11/ostream:38[m[K,
[2.479s]                  from [01m[K/usr/include/c++/11/iostream:39[m[K,
[2.479s]                  from [01m[K/home/rgeng/Project/src/SubscriberTest.cpp:1[m[K:
[2.479s] [01m[K/usr/include/c++/11/bits/range_access.h:319:5:[m[K [01;36m[Knote: [m[Kâ€˜[01m[Kstd::data[m[Kâ€™ declared here
[2.479s]   319 |     [01;36m[Kdata[m[K(initializer_list<_Tp> __il) noexcept
[2.479s]       |     [01;36m[K^~~~[m[K
[3.407s] gmake[2]: *** [src/CMakeFiles/QuadcopterController_subscriber.dir/build.make:76: src/CMakeFiles/QuadcopterController_subscriber.dir/SubscriberTest.cpp.o] Error 1
[3.407s] gmake[1]: *** [CMakeFiles/Makefile2:143: src/CMakeFiles/QuadcopterController_subscriber.dir/all] Error 2
[3.407s] gmake: *** [Makefile:91: all] Error 2
[3.410s] Invoked command in '/home/rgeng/Project/build/QuadcopterController' returned '2': /usr/bin/cmake --build /home/rgeng/Project/build/QuadcopterController -- -j12 -l12
