[0.011s] Invoking command in '/home/rgeng/Project/build/QuadcopterController': /usr/bin/cmake --build /home/rgeng/Project/build/QuadcopterController -- -j12 -l12
[0.057s] [ 71%] Built target CONTROLLER_LIB
[0.085s] [35m[1mConsolidate compiler generated dependencies of target QuadcopterController[0m
[0.102s] [ 85%] [32mBuilding CXX object src/CMakeFiles/QuadcopterController.dir/main.cpp.o[0m
[2.500s] [01m[K/home/rgeng/Project/src/main.cpp:[m[K In function â€˜[01m[Kint main(int, char**)[m[Kâ€™:
[2.500s] [01m[K/home/rgeng/Project/src/main.cpp:6:3:[m[K [01;31m[Kerror: [m[Ktemplate placeholder type â€˜[01m[KmsgPublisher<...auto...>[m[Kâ€™ must be followed by a simple declarator-id
[2.500s]     6 |   [01;31m[Kpublishers[m[K::msgPublisher* basicPublisher = new publishers::msgPublisher<ignition::msgs::StringMsg>("/MyTopic");
[2.500s]       |   [01;31m[K^~~~~~~~~~[m[K
[2.500s] In file included from [01m[K/home/rgeng/Project/src/main.cpp:4[m[K:
[2.500s] [01m[K/home/rgeng/Project/include/publishers/msgPublisher.hpp:7:7:[m[K [01;36m[Knote: [m[Kâ€˜[01m[Ktemplate<class T> class publishers::msgPublisher[m[Kâ€™ declared here
[2.500s]     7 | class [01;36m[KmsgPublisher[m[K{
[2.500s]       |       [01;36m[K^~~~~~~~~~~~[m[K
[2.505s] [01m[K/home/rgeng/Project/src/main.cpp:12:5:[m[K [01;31m[Kerror: [m[Kâ€˜[01m[KbasicPublisher[m[Kâ€™ was not declared in this scope
[2.505s]    12 |     [01;31m[KbasicPublisher[m[K->publishMessage(msg);
[2.505s]       |     [01;31m[K^~~~~~~~~~~~~~[m[K
[3.424s] gmake[2]: *** [src/CMakeFiles/QuadcopterController.dir/build.make:76: src/CMakeFiles/QuadcopterController.dir/main.cpp.o] Error 1
[3.424s] gmake[1]: *** [CMakeFiles/Makefile2:115: src/CMakeFiles/QuadcopterController.dir/all] Error 2
[3.424s] gmake: *** [Makefile:91: all] Error 2
[3.426s] Invoked command in '/home/rgeng/Project/build/QuadcopterController' returned '2': /usr/bin/cmake --build /home/rgeng/Project/build/QuadcopterController -- -j12 -l12
