In file included from [01m[K/home/rgeng/Project/src/SubscriberTest.cpp:5[m[K:
[01m[K/home/rgeng/Project/include/objects/imu.h:[m[K In function â€˜[01m[Kobjects::Quaternion objects::euler_to_quaternions(const objects::EulerAngles&)[m[Kâ€™:
[01m[K/home/rgeng/Project/include/objects/imu.h:53:5:[m[K [01;31m[Kerror: [m[Kâ€˜[01m[KQuaternions[m[Kâ€™ was not declared in this scope; did you mean â€˜[01m[KQuaternion[m[Kâ€™?
   53 |     [01;31m[KQuaternions[m[K  q;
      |     [01;31m[K^~~~~~~~~~~[m[K
      |     [32m[KQuaternion[m[K
[01m[K/home/rgeng/Project/include/objects/imu.h:63:5:[m[K [01;31m[Kerror: [m[Kâ€˜[01m[Kq[m[Kâ€™ was not declared in this scope
   63 |     [01;31m[Kq[m[K.w = cr * cp * cy + sr * sp * sy;
      |     [01;31m[K^[m[K
gmake[2]: *** [src/CMakeFiles/QuadcopterController_subscriber.dir/build.make:76: src/CMakeFiles/QuadcopterController_subscriber.dir/SubscriberTest.cpp.o] Error 1
gmake[1]: *** [CMakeFiles/Makefile2:143: src/CMakeFiles/QuadcopterController_subscriber.dir/all] Error 2
gmake: *** [Makefile:91: all] Error 2
