[1.392s] Invoking command in '/home/rgeng/Project/build/QuadcopterController': /usr/bin/cmake --build /home/rgeng/Project/build/QuadcopterController -- -j12 -l12
[2.124s] [ 71%] Built target CONTROLLER_LIB
[2.176s] [35m[1mConsolidate compiler generated dependencies of target QuadcopterController[0m
[2.239s] [ 85%] [32mBuilding CXX object src/CMakeFiles/QuadcopterController.dir/main.cpp.o[0m
[13.782s] In file included from [01m[K/home/rgeng/Project/src/main.cpp:4[m[K:
[13.782s] [01m[K/home/rgeng/Project/include/publishers/msgPublisher.hpp:12:5:[m[K [01;31m[Kerror: [m[Kâ€˜[01m[KmsgPublishers[m[Kâ€™ does not name a type; did you mean â€˜[01m[KmsgPublisher[m[Kâ€™?
[13.782s]    12 |     [01;31m[KmsgPublishers[m[K<T>(const std::string& inTopic)
[13.782s]       |     [01;31m[K^~~~~~~~~~~~~[m[K
[13.782s]       |     [32m[KmsgPublisher[m[K
[13.784s] [01m[K/home/rgeng/Project/include/publishers/msgPublisher.hpp:16:5:[m[K [01;31m[Kerror: [m[Kâ€˜[01m[KpublishMessage[m[Kâ€™ does not name a type
[13.784s]    16 |     [01;31m[KpublishMessage[m[K<T>(const T& inMsg)
[13.784s]       |     [01;31m[K^~~~~~~~~~~~~~[m[K
[13.784s] [01m[K/home/rgeng/Project/include/publishers/msgPublisher.hpp:20:2:[m[K [01;31m[Kerror: [m[Kexpected â€˜[01m[K;[m[Kâ€™ after class definition
[13.785s]    20 | }
[13.785s]       |  [01;31m[K^[m[K
[13.785s]       |  [32m[K;[m[K
[13.785s] [01m[K/home/rgeng/Project/src/main.cpp:[m[K In function â€˜[01m[Kint main(int, char**)[m[Kâ€™:
[13.785s] [01m[K/home/rgeng/Project/src/main.cpp:10:80:[m[K [01;31m[Kerror: [m[Kno matching function for call to â€˜[01m[Kpublishers::msgPublisher<ignition::msgs::StringMsg>::msgPublisher(const char [9])[m[Kâ€™
[13.785s]    10 |   publishers::msgPublisher<ignition::msgs::StringMsg> basicPublisher("/MyTopic"[01;31m[K)[m[K;
[13.785s]       |                                                                                [01;31m[K^[m[K
[13.785s] In file included from [01m[K/home/rgeng/Project/src/main.cpp:4[m[K:
[13.785s] [01m[K/home/rgeng/Project/include/publishers/msgPublisher.hpp:7:7:[m[K [01;36m[Knote: [m[Kcandidate: â€˜[01m[Kpublishers::msgPublisher<ignition::msgs::StringMsg>::msgPublisher()[m[Kâ€™
[13.785s]     7 | class [01;36m[KmsgPublisher[m[K{
[13.785s]       |       [01;36m[K^~~~~~~~~~~~[m[K
[13.785s] [01m[K/home/rgeng/Project/include/publishers/msgPublisher.hpp:7:7:[m[K [01;36m[Knote: [m[K  candidate expects 0 arguments, 1 provided
[13.785s] [01m[K/home/rgeng/Project/src/main.cpp:12:20:[m[K [01;31m[Kerror: [m[Kâ€˜[01m[Kclass publishers::msgPublisher<ignition::msgs::StringMsg>[m[Kâ€™ has no member named â€˜[01m[KpublishMessage[m[Kâ€™
[13.785s]    12 |     basicPublisher.[01;31m[KpublishMessage[m[K<ignition::msgs::StringMsg>(msg);
[13.786s]       |                    [01;31m[K^~~~~~~~~~~~~~[m[K
[13.786s] [01m[K/home/rgeng/Project/src/main.cpp:12:35:[m[K [01;31m[Kerror: [m[Kâ€˜[01m[KmsgPublisher[m[Kâ€™ was not declared in this scope; did you mean â€˜[01m[Kpublishers::msgPublisher[m[Kâ€™?
[13.786s]    12 |     basicPublisher.publishMessage<[01;31m[Kignition::ms[m[Kgs::StringMsg>(msg);
[13.786s]       |                                   [01;31m[K^~~~~~~~~~~~[m[K
[13.786s]       |                                   [32m[Kpublishers::msgPublisher[m[K
[13.786s] In file included from [01m[K/home/rgeng/Project/src/main.cpp:4[m[K:
[13.786s] [01m[K/home/rgeng/Project/include/publishers/msgPublisher.hpp:7:7:[m[K [01;36m[Knote: [m[Kâ€˜[01m[Kpublishers::msgPublisher[m[Kâ€™ declared here
[13.786s]     7 | class [01;36m[KmsgPublisher[m[K{
[13.786s]       |       [01;36m[K^~~~~~~~~~~~[m[K
[14.788s] gmake[2]: *** [src/CMakeFiles/QuadcopterController.dir/build.make:76: src/CMakeFiles/QuadcopterController.dir/main.cpp.o] Error 1
[14.788s] gmake[1]: *** [CMakeFiles/Makefile2:115: src/CMakeFiles/QuadcopterController.dir/all] Error 2
[14.789s] gmake: *** [Makefile:91: all] Error 2
[14.799s] Invoked command in '/home/rgeng/Project/build/QuadcopterController' returned '2': /usr/bin/cmake --build /home/rgeng/Project/build/QuadcopterController -- -j12 -l12
