[35m[1mConsolidate compiler generated dependencies of target CONTROLLER_LIB[0m
[  7%] [32mBuilding CXX object src/controller/CMakeFiles/CONTROLLER_LIB.dir/base.cpp.o[0m
[ 15%] [32m[1mLinking CXX static library libCONTROLLER_LIB.a[0m
[ 38%] Built target CONTROLLER_LIB
[ 46%] [32mBuilding CXX object src/database/CMakeFiles/DATABASE_LIB.dir/database.cpp.o[0m
[35m[1mConsolidate compiler generated dependencies of target MOTOR_CONTROLLER_LIB[0m
[ 53%] [32mBuilding CXX object src/MotorDriver/CMakeFiles/MOTOR_CONTROLLER_LIB.dir/MotorSpeedController.cpp.o[0m
In file included from [01m[K/home/rgeng/Project/src/MotorDriver/MotorSpeedController.cpp:1[m[K:
[01m[K/home/rgeng/Project/include/MotorDriver/MotorSpeedController.hpp:11:2:[m[K [01;31m[Kerror: [m[Kexpected â€˜[01m[K;[m[Kâ€™ after class definition
   11 | }
      |  [01;31m[K^[m[K
      |  [32m[K;[m[K
gmake[2]: *** [src/MotorDriver/CMakeFiles/MOTOR_CONTROLLER_LIB.dir/build.make:76: src/MotorDriver/CMakeFiles/MOTOR_CONTROLLER_LIB.dir/MotorSpeedController.cpp.o] Error 1
gmake[1]: *** [CMakeFiles/Makefile2:261: src/MotorDriver/CMakeFiles/MOTOR_CONTROLLER_LIB.dir/all] Error 2
gmake[1]: *** Waiting for unfinished jobs....
[01m[K/home/rgeng/Project/src/database/database.cpp:1:10:[m[K [01;31m[Kfatal error: [m[Kdatabase/database.hpp: No such file or directory
    1 | #include [01;31m[K<database/database.hpp>[m[K
      |          [01;31m[K^~~~~~~~~~~~~~~~~~~~~~~[m[K
compilation terminated.
gmake[2]: *** [src/database/CMakeFiles/DATABASE_LIB.dir/build.make:76: src/database/CMakeFiles/DATABASE_LIB.dir/database.cpp.o] Error 1
gmake[1]: *** [CMakeFiles/Makefile2:235: src/database/CMakeFiles/DATABASE_LIB.dir/all] Error 2
gmake: *** [Makefile:91: all] Error 2
