[0.024s] Invoking command in '/home/rgeng/Project/build/QuadcopterController': /usr/bin/cmake --build /home/rgeng/Project/build/QuadcopterController -- -j12 -l12
[0.034s] [35m[1mConsolidate compiler generated dependencies of target CONTROLLER_LIB[0m
[0.070s] [  7%] [32mBuilding CXX object src/controller/CMakeFiles/CONTROLLER_LIB.dir/base.cpp.o[0m
[3.867s] [ 15%] [32m[1mLinking CXX static library libCONTROLLER_LIB.a[0m
[4.108s] [ 38%] Built target CONTROLLER_LIB
[4.224s] [ 46%] [32mBuilding CXX object src/database/CMakeFiles/DATABASE_LIB.dir/database.cpp.o[0m
[4.650s] [35m[1mConsolidate compiler generated dependencies of target MOTOR_CONTROLLER_LIB[0m
[4.724s] [ 53%] [32mBuilding CXX object src/MotorDriver/CMakeFiles/MOTOR_CONTROLLER_LIB.dir/MotorSpeedController.cpp.o[0m
[4.851s] In file included from [01m[K/home/rgeng/Project/src/MotorDriver/MotorSpeedController.cpp:1[m[K:
[4.851s] [01m[K/home/rgeng/Project/include/MotorDriver/MotorSpeedController.hpp:11:2:[m[K [01;31m[Kerror: [m[Kexpected â€˜[01m[K;[m[Kâ€™ after class definition
[4.851s]    11 | }
[4.851s]       |  [01;31m[K^[m[K
[4.851s]       |  [32m[K;[m[K
[4.858s] gmake[2]: *** [src/MotorDriver/CMakeFiles/MOTOR_CONTROLLER_LIB.dir/build.make:76: src/MotorDriver/CMakeFiles/MOTOR_CONTROLLER_LIB.dir/MotorSpeedController.cpp.o] Error 1
[4.858s] gmake[1]: *** [CMakeFiles/Makefile2:261: src/MotorDriver/CMakeFiles/MOTOR_CONTROLLER_LIB.dir/all] Error 2
[4.859s] gmake[1]: *** Waiting for unfinished jobs....
[4.997s] [01m[K/home/rgeng/Project/src/database/database.cpp:1:10:[m[K [01;31m[Kfatal error: [m[Kdatabase/database.hpp: No such file or directory
[4.997s]     1 | #include [01;31m[K<database/database.hpp>[m[K
[4.997s]       |          [01;31m[K^~~~~~~~~~~~~~~~~~~~~~~[m[K
[4.997s] compilation terminated.
[5.024s] gmake[2]: *** [src/database/CMakeFiles/DATABASE_LIB.dir/build.make:76: src/database/CMakeFiles/DATABASE_LIB.dir/database.cpp.o] Error 1
[5.024s] gmake[1]: *** [CMakeFiles/Makefile2:235: src/database/CMakeFiles/DATABASE_LIB.dir/all] Error 2
[5.024s] gmake: *** [Makefile:91: all] Error 2
[5.026s] Invoked command in '/home/rgeng/Project/build/QuadcopterController' returned '2': /usr/bin/cmake --build /home/rgeng/Project/build/QuadcopterController -- -j12 -l12
