[0.010s] Invoking command in '/home/rgeng/Project/build/QuadcopterController': /usr/bin/cmake --build /home/rgeng/Project/build/QuadcopterController -- -j12 -l12
[0.044s] [35m[1mConsolidate compiler generated dependencies of target CONTROLLER_LIB[0m
[0.046s] [ 15%] Built target OBJECTS
[0.070s] [ 30%] [32mBuilding CXX object src/controller/CMakeFiles/CONTROLLER_LIB.dir/LQR.cpp.o[0m
[0.070s] [ 30%] [32mBuilding CXX object src/controller/CMakeFiles/CONTROLLER_LIB.dir/base.cpp.o[0m
[0.071s] [ 38%] [32mBuilding CXX object src/controller/CMakeFiles/CONTROLLER_LIB.dir/PID.cpp.o[0m
[0.072s] [ 46%] [32mBuilding CXX object src/controller/CMakeFiles/CONTROLLER_LIB.dir/PolePlacement.cpp.o[0m
[3.417s] [01m[K/home/rgeng/Project/src/controller/base.cpp:[m[K In constructor â€˜[01m[Kcontroller::Base::Base(enums::CONTROL_METHOD_ENUM)[m[Kâ€™:
[3.417s] [01m[K/home/rgeng/Project/src/controller/base.cpp:8:115:[m[K [01;31m[Kerror: [m[Kexpected â€˜[01m[K;[m[Kâ€™ before â€˜[01m[K}[m[Kâ€™ token
[3.417s]     8 |     controlPublisher = new publishers::msgPublisher<gazebo::msgs::Cessna>("/gazebo/default/cessna_c172/control")
[3.417s]       |                                                                                                                   [01;31m[K^[m[K
[3.418s]       |                                                                                                                   [32m[K;[m[K
[3.418s]     9 | [32m[K}[m[K;
[3.418s]       | [32m[K~[m[K                                                                                                                  
[4.883s] gmake[2]: *** [src/controller/CMakeFiles/CONTROLLER_LIB.dir/build.make:76: src/controller/CMakeFiles/CONTROLLER_LIB.dir/base.cpp.o] Error 1
[4.883s] gmake[2]: *** Waiting for unfinished jobs....
[6.013s] gmake[1]: *** [CMakeFiles/Makefile2:198: src/controller/CMakeFiles/CONTROLLER_LIB.dir/all] Error 2
[6.013s] gmake: *** [Makefile:91: all] Error 2
[6.017s] Invoked command in '/home/rgeng/Project/build/QuadcopterController' returned '2': /usr/bin/cmake --build /home/rgeng/Project/build/QuadcopterController -- -j12 -l12
