[0.031s] Invoking command in '/home/rgeng/Project/build/QuadcopterController': /usr/bin/cmake --build /home/rgeng/Project/build/QuadcopterController -- -j12 -l12
[0.062s] [ 55%] Built target CONTROLLER_LIB
[0.069s] [35m[1mConsolidate compiler generated dependencies of target QuadcopterController[0m
[0.077s] [ 77%] Built target QuadcopterController_subscriber
[0.084s] [ 88%] [32mBuilding CXX object src/CMakeFiles/QuadcopterController.dir/main.cpp.o[0m
[2.275s] [01m[K/home/rgeng/Project/src/main.cpp:[m[K In function â€˜[01m[Kint main(int, char**)[m[Kâ€™:
[2.276s] [01m[K/home/rgeng/Project/src/main.cpp:46:44:[m[K [01;31m[Kerror: [m[Kexpected â€˜[01m[K;[m[Kâ€™ before â€˜[01m[Ktime[m[Kâ€™
[2.276s]    46 |     basicPublisher->publishMessage(imu_msg)
[2.276s]       |                                            [01;31m[K^[m[K
[2.276s]       |                                            [32m[K;[m[K
[2.276s] ......
[2.276s]    49 |     [32m[Ktime[m[K += dt;
[2.276s]       |     [32m[K~~~~[m[K                                    
[3.063s] gmake[2]: *** [src/CMakeFiles/QuadcopterController.dir/build.make:76: src/CMakeFiles/QuadcopterController.dir/main.cpp.o] Error 1
[3.063s] gmake[1]: *** [CMakeFiles/Makefile2:117: src/CMakeFiles/QuadcopterController.dir/all] Error 2
[3.063s] gmake: *** [Makefile:91: all] Error 2
[3.065s] Invoked command in '/home/rgeng/Project/build/QuadcopterController' returned '2': /usr/bin/cmake --build /home/rgeng/Project/build/QuadcopterController -- -j12 -l12
