[0.008s] Invoking command in '/home/rgeng/Project/build/QuadcopterController': /usr/bin/cmake --build /home/rgeng/Project/build/QuadcopterController -- -j12 -l12
[0.042s] [ 38%] Built target CONTROLLER_LIB
[0.049s] [35m[1mConsolidate compiler generated dependencies of target DATABASE_LIB[0m
[0.053s] [ 53%] Built target MOTOR_CONTROLLER_LIB
[0.061s] [ 69%] Built target DATABASE_LIB
[0.069s] [35m[1mConsolidate compiler generated dependencies of target QuadcopterController_subscriber[0m
[0.079s] [ 84%] Built target QuadcopterController
[0.085s] [ 92%] [32mBuilding CXX object src/CMakeFiles/QuadcopterController_subscriber.dir/SubscriberTest.cpp.o[0m
[2.398s] [01m[K/home/rgeng/Project/src/SubscriberTest.cpp:[m[K In function â€˜[01m[Kint main(int, char**)[m[Kâ€™:
[2.398s] [01m[K/home/rgeng/Project/src/SubscriberTest.cpp:12:27:[m[K [01;31m[Kerror: [m[Kâ€˜[01m[KGlobalDatabase[m[Kâ€™ is not a member of â€˜[01m[Kdatabase[m[Kâ€™
[2.398s]    12 |     auto data = database::[01;31m[KGlobalDatabase[m[K.getIMUData();
[2.398s]       |                           [01;31m[K^~~~~~~~~~~~~~[m[K
[3.204s] gmake[2]: *** [src/CMakeFiles/QuadcopterController_subscriber.dir/build.make:76: src/CMakeFiles/QuadcopterController_subscriber.dir/SubscriberTest.cpp.o] Error 1
[3.204s] gmake[1]: *** [CMakeFiles/Makefile2:183: src/CMakeFiles/QuadcopterController_subscriber.dir/all] Error 2
[3.204s] gmake: *** [Makefile:91: all] Error 2
[3.206s] Invoked command in '/home/rgeng/Project/build/QuadcopterController' returned '2': /usr/bin/cmake --build /home/rgeng/Project/build/QuadcopterController -- -j12 -l12
