[ 55%] Built target CONTROLLER_LIB
[ 66%] [32mBuilding CXX object src/CMakeFiles/QuadcopterController.dir/main.cpp.o[0m
[35m[1mConsolidate compiler generated dependencies of target QuadcopterController_subscriber[0m
[ 77%] [32mBuilding CXX object src/CMakeFiles/QuadcopterController_subscriber.dir/SubscriberTest.cpp.o[0m
[01m[K/home/rgeng/Project/src/main.cpp:[m[K In function â€˜[01m[Kint main(int, char**)[m[Kâ€™:
[01m[K/home/rgeng/Project/src/main.cpp:12:7:[m[K [01;31m[Kerror: [m[Kâ€˜[01m[Kclass ignition::msgs::IMU[m[Kâ€™ has no member named â€˜[01m[Kset_data[m[Kâ€™
   12 |   msg.[01;31m[Kset_data[m[K("Hello Ignition!");
      |       [01;31m[K^~~~~~~~[m[K
[01m[K/home/rgeng/Project/src/main.cpp:19:56:[m[K [01;31m[Kerror: [m[Kinvalid â€˜[01m[Kstatic_cast[m[Kâ€™ from type â€˜[01m[Ktime_t(time_t*) noexcept[m[Kâ€™ {aka â€˜[01m[Klong int(long int*) noexcept[m[Kâ€™} to type â€˜[01m[Kint32_t[m[Kâ€™ {aka â€˜[01m[Kint[m[Kâ€™}
   19 |     imu_msg.mutable_header()->mutable_stamp()->set_sec([01;31m[Kstatic_cast<int32_t>(time)[m[K);
      |                                                        [01;31m[K^~~~~~~~~~~~~~~~~~~~~~~~~~[m[K
[01m[K/home/rgeng/Project/src/main.cpp:21:38:[m[K [01;31m[Kerror: [m[Kinvalid â€˜[01m[Kstatic_cast[m[Kâ€™ from type â€˜[01m[Ktime_t(time_t*) noexcept[m[Kâ€™ {aka â€˜[01m[Klong int(long int*) noexcept[m[Kâ€™} to type â€˜[01m[Kint32_t[m[Kâ€™ {aka â€˜[01m[Kint[m[Kâ€™}
   21 |         static_cast<int32_t>((time - [01;31m[Kstatic_cast<int32_t>(time)[m[K) * 1e9));
      |                                      [01;31m[K^~~~~~~~~~~~~~~~~~~~~~~~~~[m[K
[01m[K/home/rgeng/Project/src/main.cpp:24:22:[m[K [01;31m[Kerror: [m[Kinvalid operands of types â€˜[01m[Kdouble[m[Kâ€™ and â€˜[01m[Ktime_t(time_t*) noexcept[m[Kâ€™ {aka â€˜[01m[Klong int(long int*) noexcept[m[Kâ€™} to binary â€˜[01m[Koperator*[m[Kâ€™
   24 |     double yaw = [32m[K0.1[m[K [01;31m[K*[m[K [34m[Ktime[m[K; // Simple rotation at 0.1 rad/s
      |                  [32m[K~~~[m[K [01;31m[K^[m[K [34m[K~~~~[m[K
      |                  [32m[K|[m[K     [34m[K|[m[K
      |                  [32m[K|[m[K     [34m[Ktime_t(time_t*) noexcept {aka long int(long int*) noexcept}[m[K
      |                  [32m[Kdouble[m[K
[01m[K/home/rgeng/Project/src/main.cpp:37:36:[m[K [01;31m[Kerror: [m[Kno matching function for call to â€˜[01m[Ksin(time_t (&)(time_t*) noexcept)[m[Kâ€™
   37 |     double accel_x = 0.5 * [01;31m[Kstd::sin(time)[m[K; // 0.5 m/s^2 amplitude
      |                            [01;31m[K~~~~~~~~^~~~~~[m[K
In file included from [01m[K/usr/include/eigen3/Eigen/src/Core/util/Macros.h:679[m[K,
                 from [01m[K/usr/include/eigen3/Eigen/Core:19[m[K,
                 from [01m[K/usr/include/eigen3/Eigen/Dense:1[m[K,
                 from [01m[K/home/rgeng/Project/include/controller/LQR.hpp:1[m[K,
                 from [01m[K/home/rgeng/Project/src/main.cpp:1[m[K:
[01m[K/usr/include/c++/11/cmath:437:5:[m[K [01;36m[Knote: [m[Kcandidate: â€˜[01m[Ktemplate<class _Tp> constexpr typename __gnu_cxx::__enable_if<std::__is_integer<_Tp>::__value, double>::__type std::sin(_Tp)[m[Kâ€™
  437 |     [01;36m[Ksin[m[K(_Tp __x)
      |     [01;36m[K^~~[m[K
[01m[K/usr/include/c++/11/cmath:437:5:[m[K [01;36m[Knote: [m[K  template argument deduction/substitution failed:
/usr/include/c++/11/cmath: In substitution of â€˜[01m[Ktemplate<class _Tp> constexpr typename __gnu_cxx::__enable_if<std::__is_integer<_Tp>::__value, double>::__type std::sin(_Tp) [with _Tp = long int (*)(long int*) noexcept][m[Kâ€™:
[01m[K/home/rgeng/Project/src/main.cpp:37:36:[m[K   required from here
[01m[K/usr/include/c++/11/cmath:437:5:[m[K [01;31m[Kerror: [m[Kno type named â€˜[01m[K__type[m[Kâ€™ in â€˜[01m[Kstruct __gnu_cxx::__enable_if<false, double>[m[Kâ€™
In file included from [01m[K/usr/include/eigen3/Eigen/Core:50[m[K,
                 from [01m[K/usr/include/eigen3/Eigen/Dense:1[m[K,
                 from [01m[K/home/rgeng/Project/include/controller/LQR.hpp:1[m[K,
                 from [01m[K/home/rgeng/Project/src/main.cpp:1[m[K:
[01m[K/usr/include/c++/11/complex:855:5:[m[K [01;36m[Knote: [m[Kcandidate: â€˜[01m[Ktemplate<class _Tp> std::complex<_Tp> std::sin(const std::complex<_Tp>&)[m[Kâ€™
  855 |     [01;36m[Ksin[m[K(const complex<_Tp>& __z) { return __complex_sin(__z.__rep()); }
      |     [01;36m[K^~~[m[K
[01m[K/usr/include/c++/11/complex:855:5:[m[K [01;36m[Knote: [m[K  template argument deduction/substitution failed:
[01m[K/home/rgeng/Project/src/main.cpp:37:36:[m[K [01;36m[Knote: [m[K  mismatched types â€˜[01m[Kconst std::complex<_Tp>[m[Kâ€™ and â€˜[01m[Ktime_t(time_t*) noexcept[m[Kâ€™ {aka â€˜[01m[Klong int(long int*) noexcept[m[Kâ€™}
   37 |     double accel_x = 0.5 * [01;36m[Kstd::sin(time)[m[K; // 0.5 m/s^2 amplitude
      |                            [01;36m[K~~~~~~~~^~~~~~[m[K
In file included from [01m[K/usr/include/features.h:486[m[K,
                 from [01m[K/usr/include/x86_64-linux-gnu/c++/11/bits/os_defines.h:39[m[K,
                 from [01m[K/usr/include/x86_64-linux-gnu/c++/11/bits/c++config.h:586[m[K,
                 from [01m[K/usr/include/c++/11/cmath:41[m[K,
                 from [01m[K/usr/include/eigen3/Eigen/src/Core/util/Macros.h:679[m[K,
                 from [01m[K/usr/include/eigen3/Eigen/Core:19[m[K,
                 from [01m[K/usr/include/eigen3/Eigen/Dense:1[m[K,
                 from [01m[K/home/rgeng/Project/include/controller/LQR.hpp:1[m[K,
                 from [01m[K/home/rgeng/Project/src/main.cpp:1[m[K:
[01m[K/usr/include/x86_64-linux-gnu/bits/mathcalls.h:64:1:[m[K [01;36m[Knote: [m[Kcandidate: â€˜[01m[Kdouble sin(double)[m[Kâ€™
   64 | [01;36m[K__MATHCALL_VEC[m[K (sin,, (_Mdouble_ __x));
      | [01;36m[K^~~~~~~~~~~~~~[m[K
In file included from [01m[K/usr/include/c++/11/cmath:45[m[K,
                 from [01m[K/usr/include/eigen3/Eigen/src/Core/util/Macros.h:679[m[K,
                 from [01m[K/usr/include/eigen3/Eigen/Core:19[m[K,
                 from [01m[K/usr/include/eigen3/Eigen/Dense:1[m[K,
                 from [01m[K/home/rgeng/Project/include/controller/LQR.hpp:1[m[K,
                 from [01m[K/home/rgeng/Project/src/main.cpp:1[m[K:
[01m[K/usr/include/x86_64-linux-gnu/bits/mathcalls.h:64:1:[m[K [01;36m[Knote: [m[K  no known conversion for argument 1 from â€˜[01m[Ktime_t(time_t*) noexcept[m[Kâ€™ {aka â€˜[01m[Klong int(long int*) noexcept[m[Kâ€™} to â€˜[01m[Kdouble[m[Kâ€™
   64 | [01;36m[K_[m[K_MATHCALL_VEC (sin,, (_Mdouble_ __x));
      | [01;36m[K^[m[K
In file included from [01m[K/usr/include/eigen3/Eigen/src/Core/util/Macros.h:679[m[K,
                 from [01m[K/usr/include/eigen3/Eigen/Core:19[m[K,
                 from [01m[K/usr/include/eigen3/Eigen/Dense:1[m[K,
                 from [01m[K/home/rgeng/Project/include/controller/LQR.hpp:1[m[K,
                 from [01m[K/home/rgeng/Project/src/main.cpp:1[m[K:
[01m[K/usr/include/c++/11/cmath:425:3:[m[K [01;36m[Knote: [m[Kcandidate: â€˜[01m[Kconstexpr float std::sin(float)[m[Kâ€™
  425 |   [01;36m[Ksin[m[K(float __x)
      |   [01;36m[K^~~[m[K
[01m[K/usr/include/c++/11/cmath:425:13:[m[K [01;36m[Knote: [m[K  no known conversion for argument 1 from â€˜[01m[Ktime_t(time_t*) noexcept[m[Kâ€™ {aka â€˜[01m[Klong int(long int*) noexcept[m[Kâ€™} to â€˜[01m[Kfloat[m[Kâ€™
  425 |   sin([01;36m[Kfloat __x[m[K)
      |       [01;36m[K~~~~~~^~~[m[K
[01m[K/usr/include/c++/11/cmath:429:3:[m[K [01;36m[Knote: [m[Kcandidate: â€˜[01m[Kconstexpr long double std::sin(long double)[m[Kâ€™
  429 |   [01;36m[Ksin[m[K(long double __x)
      |   [01;36m[K^~~[m[K
[01m[K/usr/include/c++/11/cmath:429:19:[m[K [01;36m[Knote: [m[K  no known conversion for argument 1 from â€˜[01m[Ktime_t(time_t*) noexcept[m[Kâ€™ {aka â€˜[01m[Klong int(long int*) noexcept[m[Kâ€™} to â€˜[01m[Klong double[m[Kâ€™
  429 |   sin([01;36m[Klong double __x[m[K)
      |       [01;36m[K~~~~~~~~~~~~^~~[m[K
[01m[K/home/rgeng/Project/src/main.cpp:43:25:[m[K [01;31m[Kerror: [m[Krequest for member â€˜[01m[KPublish[m[Kâ€™ in â€˜[01m[KbasicPublisher[m[Kâ€™, which is of pointer type â€˜[01m[Kpublishers::msgPublisher<ignition::msgs::IMU>*[m[Kâ€™ (maybe you meant to use â€˜[01m[K->[m[Kâ€™ ?)
   43 |     if (!basicPublisher.[01;31m[KPublish[m[K(imu_msg)) {
      |                         [01;31m[K^~~~~~~[m[K
[01m[K/home/rgeng/Project/src/main.cpp:49:13:[m[K [01;31m[Kerror: [m[Kâ€˜[01m[Kdt[m[Kâ€™ was not declared in this scope
   49 |     time += [01;31m[Kdt[m[K;
      |             [01;31m[K^~[m[K
[01m[K/home/rgeng/Project/src/main.cpp:50:5:[m[K [01;31m[Kerror: [m[Kâ€˜[01m[Kcount[m[Kâ€™ was not declared in this scope; did you mean â€˜[01m[Kstd::count[m[Kâ€™?
   50 |     [01;31m[Kcount[m[K++;
      |     [01;31m[K^~~~~[m[K
      |     [32m[Kstd::count[m[K
In file included from [01m[K/usr/include/c++/11/algorithm:74[m[K,
                 from [01m[K/usr/include/eigen3/Eigen/Core:95[m[K,
                 from [01m[K/usr/include/eigen3/Eigen/Dense:1[m[K,
                 from [01m[K/home/rgeng/Project/include/controller/LQR.hpp:1[m[K,
                 from [01m[K/home/rgeng/Project/src/main.cpp:1[m[K:
[01m[K/usr/include/c++/11/pstl/glue_algorithm_defs.h:101:1:[m[K [01;36m[Knote: [m[Kâ€˜[01m[Kstd::count[m[Kâ€™ declared here
  101 | [01;36m[Kcount[m[K(_ExecutionPolicy&& __exec, _ForwardIterator __first, _ForwardIterator __last, const _Tp& __value);
      | [01;36m[K^~~~~[m[K
gmake[2]: *** [src/CMakeFiles/QuadcopterController.dir/build.make:76: src/CMakeFiles/QuadcopterController.dir/main.cpp.o] Error 1
gmake[1]: *** [CMakeFiles/Makefile2:117: src/CMakeFiles/QuadcopterController.dir/all] Error 2
gmake[1]: *** Waiting for unfinished jobs....
[ 88%] [32m[1mLinking CXX executable QuadcopterController_subscriber[0m
[ 88%] Built target QuadcopterController_subscriber
gmake: *** [Makefile:91: all] Error 2
