[0.008s] Invoking command in '/home/rgeng/Project/build/QuadcopterController': /usr/bin/cmake --build /home/rgeng/Project/build/QuadcopterController -- -j12 -l12
[0.045s] [ 38%] Built target CONTROLLER_LIB
[0.052s] [35m[1mConsolidate compiler generated dependencies of target DATABASE_LIB[0m
[0.057s] [ 53%] Built target MOTOR_CONTROLLER_LIB
[0.064s] [ 61%] [32mBuilding CXX object src/database/CMakeFiles/DATABASE_LIB.dir/database.cpp.o[0m
[1.789s] In file included from [01m[K/home/rgeng/Project/src/database/database.cpp:1[m[K:
[1.789s] [01m[K/home/rgeng/Project/include/database/database.hpp:13:37:[m[K [01;31m[Kerror: [m[Kâ€˜[01m[Ksubscribers[m[Kâ€™ was not declared in this scope; did you mean â€˜[01m[Ksubscriber[m[Kâ€™?
[1.789s]    13 |         std::map<enums::MSG_TOPICS, [01;31m[Ksubscribers[m[K::msgSubscriber*> subscribers;
[1.789s]       |                                     [01;31m[K^~~~~~~~~~~[m[K
[1.789s]       |                                     [32m[Ksubscriber[m[K
[1.789s] [01m[K/home/rgeng/Project/include/database/database.hpp:13:64:[m[K [01;31m[Kerror: [m[Ktemplate argument 2 is invalid
[1.789s]    13 |         std::map<enums::MSG_TOPICS, subscribers::msgSubscriber*[01;31m[K>[m[K subscribers;
[1.789s]       |                                                                [01;31m[K^[m[K
[1.789s] [01m[K/home/rgeng/Project/include/database/database.hpp:13:64:[m[K [01;31m[Kerror: [m[Ktemplate argument 4 is invalid
[1.789s] [01m[K/home/rgeng/Project/include/database/database.hpp:22:6:[m[K [01;31m[Kerror: [m[Kexpected â€˜[01m[K;[m[Kâ€™ after class definition
[1.789s]    22 |     }
[1.790s]       |      [01;31m[K^[m[K
[1.790s]       |      [32m[K;[m[K
[1.790s] [01m[K/home/rgeng/Project/src/database/database.cpp:[m[K In constructor â€˜[01m[Kdatabase::database::database()[m[Kâ€™:
[1.790s] [01m[K/home/rgeng/Project/src/database/database.cpp:7:21:[m[K [01;31m[Kerror: [m[Krequest for member â€˜[01m[Kinsert_or_assign[m[Kâ€™ in â€˜[01m[K((database::database*)this)->database::database::subscribers[m[Kâ€™, which is of non-class type â€˜[01m[Kint[m[Kâ€™
[1.790s]     7 |         subscribers.[01;31m[Kinsert_or_assign[m[K(std::pair(enums::MSG_TOPICS::IMU, new subscriber::msgSubscriber<ignition::msgs::IMU>*("/MyTopic")));
[1.790s]       |                     [01;31m[K^~~~~~~~~~~~~~~~[m[K
[1.790s] [01m[K/home/rgeng/Project/src/database/database.cpp:7:124:[m[K [01;31m[Kerror: [m[Kcannot convert â€˜[01m[Kconst char*[m[Kâ€™ to â€˜[01m[Ksubscriber::msgSubscriber<ignition::msgs::IMU>*[m[Kâ€™ in initialization
[1.790s]     7 |         subscribers.insert_or_assign(std::pair(enums::MSG_TOPICS::IMU, new subscriber::msgSubscriber<ignition::msgs::IMU>*([01;31m[K"/MyTopic"[m[K)));
[1.790s]       |                                                                                                                            [01;31m[K^~~~~~~~~~[m[K
[1.790s]       |                                                                                                                            [01;31m[K|[m[K
[1.790s]       |                                                                                                                            [01;31m[Kconst char*[m[K
[1.790s] [01m[K/home/rgeng/Project/src/database/database.cpp:[m[K In member function â€˜[01m[Kobjects::imu database::database::getIMUData()[m[Kâ€™:
[1.790s] [01m[K/home/rgeng/Project/src/database/database.cpp:11:50:[m[K [01;31m[Kerror: [m[Krequest for member â€˜[01m[Kat[m[Kâ€™ in â€˜[01m[K((database::database*)this)->database::database::subscribers[m[Kâ€™, which is of non-class type â€˜[01m[Kint[m[Kâ€™
[1.790s]    11 |         ignition::msgs::IMU imuMsg = subscribers.[01;31m[Kat[m[K(enums::MSG_TOPICS::IMU)->getMessageData();
[1.790s]       |                                                  [01;31m[K^~[m[K
[2.266s] gmake[2]: *** [src/database/CMakeFiles/DATABASE_LIB.dir/build.make:76: src/database/CMakeFiles/DATABASE_LIB.dir/database.cpp.o] Error 1
[2.267s] gmake[1]: *** [CMakeFiles/Makefile2:235: src/database/CMakeFiles/DATABASE_LIB.dir/all] Error 2
[2.267s] gmake: *** [Makefile:91: all] Error 2
[2.269s] Invoked command in '/home/rgeng/Project/build/QuadcopterController' returned '2': /usr/bin/cmake --build /home/rgeng/Project/build/QuadcopterController -- -j12 -l12
