[0.064s] Invoking command in '/home/rgeng/Project/build/QuadcopterController': /usr/bin/cmake --build /home/rgeng/Project/build/QuadcopterController -- -j12 -l12
[0.700s] [ 71%] Built target CONTROLLER_LIB
[0.716s] [35m[1mConsolidate compiler generated dependencies of target QuadcopterController[0m
[0.740s] [ 85%] [32mBuilding CXX object src/CMakeFiles/QuadcopterController.dir/main.cpp.o[0m
[4.261s] [01m[K/home/rgeng/Project/src/main.cpp:[m[K In function â€˜[01m[Kint main(int, char**)[m[Kâ€™:
[4.261s] [01m[K/home/rgeng/Project/src/main.cpp:14:10:[m[K [01;31m[Kerror: [m[Kâ€˜[01m[Kclass ignition::transport::v8::Node[m[Kâ€™ has no member named â€˜[01m[KPublish[m[Kâ€™; did you mean â€˜[01m[KPublisher[m[Kâ€™?
[4.261s]    14 |     node.[01;31m[KPublish[m[K(topic, msg);
[4.261s]       |          [01;31m[K^~~~~~~[m[K
[4.262s]       |          [32m[KPublisher[m[K
[5.058s] gmake[2]: *** [src/CMakeFiles/QuadcopterController.dir/build.make:76: src/CMakeFiles/QuadcopterController.dir/main.cpp.o] Error 1
[5.058s] gmake[1]: *** [CMakeFiles/Makefile2:115: src/CMakeFiles/QuadcopterController.dir/all] Error 2
[5.058s] gmake: *** [Makefile:91: all] Error 2
[5.069s] Invoked command in '/home/rgeng/Project/build/QuadcopterController' returned '2': /usr/bin/cmake --build /home/rgeng/Project/build/QuadcopterController -- -j12 -l12
