[0.023s] Invoking command in '/home/rgeng/Project/build/QuadcopterController': /usr/bin/cmake --build /home/rgeng/Project/build/QuadcopterController -- -j12 -l12
[0.058s] [ 71%] Built target CONTROLLER_LIB
[0.066s] [35m[1mConsolidate compiler generated dependencies of target QuadcopterController[0m
[0.080s] [ 85%] [32mBuilding CXX object src/CMakeFiles/QuadcopterController.dir/main.cpp.o[0m
[2.229s] In file included from [01m[K/home/rgeng/Project/src/main.cpp:4[m[K:
[2.229s] [01m[K/home/rgeng/Project/include/publishers/msgPublisher.hpp:12:5:[m[K [01;31m[Kerror: [m[Kâ€˜[01m[KmsgPublishers[m[Kâ€™ does not name a type; did you mean â€˜[01m[KmsgPublisher[m[Kâ€™?
[2.229s]    12 |     [01;31m[KmsgPublishers[m[K<T>(const std::string& inTopic)
[2.229s]       |     [01;31m[K^~~~~~~~~~~~~[m[K
[2.229s]       |     [32m[KmsgPublisher[m[K
[2.231s] [01m[K/home/rgeng/Project/include/publishers/msgPublisher.hpp:16:5:[m[K [01;31m[Kerror: [m[Kâ€˜[01m[KpublishMessage[m[Kâ€™ does not name a type
[2.231s]    16 |     [01;31m[KpublishMessage[m[K<T>(const T& inMsg)
[2.231s]       |     [01;31m[K^~~~~~~~~~~~~~[m[K
[2.231s] [01m[K/home/rgeng/Project/src/main.cpp:[m[K In function â€˜[01m[Kint main(int, char**)[m[Kâ€™:
[2.231s] [01m[K/home/rgeng/Project/src/main.cpp:10:80:[m[K [01;31m[Kerror: [m[Kno matching function for call to â€˜[01m[Kpublishers::msgPublisher<ignition::msgs::StringMsg>::msgPublisher(const char [9])[m[Kâ€™
[2.231s]    10 |   publishers::msgPublisher<ignition::msgs::StringMsg> basicPublisher("/MyTopic"[01;31m[K)[m[K;
[2.231s]       |                                                                                [01;31m[K^[m[K
[2.232s] In file included from [01m[K/home/rgeng/Project/src/main.cpp:4[m[K:
[2.232s] [01m[K/home/rgeng/Project/include/publishers/msgPublisher.hpp:7:7:[m[K [01;36m[Knote: [m[Kcandidate: â€˜[01m[Kpublishers::msgPublisher<ignition::msgs::StringMsg>::msgPublisher()[m[Kâ€™
[2.232s]     7 | class [01;36m[KmsgPublisher[m[K{
[2.232s]       |       [01;36m[K^~~~~~~~~~~~[m[K
[2.232s] [01m[K/home/rgeng/Project/include/publishers/msgPublisher.hpp:7:7:[m[K [01;36m[Knote: [m[K  candidate expects 0 arguments, 1 provided
[2.232s] [01m[K/home/rgeng/Project/src/main.cpp:12:20:[m[K [01;31m[Kerror: [m[Kâ€˜[01m[Kclass publishers::msgPublisher<ignition::msgs::StringMsg>[m[Kâ€™ has no member named â€˜[01m[KpublishMessage[m[Kâ€™
[2.232s]    12 |     basicPublisher.[01;31m[KpublishMessage[m[K<ignition::msgs::StringMsg>(msg);
[2.232s]       |                    [01;31m[K^~~~~~~~~~~~~~[m[K
[2.232s] [01m[K/home/rgeng/Project/src/main.cpp:12:60:[m[K [01;31m[Kerror: [m[Kexpected primary-expression before â€˜[01m[K>[m[Kâ€™ token
[2.232s]    12 |     basicPublisher.publishMessage<ignition::msgs::StringMsg[01;31m[K>[m[K(msg);
[2.232s]       |                                                            [01;31m[K^[m[K
[3.018s] gmake[2]: *** [src/CMakeFiles/QuadcopterController.dir/build.make:76: src/CMakeFiles/QuadcopterController.dir/main.cpp.o] Error 1
[3.018s] gmake[1]: *** [CMakeFiles/Makefile2:115: src/CMakeFiles/QuadcopterController.dir/all] Error 2
[3.018s] gmake: *** [Makefile:91: all] Error 2
[3.020s] Invoked command in '/home/rgeng/Project/build/QuadcopterController' returned '2': /usr/bin/cmake --build /home/rgeng/Project/build/QuadcopterController -- -j12 -l12
