[0.088s] Invoking command in '/home/rgeng/Project/build/QuadcopterController': /usr/bin/cmake --build /home/rgeng/Project/build/QuadcopterController -- -j12 -l12
[0.721s] [ 38%] Built target CONTROLLER_LIB
[0.765s] [35m[1mConsolidate compiler generated dependencies of target DATABASE_LIB[0m
[0.765s] [ 53%] Built target MOTOR_CONTROLLER_LIB
[0.777s] [ 61%] [32mBuilding CXX object src/database/CMakeFiles/DATABASE_LIB.dir/database.cpp.o[0m
[5.649s] [ 69%] [32m[1mLinking CXX static library libDATABASE_LIB.a[0m
[5.737s] [ 69%] Built target DATABASE_LIB
[5.868s] [35m[1mConsolidate compiler generated dependencies of target QuadcopterController[0m
[5.895s] [35m[1mConsolidate compiler generated dependencies of target QuadcopterController_subscriber[0m
[5.896s] [ 76%] [32mBuilding CXX object src/CMakeFiles/QuadcopterController.dir/main.cpp.o[0m
[5.910s] [ 84%] [32mBuilding CXX object src/CMakeFiles/QuadcopterController_subscriber.dir/SubscriberTest.cpp.o[0m
[10.235s] [ 92%] [32m[1mLinking CXX executable QuadcopterController_subscriber[0m
[10.401s] [100%] [32m[1mLinking CXX executable QuadcopterController[0m
[10.464s] /usr/bin/ld: database/libDATABASE_LIB.a(database.cpp.o): in function `objects::quaternions_to_euler(objects::Quaternion)':
[10.464s] database.cpp:(.text+0x0): multiple definition of `objects::quaternions_to_euler(objects::Quaternion)'; CMakeFiles/QuadcopterController_subscriber.dir/SubscriberTest.cpp.o:SubscriberTest.cpp:(.text+0x0): first defined here
[10.464s] /usr/bin/ld: database/libDATABASE_LIB.a(database.cpp.o): in function `objects::euler_to_quaternions(objects::EulerAngles const&)':
[10.464s] database.cpp:(.text+0x236): multiple definition of `objects::euler_to_quaternions(objects::EulerAngles const&)'; CMakeFiles/QuadcopterController_subscriber.dir/SubscriberTest.cpp.o:SubscriberTest.cpp:(.text+0x236): first defined here
[10.783s] collect2: error: ld returned 1 exit status
[10.784s] gmake[2]: *** [src/CMakeFiles/QuadcopterController_subscriber.dir/build.make:107: src/QuadcopterController_subscriber] Error 1
[10.785s] gmake[1]: *** [CMakeFiles/Makefile2:183: src/CMakeFiles/QuadcopterController_subscriber.dir/all] Error 2
[10.785s] gmake[1]: *** Waiting for unfinished jobs....
[10.789s] [100%] Built target QuadcopterController
[10.789s] gmake: *** [Makefile:91: all] Error 2
[10.811s] Invoked command in '/home/rgeng/Project/build/QuadcopterController' returned '2': /usr/bin/cmake --build /home/rgeng/Project/build/QuadcopterController -- -j12 -l12
