[0.027s] Invoking command in '/home/rgeng/Project/build/QuadcopterController': /usr/bin/cmake --build /home/rgeng/Project/build/QuadcopterController -- -j12 -l12
[0.044s] [ 55%] Built target CONTROLLER_LIB
[0.051s] [35m[1mConsolidate compiler generated dependencies of target QuadcopterController_subscriber[0m
[0.060s] [ 77%] Built target QuadcopterController
[0.066s] [ 88%] [32mBuilding CXX object src/CMakeFiles/QuadcopterController_subscriber.dir/SubscriberTest.cpp.o[0m
[2.115s] In file included from [01m[K/home/rgeng/Project/src/SubscriberTest.cpp:5[m[K:
[2.115s] [01m[K/home/rgeng/Project/include/objects/imu.h:18:13:[m[K [01;31m[Kerror: [m[Kexpected initializer before â€˜[01m[Kquaternions_to_euler[m[Kâ€™
[2.115s]    18 | EulerAngles [01;31m[Kquaternions_to_euler[m[K(Quaternion q)
[2.115s]       |             [01;31m[K^~~~~~~~~~~~~~~~~~~~[m[K
[2.116s] [01m[K/home/rgeng/Project/include/objects/imu.h:51:1:[m[K [01;31m[Kerror: [m[Kâ€˜[01m[KQuaternions[m[Kâ€™ does not name a type; did you mean â€˜[01m[KQuaternion[m[Kâ€™?
[2.116s]    51 | [01;31m[KQuaternions[m[K euler_to_quaternions(const EulerAngles& angles)
[2.116s]       | [01;31m[K^~~~~~~~~~~[m[K
[2.116s]       | [32m[KQuaternion[m[K
[2.116s] [01m[K/home/rgeng/Project/include/objects/imu.h:85:2:[m[K [01;31m[Kerror: [m[Kexpected â€˜[01m[K;[m[Kâ€™ after struct definition
[2.116s]    85 | }
[2.116s]       |  [01;31m[K^[m[K
[2.117s]       |  [32m[K;[m[K
[2.934s] gmake[2]: *** [src/CMakeFiles/QuadcopterController_subscriber.dir/build.make:76: src/CMakeFiles/QuadcopterController_subscriber.dir/SubscriberTest.cpp.o] Error 1
[2.935s] gmake[1]: *** [CMakeFiles/Makefile2:143: src/CMakeFiles/QuadcopterController_subscriber.dir/all] Error 2
[2.935s] gmake: *** [Makefile:91: all] Error 2
[2.937s] Invoked command in '/home/rgeng/Project/build/QuadcopterController' returned '2': /usr/bin/cmake --build /home/rgeng/Project/build/QuadcopterController -- -j12 -l12
