[0.008s] Invoking command in '/home/rgeng/Project/build/QuadcopterController': /usr/bin/cmake --build /home/rgeng/Project/build/QuadcopterController -- -j12 -l12
[0.045s] [ 38%] Built target CONTROLLER_LIB
[0.052s] [35m[1mConsolidate compiler generated dependencies of target DATABASE_LIB[0m
[0.056s] [ 53%] Built target MOTOR_CONTROLLER_LIB
[0.064s] [ 69%] Built target DATABASE_LIB
[0.071s] [35m[1mConsolidate compiler generated dependencies of target QuadcopterController_subscriber[0m
[0.079s] [ 84%] Built target QuadcopterController
[0.086s] [ 92%] [32mBuilding CXX object src/CMakeFiles/QuadcopterController_subscriber.dir/SubscriberTest.cpp.o[0m
[2.393s] [01m[K/home/rgeng/Project/src/SubscriberTest.cpp:[m[K In function â€˜[01m[Kint main(int, char**)[m[Kâ€™:
[2.393s] [01m[K/home/rgeng/Project/src/SubscriberTest.cpp:12:17:[m[K [01;31m[Kerror: [m[Kâ€˜[01m[KGlobalDatabase[m[Kâ€™ was not declared in this scope
[2.393s]    12 |     auto data = [01;31m[KGlobalDatabase[m[K.getIMUData();
[2.393s]       |                 [01;31m[K^~~~~~~~~~~~~~[m[K
[3.184s] gmake[2]: *** [src/CMakeFiles/QuadcopterController_subscriber.dir/build.make:76: src/CMakeFiles/QuadcopterController_subscriber.dir/SubscriberTest.cpp.o] Error 1
[3.185s] gmake[1]: *** [CMakeFiles/Makefile2:183: src/CMakeFiles/QuadcopterController_subscriber.dir/all] Error 2
[3.185s] gmake: *** [Makefile:91: all] Error 2
[3.186s] Invoked command in '/home/rgeng/Project/build/QuadcopterController' returned '2': /usr/bin/cmake --build /home/rgeng/Project/build/QuadcopterController -- -j12 -l12
