[0.107s] Invoking command in '/home/rgeng/Project/build/QuadcopterController': /usr/bin/cmake --build /home/rgeng/Project/build/QuadcopterController -- -j12 -l12
[0.712s] [35m[1mConsolidate compiler generated dependencies of target CONTROLLER_LIB[0m
[0.736s] [ 38%] Built target CONTROLLER_LIB
[0.741s] [35m[1mConsolidate compiler generated dependencies of target MOTOR_CONTROLLER_LIB[0m
[0.747s] [ 46%] [32mBuilding CXX object src/database/CMakeFiles/DATABASE_LIB.dir/database.cpp.o[0m
[0.747s] [ 53%] [32mBuilding CXX object src/MotorDriver/CMakeFiles/MOTOR_CONTROLLER_LIB.dir/MotorSpeedController.cpp.o[0m
[1.137s] In file included from [01m[K/home/rgeng/Project/src/database/database.cpp:1[m[K:
[1.138s] [01m[K/home/rgeng/Project/include/database/database.hpp:1:10:[m[K [01;31m[Kfatal error: [m[Kobjects/imu.h: No such file or directory
[1.138s]     1 | #include [01;31m[K<objects/imu.h>[m[K
[1.138s]       |          [01;31m[K^~~~~~~~~~~~~~~[m[K
[1.138s] compilation terminated.
[1.144s] gmake[2]: *** [src/database/CMakeFiles/DATABASE_LIB.dir/build.make:76: src/database/CMakeFiles/DATABASE_LIB.dir/database.cpp.o] Error 1
[1.144s] gmake[1]: *** [CMakeFiles/Makefile2:235: src/database/CMakeFiles/DATABASE_LIB.dir/all] Error 2
[1.144s] gmake[1]: *** Waiting for unfinished jobs....
[1.360s] In file included from [01m[K/home/rgeng/Project/src/MotorDriver/MotorSpeedController.cpp:1[m[K:
[1.361s] [01m[K/home/rgeng/Project/include/MotorDriver/MotorSpeedController.hpp:11:2:[m[K [01;31m[Kerror: [m[Kexpected â€˜[01m[K;[m[Kâ€™ after class definition
[1.361s]    11 | }
[1.361s]       |  [01;31m[K^[m[K
[1.361s]       |  [32m[K;[m[K
[1.375s] gmake[2]: *** [src/MotorDriver/CMakeFiles/MOTOR_CONTROLLER_LIB.dir/build.make:76: src/MotorDriver/CMakeFiles/MOTOR_CONTROLLER_LIB.dir/MotorSpeedController.cpp.o] Error 1
[1.375s] gmake[1]: *** [CMakeFiles/Makefile2:261: src/MotorDriver/CMakeFiles/MOTOR_CONTROLLER_LIB.dir/all] Error 2
[1.375s] gmake: *** [Makefile:91: all] Error 2
[1.382s] Invoked command in '/home/rgeng/Project/build/QuadcopterController' returned '2': /usr/bin/cmake --build /home/rgeng/Project/build/QuadcopterController -- -j12 -l12
