[0.085s] Invoking command in '/home/rgeng/Project/build/QuadcopterController': /usr/bin/cmake --build /home/rgeng/Project/build/QuadcopterController -- -j12 -l12
[0.757s] [ 71%] Built target CONTROLLER_LIB
[0.824s] [35m[1mConsolidate compiler generated dependencies of target QuadcopterController[0m
[0.838s] [ 85%] [32mBuilding CXX object src/CMakeFiles/QuadcopterController.dir/main.cpp.o[0m
[4.874s] [01m[K/home/rgeng/Project/src/main.cpp:[m[K In function â€˜[01m[Kint main(int, char**)[m[Kâ€™:
[4.874s] [01m[K/home/rgeng/Project/src/main.cpp:9:29:[m[K [01;31m[Kerror: [m[Kâ€˜[01m[KYourMessageType[m[Kâ€™ was not declared in this scope
[4.874s]     9 |   auto pub = node.Advertise<[01;31m[KYourMessageType[m[K>("/my_topic");
[4.874s]       |                             [01;31m[K^~~~~~~~~~~~~~~[m[K
[4.874s] [01m[K/home/rgeng/Project/src/main.cpp:9:45:[m[K [01;31m[Kerror: [m[Kno matching function for call to â€˜[01m[Kignition::transport::v8::Node::Advertise<<expression error> >(const char [10])[m[Kâ€™
[4.874s]     9 |   auto pub = [01;31m[Knode.Advertise<YourMessageType>("/my_topic")[m[K;
[4.874s]       |              [01;31m[K~~~~~~~~~~~~~~~~~~~~~~~~~~~~~~~^~~~~~~~~~~~~[m[K
[5.082s] In file included from [01m[K/usr/include/ignition/transport8/ignition/transport.hh:31[m[K,
[5.082s]                  from [01m[K/home/rgeng/Project/src/main.cpp:4[m[K:
[5.082s] [01m[K/usr/include/ignition/transport8/ignition/transport/Node.hh:226:23:[m[K [01;36m[Knote: [m[Kcandidate: â€˜[01m[Ktemplate<class MessageT> ignition::transport::v8::Node::Publisher ignition::transport::v8::Node::Advertise(const string&, const ignition::transport::v8::AdvertiseMessageOptions&)[m[Kâ€™
[5.082s]   226 |       Node::Publisher [01;36m[KAdvertise[m[K(
[5.083s]       |                       [01;36m[K^~~~~~~~~[m[K
[5.083s] [01m[K/usr/include/ignition/transport8/ignition/transport/Node.hh:226:23:[m[K [01;36m[Knote: [m[K  template argument deduction/substitution failed:
[5.083s] [01m[K/home/rgeng/Project/src/main.cpp:9:45:[m[K [01;31m[Kerror: [m[Ktemplate argument 1 is invalid
[5.083s]     9 |   auto pub = [01;31m[Knode.Advertise<YourMessageType>("/my_topic")[m[K;
[5.083s]       |              [01;31m[K~~~~~~~~~~~~~~~~~~~~~~~~~~~~~~~^~~~~~~~~~~~~[m[K
[5.083s] In file included from [01m[K/usr/include/ignition/transport8/ignition/transport.hh:31[m[K,
[5.083s]                  from [01m[K/home/rgeng/Project/src/main.cpp:4[m[K:
[5.083s] [01m[K/usr/include/ignition/transport8/ignition/transport/Node.hh:372:12:[m[K [01;36m[Knote: [m[Kcandidate: â€˜[01m[Ktemplate<class RequestT, class ReplyT> bool ignition::transport::v8::Node::Advertise(const string&, bool (*)(const RequestT&, ReplyT&), const ignition::transport::v8::AdvertiseServiceOptions&)[m[Kâ€™
[5.083s]   372 |       bool [01;36m[KAdvertise[m[K(
[5.083s]       |            [01;36m[K^~~~~~~~~[m[K
[5.083s] [01m[K/usr/include/ignition/transport8/ignition/transport/Node.hh:372:12:[m[K [01;36m[Knote: [m[K  template argument deduction/substitution failed:
[5.083s] [01m[K/home/rgeng/Project/src/main.cpp:9:45:[m[K [01;31m[Kerror: [m[Ktemplate argument 1 is invalid
[5.083s]     9 |   auto pub = [01;31m[Knode.Advertise<YourMessageType>("/my_topic")[m[K;
[5.083s]       |              [01;31m[K~~~~~~~~~~~~~~~~~~~~~~~~~~~~~~~^~~~~~~~~~~~~[m[K
[5.083s] In file included from [01m[K/usr/include/ignition/transport8/ignition/transport.hh:31[m[K,
[5.083s]                  from [01m[K/home/rgeng/Project/src/main.cpp:4[m[K:
[5.083s] [01m[K/usr/include/ignition/transport8/ignition/transport/Node.hh:389:12:[m[K [01;36m[Knote: [m[Kcandidate: â€˜[01m[Ktemplate<class ReplyT> bool ignition::transport::v8::Node::Advertise(const string&, bool (*)(ReplyT&), const ignition::transport::v8::AdvertiseServiceOptions&)[m[Kâ€™
[5.083s]   389 |       bool [01;36m[KAdvertise[m[K(
[5.083s]       |            [01;36m[K^~~~~~~~~[m[K
[5.083s] [01m[K/usr/include/ignition/transport8/ignition/transport/Node.hh:389:12:[m[K [01;36m[Knote: [m[K  template argument deduction/substitution failed:
[5.083s] [01m[K/home/rgeng/Project/src/main.cpp:9:45:[m[K [01;31m[Kerror: [m[Ktemplate argument 1 is invalid
[5.083s]     9 |   auto pub = [01;31m[Knode.Advertise<YourMessageType>("/my_topic")[m[K;
[5.083s]       |              [01;31m[K~~~~~~~~~~~~~~~~~~~~~~~~~~~~~~~^~~~~~~~~~~~~[m[K
[5.083s] In file included from [01m[K/usr/include/ignition/transport8/ignition/transport.hh:31[m[K,
[5.083s]                  from [01m[K/home/rgeng/Project/src/main.cpp:4[m[K:
[5.083s] [01m[K/usr/include/ignition/transport8/ignition/transport/Node.hh:405:12:[m[K [01;36m[Knote: [m[Kcandidate: â€˜[01m[Ktemplate<class RequestT> bool ignition::transport::v8::Node::Advertise(const string&, void (*)(const RequestT&), const ignition::transport::v8::AdvertiseServiceOptions&)[m[Kâ€™
[5.083s]   405 |       bool [01;36m[KAdvertise[m[K(
[5.084s]       |            [01;36m[K^~~~~~~~~[m[K
[5.084s] [01m[K/usr/include/ignition/transport8/ignition/transport/Node.hh:405:12:[m[K [01;36m[Knote: [m[K  template argument deduction/substitution failed:
[5.084s] [01m[K/home/rgeng/Project/src/main.cpp:9:45:[m[K [01;31m[Kerror: [m[Ktemplate argument 1 is invalid
[5.084s]     9 |   auto pub = [01;31m[Knode.Advertise<YourMessageType>("/my_topic")[m[K;
[5.084s]       |              [01;31m[K~~~~~~~~~~~~~~~~~~~~~~~~~~~~~~~^~~~~~~~~~~~~[m[K
[5.084s] In file included from [01m[K/usr/include/ignition/transport8/ignition/transport.hh:31[m[K,
[5.084s]                  from [01m[K/home/rgeng/Project/src/main.cpp:4[m[K:
[5.084s] [01m[K/usr/include/ignition/transport8/ignition/transport/Node.hh:423:12:[m[K [01;36m[Knote: [m[Kcandidate: â€˜[01m[Ktemplate<class RequestT, class ReplyT> bool ignition::transport::v8::Node::Advertise(const string&, std::function<bool(const Req&, Rep&)>, const ignition::transport::v8::AdvertiseServiceOptions&)[m[Kâ€™
[5.084s]   423 |       bool [01;36m[KAdvertise[m[K(
[5.084s]       |            [01;36m[K^~~~~~~~~[m[K
[5.084s] [01m[K/usr/include/ignition/transport8/ignition/transport/Node.hh:423:12:[m[K [01;36m[Knote: [m[K  template argument deduction/substitution failed:
[5.084s] [01m[K/home/rgeng/Project/src/main.cpp:9:45:[m[K [01;31m[Kerror: [m[Ktemplate argument 1 is invalid
[5.084s]     9 |   auto pub = [01;31m[Knode.Advertise<YourMessageType>("/my_topic")[m[K;
[5.084s]       |              [01;31m[K~~~~~~~~~~~~~~~~~~~~~~~~~~~~~~~^~~~~~~~~~~~~[m[K
[5.084s] In file included from [01m[K/usr/include/ignition/transport8/ignition/transport.hh:31[m[K,
[5.084s]                  from [01m[K/home/rgeng/Project/src/main.cpp:4[m[K:
[5.084s] [01m[K/usr/include/ignition/transport8/ignition/transport/Node.hh:441:12:[m[K [01;36m[Knote: [m[Kcandidate: â€˜[01m[Ktemplate<class ReplyT> bool ignition::transport::v8::Node::Advertise(const string&, std::function<bool(ReplyT&)>&, const ignition::transport::v8::AdvertiseServiceOptions&)[m[Kâ€™
[5.084s]   441 |       bool [01;36m[KAdvertise[m[K(
[5.084s]       |            [01;36m[K^~~~~~~~~[m[K
[5.084s] [01m[K/usr/include/ignition/transport8/ignition/transport/Node.hh:441:12:[m[K [01;36m[Knote: [m[K  template argument deduction/substitution failed:
[5.084s] [01m[K/home/rgeng/Project/src/main.cpp:9:45:[m[K [01;31m[Kerror: [m[Ktemplate argument 1 is invalid
[5.084s]     9 |   auto pub = [01;31m[Knode.Advertise<YourMessageType>("/my_topic")[m[K;
[5.084s]       |              [01;31m[K~~~~~~~~~~~~~~~~~~~~~~~~~~~~~~~^~~~~~~~~~~~~[m[K
[5.084s] In file included from [01m[K/usr/include/ignition/transport8/ignition/transport.hh:31[m[K,
[5.084s]                  from [01m[K/home/rgeng/Project/src/main.cpp:4[m[K:
[5.084s] [01m[K/usr/include/ignition/transport8/ignition/transport/Node.hh:457:12:[m[K [01;36m[Knote: [m[Kcandidate: â€˜[01m[Ktemplate<class RequestT> bool ignition::transport::v8::Node::Advertise(const string&, std::function<void(const T&)>&, const ignition::transport::v8::AdvertiseServiceOptions&)[m[Kâ€™
[5.084s]   457 |       bool [01;36m[KAdvertise[m[K(
[5.084s]       |            [01;36m[K^~~~~~~~~[m[K
[5.084s] [01m[K/usr/include/ignition/transport8/ignition/transport/Node.hh:457:12:[m[K [01;36m[Knote: [m[K  template argument deduction/substitution failed:
[5.085s] [01m[K/home/rgeng/Project/src/main.cpp:9:45:[m[K [01;31m[Kerror: [m[Ktemplate argument 1 is invalid
[5.085s]     9 |   auto pub = [01;31m[Knode.Advertise<YourMessageType>("/my_topic")[m[K;
[5.085s]       |              [01;31m[K~~~~~~~~~~~~~~~~~~~~~~~~~~~~~~~^~~~~~~~~~~~~[m[K
[5.085s] In file included from [01m[K/usr/include/ignition/transport8/ignition/transport.hh:31[m[K,
[5.085s]                  from [01m[K/home/rgeng/Project/src/main.cpp:4[m[K:
[5.085s] [01m[K/usr/include/ignition/transport8/ignition/transport/Node.hh:476:12:[m[K [01;36m[Knote: [m[Kcandidate: â€˜[01m[Ktemplate<class ClassT, class RequestT, class ReplyT> bool ignition::transport::v8::Node::Advertise(const string&, bool (ClassT::*)(const RequestT&, ReplyT&), ClassT*, const ignition::transport::v8::AdvertiseServiceOptions&)[m[Kâ€™
[5.085s]   476 |       bool [01;36m[KAdvertise[m[K(
[5.085s]       |            [01;36m[K^~~~~~~~~[m[K
[5.085s] [01m[K/usr/include/ignition/transport8/ignition/transport/Node.hh:476:12:[m[K [01;36m[Knote: [m[K  template argument deduction/substitution failed:
[5.085s] [01m[K/home/rgeng/Project/src/main.cpp:9:45:[m[K [01;31m[Kerror: [m[Ktemplate argument 1 is invalid
[5.085s]     9 |   auto pub = [01;31m[Knode.Advertise<YourMessageType>("/my_topic")[m[K;
[5.085s]       |              [01;31m[K~~~~~~~~~~~~~~~~~~~~~~~~~~~~~~~^~~~~~~~~~~~~[m[K
[5.085s] In file included from [01m[K/usr/include/ignition/transport8/ignition/transport.hh:31[m[K,
[5.085s]                  from [01m[K/home/rgeng/Project/src/main.cpp:4[m[K:
[5.085s] [01m[K/usr/include/ignition/transport8/ignition/transport/Node.hh:495:12:[m[K [01;36m[Knote: [m[Kcandidate: â€˜[01m[Ktemplate<class ClassT, class ReplyT> bool ignition::transport::v8::Node::Advertise(const string&, bool (ClassT::*)(ReplyT&), ClassT*, const ignition::transport::v8::AdvertiseServiceOptions&)[m[Kâ€™
[5.085s]   495 |       bool [01;36m[KAdvertise[m[K(
[5.085s]       |            [01;36m[K^~~~~~~~~[m[K
[5.085s] [01m[K/usr/include/ignition/transport8/ignition/transport/Node.hh:495:12:[m[K [01;36m[Knote: [m[K  template argument deduction/substitution failed:
[5.085s] [01m[K/home/rgeng/Project/src/main.cpp:9:45:[m[K [01;31m[Kerror: [m[Ktemplate argument 1 is invalid
[5.085s]     9 |   auto pub = [01;31m[Knode.Advertise<YourMessageType>("/my_topic")[m[K;
[5.085s]       |              [01;31m[K~~~~~~~~~~~~~~~~~~~~~~~~~~~~~~~^~~~~~~~~~~~~[m[K
[5.085s] In file included from [01m[K/usr/include/ignition/transport8/ignition/transport.hh:31[m[K,
[5.085s]                  from [01m[K/home/rgeng/Project/src/main.cpp:4[m[K:
[5.085s] [01m[K/usr/include/ignition/transport8/ignition/transport/Node.hh:513:12:[m[K [01;36m[Knote: [m[Kcandidate: â€˜[01m[Ktemplate<class ClassT, class RequestT> bool ignition::transport::v8::Node::Advertise(const string&, void (ClassT::*)(const RequestT&), ClassT*, const ignition::transport::v8::AdvertiseServiceOptions&)[m[Kâ€™
[5.085s]   513 |       bool [01;36m[KAdvertise[m[K(
[5.085s]       |            [01;36m[K^~~~~~~~~[m[K
[5.085s] [01m[K/usr/include/ignition/transport8/ignition/transport/Node.hh:513:12:[m[K [01;36m[Knote: [m[K  template argument deduction/substitution failed:
[5.085s] [01m[K/home/rgeng/Project/src/main.cpp:9:45:[m[K [01;31m[Kerror: [m[Ktemplate argument 1 is invalid
[5.085s]     9 |   auto pub = [01;31m[Knode.Advertise<YourMessageType>("/my_topic")[m[K;
[5.086s]       |              [01;31m[K~~~~~~~~~~~~~~~~~~~~~~~~~~~~~~~^~~~~~~~~~~~~[m[K
[5.917s] gmake[2]: *** [src/CMakeFiles/QuadcopterController.dir/build.make:76: src/CMakeFiles/QuadcopterController.dir/main.cpp.o] Error 1
[5.918s] gmake[1]: *** [CMakeFiles/Makefile2:115: src/CMakeFiles/QuadcopterController.dir/all] Error 2
[5.918s] gmake: *** [Makefile:91: all] Error 2
[5.929s] Invoked command in '/home/rgeng/Project/build/QuadcopterController' returned '2': /usr/bin/cmake --build /home/rgeng/Project/build/QuadcopterController -- -j12 -l12
