[ 71%] Built target CONTROLLER_LIB
[ 85%] [32mBuilding CXX object src/CMakeFiles/QuadcopterController.dir/main.cpp.o[0m
[01m[K/home/rgeng/Project/src/main.cpp:[m[K In function â€˜[01m[Kint main(int, char**)[m[Kâ€™:
[01m[K/home/rgeng/Project/src/main.cpp:14:16:[m[K [01;31m[Kerror: [m[Kno matching function for call to â€˜[01m[Kignition::transport::v8::Node::Publisher::Publish(std::string&, ignition::msgs::StringMsg&)[m[Kâ€™
   14 |     [01;31m[Kpub.Publish(topic, msg)[m[K;
      |     [01;31m[K~~~~~~~~~~~^~~~~~~~~~~~[m[K
In file included from [01m[K/usr/include/ignition/transport8/ignition/transport.hh:31[m[K,
                 from [01m[K/home/rgeng/Project/src/main.cpp:4[m[K:
[01m[K/usr/include/ignition/transport8/ignition/transport/Node.hh:147:22:[m[K [01;36m[Knote: [m[Kcandidate: â€˜[01m[Kbool ignition::transport::v8::Node::Publisher::Publish(const ProtoMsg&)[m[Kâ€™
  147 |         public: bool [01;36m[KPublish[m[K(const ProtoMsg &_msg);
      |                      [01;36m[K^~~~~~~[m[K
[01m[K/usr/include/ignition/transport8/ignition/transport/Node.hh:147:22:[m[K [01;36m[Knote: [m[K  candidate expects 1 argument, 2 provided
gmake[2]: *** [src/CMakeFiles/QuadcopterController.dir/build.make:76: src/CMakeFiles/QuadcopterController.dir/main.cpp.o] Error 1
gmake[1]: *** [CMakeFiles/Makefile2:115: src/CMakeFiles/QuadcopterController.dir/all] Error 2
gmake: *** [Makefile:91: all] Error 2
