[0.002s] Invoking command in '/home/rgeng/Project/build/QuadcopterController': /usr/bin/cmake --build /home/rgeng/Project/build/QuadcopterController -- -j12 -l12
[0.035s] [ 55%] Built target CONTROLLER_LIB
[0.044s] [35m[1mConsolidate compiler generated dependencies of target QuadcopterController_subscriber[0m
[0.054s] [ 77%] Built target QuadcopterController
[0.060s] [ 88%] [32mBuilding CXX object src/CMakeFiles/QuadcopterController_subscriber.dir/SubscriberTest.cpp.o[0m
[2.393s] In file included from [01m[K/home/rgeng/Project/src/SubscriberTest.cpp:4[m[K:
[2.393s] [01m[K/home/rgeng/Project/include/subscribers/msgSubscriber.hpp:[m[K In member function â€˜[01m[KT subscriber::msgSubscriber<T>::getMessageData()[m[Kâ€™:
[2.393s] [01m[K/home/rgeng/Project/include/subscribers/msgSubscriber.hpp:29:16:[m[K [01;31m[Kerror: [m[Kâ€˜[01m[KcallBackData[m[Kâ€™ was not declared in this scope; did you mean â€˜[01m[KcallbackData[m[Kâ€™?
[2.393s]    29 |         return [01;31m[KcallBackData[m[K;
[2.393s]       |                [01;31m[K^~~~~~~~~~~~[m[K
[2.394s]       |                [32m[KcallbackData[m[K
[3.332s] gmake[2]: *** [src/CMakeFiles/QuadcopterController_subscriber.dir/build.make:76: src/CMakeFiles/QuadcopterController_subscriber.dir/SubscriberTest.cpp.o] Error 1
[3.332s] gmake[1]: *** [CMakeFiles/Makefile2:143: src/CMakeFiles/QuadcopterController_subscriber.dir/all] Error 2
[3.332s] gmake: *** [Makefile:91: all] Error 2
[3.334s] Invoked command in '/home/rgeng/Project/build/QuadcopterController' returned '2': /usr/bin/cmake --build /home/rgeng/Project/build/QuadcopterController -- -j12 -l12
