[0.007s] Invoking command in '/home/rgeng/Project/build/QuadcopterController': /usr/bin/cmake --build /home/rgeng/Project/build/QuadcopterController -- -j12 -l12
[0.035s] [ 71%] Built target CONTROLLER_LIB
[0.042s] [35m[1mConsolidate compiler generated dependencies of target QuadcopterController[0m
[0.055s] [ 85%] [32mBuilding CXX object src/CMakeFiles/QuadcopterController.dir/main.cpp.o[0m
[1.954s] [01m[K/home/rgeng/Project/src/main.cpp:[m[K In function â€˜[01m[Kint main(int, char**)[m[Kâ€™:
[1.954s] [01m[K/home/rgeng/Project/src/main.cpp:9:13:[m[K [01;31m[Kerror: [m[Kâ€˜[01m[Kclass ignition::transport::v8::Node::Publisher[m[Kâ€™ has no member named â€˜[01m[KAdvertise[m[Kâ€™
[1.954s]     9 |   if (!node.[01;31m[KAdvertise[m[K(topic, "ignition.msgs.StringMsg")) {
[1.954s]       |             [01;31m[K^~~~~~~~~[m[K
[1.954s] [01m[K/home/rgeng/Project/src/main.cpp:16:17:[m[K [01;31m[Kerror: [m[Kno matching function for call to â€˜[01m[Kignition::transport::v8::Node::Publisher::Publish(std::string&, ignition::msgs::StringMsg&)[m[Kâ€™
[1.954s]    16 |     [01;31m[Knode.Publish(topic, msg)[m[K;
[1.955s]       |     [01;31m[K~~~~~~~~~~~~^~~~~~~~~~~~[m[K
[1.955s] In file included from [01m[K/usr/include/ignition/transport8/ignition/transport.hh:31[m[K,
[1.955s]                  from [01m[K/home/rgeng/Project/src/main.cpp:4[m[K:
[1.955s] [01m[K/usr/include/ignition/transport8/ignition/transport/Node.hh:147:22:[m[K [01;36m[Knote: [m[Kcandidate: â€˜[01m[Kbool ignition::transport::v8::Node::Publisher::Publish(const ProtoMsg&)[m[Kâ€™
[1.955s]   147 |         public: bool [01;36m[KPublish[m[K(const ProtoMsg &_msg);
[1.955s]       |                      [01;36m[K^~~~~~~[m[K
[1.955s] [01m[K/usr/include/ignition/transport8/ignition/transport/Node.hh:147:22:[m[K [01;36m[Knote: [m[K  candidate expects 1 argument, 2 provided
[2.644s] gmake[2]: *** [src/CMakeFiles/QuadcopterController.dir/build.make:76: src/CMakeFiles/QuadcopterController.dir/main.cpp.o] Error 1
[2.644s] gmake[1]: *** [CMakeFiles/Makefile2:115: src/CMakeFiles/QuadcopterController.dir/all] Error 2
[2.645s] gmake: *** [Makefile:91: all] Error 2
[2.646s] Invoked command in '/home/rgeng/Project/build/QuadcopterController' returned '2': /usr/bin/cmake --build /home/rgeng/Project/build/QuadcopterController -- -j12 -l12
