[0.001s] Invoking command in '/home/rgeng/Project/build/QuadcopterController': /usr/bin/cmake --build /home/rgeng/Project/build/QuadcopterController -- -j12 -l12
[0.001s] [35m[1mConsolidate compiler generated dependencies of target CONTROLLER_LIB[0m
[0.001s] [ 15%] Built target OBJECTS
[0.103s] [ 46%] [32mBuilding CXX object src/controller/CMakeFiles/CONTROLLER_LIB.dir/base.cpp.o[0m
[0.103s] [ 46%] [32mBuilding CXX object src/controller/CMakeFiles/CONTROLLER_LIB.dir/PID.cpp.o[0m
[0.103s] [ 46%] [32mBuilding CXX object src/controller/CMakeFiles/CONTROLLER_LIB.dir/PolePlacement.cpp.o[0m
[0.103s] [ 46%] [32mBuilding CXX object src/controller/CMakeFiles/CONTROLLER_LIB.dir/LQR.cpp.o[0m
[3.530s] In file included from [01m[K/home/rgeng/Project/include/controller/LQR.hpp:4[m[K,
[3.530s]                  from [01m[K/home/rgeng/Project/src/controller/LQR.cpp:1[m[K:
[3.530s] [01m[K/home/rgeng/Project/include/controller/base.hpp:17:71:[m[K [01;31m[Kerror: [m[Kexpected identifier before string constant
[3.530s]    17 |     publishers::msgPublisher<gazebo::msgs::Cessna> controlPublisher([01;31m[K"/gazebo/default/cessna_c172/control"[m[K);
[3.531s]       |                                                                       [01;31m[K^~~~~~~~~~~~~~~~~~~~~~~~~~~~~~~~~~~~~[m[K
[3.531s] [01m[K/home/rgeng/Project/include/controller/base.hpp:17:71:[m[K [01;31m[Kerror: [m[Kexpected â€˜[01m[K,[m[Kâ€™ or â€˜[01m[K...[m[Kâ€™ before string constant
[3.572s] In file included from [01m[K/home/rgeng/Project/include/controller/PolePlacement.hpp:4[m[K,
[3.573s]                  from [01m[K/home/rgeng/Project/src/controller/PolePlacement.cpp:1[m[K:
[3.573s] [01m[K/home/rgeng/Project/include/controller/base.hpp:17:71:[m[K [01;31m[Kerror: [m[Kexpected identifier before string constant
[3.573s]    17 |     publishers::msgPublisher<gazebo::msgs::Cessna> controlPublisher([01;31m[K"/gazebo/default/cessna_c172/control"[m[K);
[3.573s]       |                                                                       [01;31m[K^~~~~~~~~~~~~~~~~~~~~~~~~~~~~~~~~~~~~[m[K
[3.573s] [01m[K/home/rgeng/Project/include/controller/base.hpp:17:71:[m[K [01;31m[Kerror: [m[Kexpected â€˜[01m[K,[m[Kâ€™ or â€˜[01m[K...[m[Kâ€™ before string constant
[3.605s] In file included from [01m[K/home/rgeng/Project/include/controller/PID.hpp:4[m[K,
[3.605s]                  from [01m[K/home/rgeng/Project/src/controller/PID.cpp:1[m[K:
[3.605s] [01m[K/home/rgeng/Project/include/controller/base.hpp:17:71:[m[K [01;31m[Kerror: [m[Kexpected identifier before string constant
[3.605s]    17 |     publishers::msgPublisher<gazebo::msgs::Cessna> controlPublisher([01;31m[K"/gazebo/default/cessna_c172/control"[m[K);
[3.605s]       |                                                                       [01;31m[K^~~~~~~~~~~~~~~~~~~~~~~~~~~~~~~~~~~~~[m[K
[3.605s] [01m[K/home/rgeng/Project/include/controller/base.hpp:17:71:[m[K [01;31m[Kerror: [m[Kexpected â€˜[01m[K,[m[Kâ€™ or â€˜[01m[K...[m[Kâ€™ before string constant
[3.615s] In file included from [01m[K/home/rgeng/Project/src/controller/base.cpp:1[m[K:
[3.615s] [01m[K/home/rgeng/Project/include/controller/base.hpp:17:71:[m[K [01;31m[Kerror: [m[Kexpected identifier before string constant
[3.615s]    17 |     publishers::msgPublisher<gazebo::msgs::Cessna> controlPublisher([01;31m[K"/gazebo/default/cessna_c172/control"[m[K);
[3.615s]       |                                                                       [01;31m[K^~~~~~~~~~~~~~~~~~~~~~~~~~~~~~~~~~~~~[m[K
[3.615s] [01m[K/home/rgeng/Project/include/controller/base.hpp:17:71:[m[K [01;31m[Kerror: [m[Kexpected â€˜[01m[K,[m[Kâ€™ or â€˜[01m[K...[m[Kâ€™ before string constant
[5.034s] gmake[2]: *** [src/controller/CMakeFiles/CONTROLLER_LIB.dir/build.make:90: src/controller/CMakeFiles/CONTROLLER_LIB.dir/LQR.cpp.o] Error 1
[5.035s] gmake[2]: *** Waiting for unfinished jobs....
[5.068s] gmake[2]: *** [src/controller/CMakeFiles/CONTROLLER_LIB.dir/build.make:118: src/controller/CMakeFiles/CONTROLLER_LIB.dir/PolePlacement.cpp.o] Error 1
[5.081s] gmake[2]: *** [src/controller/CMakeFiles/CONTROLLER_LIB.dir/build.make:76: src/controller/CMakeFiles/CONTROLLER_LIB.dir/base.cpp.o] Error 1
[5.084s] gmake[2]: *** [src/controller/CMakeFiles/CONTROLLER_LIB.dir/build.make:104: src/controller/CMakeFiles/CONTROLLER_LIB.dir/PID.cpp.o] Error 1
[5.084s] gmake[1]: *** [CMakeFiles/Makefile2:198: src/controller/CMakeFiles/CONTROLLER_LIB.dir/all] Error 2
[5.084s] gmake: *** [Makefile:91: all] Error 2
[5.088s] Invoked command in '/home/rgeng/Project/build/QuadcopterController' returned '2': /usr/bin/cmake --build /home/rgeng/Project/build/QuadcopterController -- -j12 -l12
