[0.008s] Invoking command in '/home/rgeng/Project/build/QuadcopterController': /usr/bin/cmake --build /home/rgeng/Project/build/QuadcopterController -- -j12 -l12
[0.113s] -- Looking for ignition-msgs5 -- found version 5.8.1
[0.171s] -- Searching for dependencies of ignition-msgs5
[1.060s] -- Looking for ignition-math6 -- found version 6.15.1
[1.060s] -- Searching for dependencies of ignition-math6
[1.079s] -- Checking for module 'tinyxml2'
[1.096s] --   Found tinyxml2, version 9.0.0
[1.165s] -- Looking for ignition-transport8 -- found version 8.2.1
[1.165s] -- Searching for dependencies of ignition-transport8
[2.143s] -- Config-file not installed for ZeroMQ -- checking for pkg-config
[2.146s] -- Checking for module 'libzmq >= 4'
[2.207s] --   Found libzmq , version 4.3.4
[2.230s] -- Checking for module 'uuid'
[2.241s] --   Found uuid, version 2.37.2
[2.259s] -- Looking for ignition-msgs5 -- found version 5.8.1
[2.398s] [33mCMake Warning (dev) at /usr/share/cmake-3.22/Modules/FindPackageHandleStandardArgs.cmake:438 (message):
[2.398s]   The package name passed to `find_package_handle_standard_args` (PkgConfig)
[2.398s]   does not match the name of the calling package (gazebo).  This can lead to
[2.398s]   problems in calling code that expects `find_package` result variables
[2.398s]   (e.g., `_FOUND`) to follow a certain pattern.
[2.398s] Call Stack (most recent call first):
[2.398s]   /usr/share/cmake-3.22/Modules/FindPkgConfig.cmake:99 (find_package_handle_standard_args)
[2.398s]   /usr/lib/x86_64-linux-gnu/cmake/gazebo/gazebo-config.cmake:72 (include)
[2.398s]   CMakeLists.txt:6 (find_package)
[2.398s] This warning is for project developers.  Use -Wno-dev to suppress it.
[2.398s] [0m
[2.398s] -- Found PkgConfig: /usr/bin/pkg-config (found version "0.29.2") 
[2.400s] -- Checking for module 'bullet>=2.82'
[2.461s] --   Found bullet, version 3.05
[2.687s] -- Found fcl: /usr/include (found suitable version "0.7.0", minimum required is "0.5.0") 
[2.732s] -- Found assimp: /usr/include (found version "5.2.0") 
[2.922s] -- Found DART: /usr/include (Required is at least version "6.6") found components: dart 
[3.093s] -- Found Boost: /usr/lib/x86_64-linux-gnu/cmake/Boost-1.74.0/BoostConfig.cmake (found suitable version "1.74.0", minimum required is "1.40.0") found components: thread system filesystem program_options regex iostreams date_time 
[3.099s] -- Found Protobuf: /usr/lib/x86_64-linux-gnu/libprotobuf.so (found version "3.12.4") 
[3.113s] -- Looking for ignition-math6 -- found version 6.15.1
[3.114s] -- Looking for OGRE...
[3.115s] -- OGRE_PREFIX_WATCH changed.
[3.118s] -- Checking for module 'OGRE'
[3.124s] --   Found OGRE, version 1.9.0
[3.173s] -- Found Ogre Ghadamon (1.9.0)
[3.413s] -- Found OGRE: optimized;/usr/lib/x86_64-linux-gnu/libOgreMain.so;debug;/usr/lib/x86_64-linux-gnu/libOgreMain.so
[3.421s] -- Looking for OGRE_Paging...
[3.552s] -- Found OGRE_Paging: optimized;/usr/lib/x86_64-linux-gnu/libOgrePaging.so;debug;/usr/lib/x86_64-linux-gnu/libOgrePaging.so
[3.552s] -- Looking for OGRE_Terrain...
[3.681s] -- Found OGRE_Terrain: optimized;/usr/lib/x86_64-linux-gnu/libOgreTerrain.so;debug;/usr/lib/x86_64-linux-gnu/libOgreTerrain.so
[3.681s] -- Looking for OGRE_Property...
[3.798s] -- Found OGRE_Property: optimized;/usr/lib/x86_64-linux-gnu/libOgreProperty.so;debug;/usr/lib/x86_64-linux-gnu/libOgreProperty.so
[3.798s] -- Looking for OGRE_RTShaderSystem...
[3.929s] -- Found OGRE_RTShaderSystem: optimized;/usr/lib/x86_64-linux-gnu/libOgreRTShaderSystem.so;debug;/usr/lib/x86_64-linux-gnu/libOgreRTShaderSystem.so
[3.929s] -- Looking for OGRE_Volume...
[4.062s] -- Found OGRE_Volume: optimized;/usr/lib/x86_64-linux-gnu/libOgreVolume.so;debug;/usr/lib/x86_64-linux-gnu/libOgreVolume.so
[4.063s] -- Looking for OGRE_Overlay...
[4.203s] -- Found OGRE_Overlay: optimized;/usr/lib/x86_64-linux-gnu/libOgreOverlay.so;debug;/usr/lib/x86_64-linux-gnu/libOgreOverlay.so
[10.341s] -- Looking for ignition-math6 -- found version 6.15.1
[10.341s] -- Looking for ignition-transport8 -- found version 8.2.1
[10.341s] -- Looking for ignition-msgs5 -- found version 5.8.1
[10.357s] -- Looking for ignition-common3 -- found version 3.14.0
[10.357s] -- Searching for dependencies of ignition-common3
[10.388s] -- Looking for dlfcn.h - found
[10.400s] -- Looking for libdl - found
[10.401s] -- Found DL: TRUE  
[10.443s] -- Found tinyobjloader: /usr/lib/x86_64-linux-gnu/cmake/tinyobjloader/tinyobjloader-config.cmake (found version "2.0.0") 
[10.446s] -- Searching for <ignition-common3> component [graphics]
[10.448s] -- Looking for ignition-common3-graphics -- found version 3.14.0
[10.449s] -- Searching for dependencies of ignition-common3-graphics
[10.449s] -- Looking for ignition-math6 -- found version 6.15.1
[10.471s] -- Looking for ignition-fuel_tools4 -- found version 4.4.0
[10.471s] -- Searching for dependencies of ignition-fuel_tools4
[11.081s] -- Found CURL: /usr/lib/x86_64-linux-gnu/libcurl.so (found version "7.81.0")  
[11.113s] -- Checking for module 'jsoncpp'
[11.121s] --   Found jsoncpp, version 1.9.5
[11.142s] -- Found JSONCPP: TRUE  
[11.178s] -- Checking for module 'libzip'
[11.198s] --   Found libzip, version 1.7.3
[11.218s] -- Found ZIP: TRUE  
[11.218s] -- Looking for ignition-common3 -- found version 3.14.0
[11.219s] -- Looking for ignition-math6 -- found version 6.15.1
[11.219s] -- Looking for ignition-msgs5 -- found version 5.8.1
[11.478s] -- Configuring done
[11.688s] [0mWARNING: Target "QuadcopterController" requests linking to directory "/usr/lib/x86_64-linux-gnu".  Targets may link only to libraries.  CMake is dropping the item.[0m
[11.689s] [0mWARNING: Target "QuadcopterController" requests linking to directory "/usr/lib/x86_64-linux-gnu/gazebo-11/plugins".  Targets may link only to libraries.  CMake is dropping the item.[0m
[11.689s] [0mWARNING: Target "QuadcopterController" requests linking to directory "/usr/lib/x86_64-linux-gnu".  Targets may link only to libraries.  CMake is dropping the item.[0m
[11.689s] [0mWARNING: Target "QuadcopterController" requests linking to directory "/usr/lib/x86_64-linux-gnu/gazebo-11/plugins".  Targets may link only to libraries.  CMake is dropping the item.[0m
[11.806s] -- Generating done
[11.819s] -- Build files have been written to: /home/rgeng/Project/build/QuadcopterController
[11.838s] [35m[1mConsolidate compiler generated dependencies of target OBJECTS[0m
[11.840s] [35m[1mConsolidate compiler generated dependencies of target CONTROLLER_LIB[0m
[11.846s] [  7%] [32mBuilding CXX object src/objects/CMakeFiles/OBJECTS.dir/imu.cpp.o[0m
[11.865s] [ 23%] [32mBuilding CXX object src/controller/CMakeFiles/CONTROLLER_LIB.dir/PID.cpp.o[0m
[11.865s] [ 23%] [32mBuilding CXX object src/controller/CMakeFiles/CONTROLLER_LIB.dir/LQR.cpp.o[0m
[11.865s] [ 30%] [32mBuilding CXX object src/controller/CMakeFiles/CONTROLLER_LIB.dir/base.cpp.o[0m
[11.865s] [ 38%] [32mBuilding CXX object src/controller/CMakeFiles/CONTROLLER_LIB.dir/PolePlacement.cpp.o[0m
[12.006s] [ 46%] [32m[1mLinking CXX static library libOBJECTS.a[0m
[12.032s] [ 46%] Built target OBJECTS
[12.449s] In file included from [01m[K/home/rgeng/Project/include/controller/base.hpp:5[m[K,
[12.449s]                  from [01m[K/home/rgeng/Project/include/controller/LQR.hpp:4[m[K,
[12.449s]                  from [01m[K/home/rgeng/Project/src/controller/LQR.cpp:1[m[K:
[12.449s] [01m[K/home/rgeng/Project/include/publishers/msgPublisher.hpp:3:10:[m[K [01;31m[Kfatal error: [m[Kgazebo/gazebo.hh: No such file or directory
[12.449s]     3 | #include [01;31m[K<gazebo/gazebo.hh>[m[K
[12.449s]       |          [01;31m[K^~~~~~~~~~~~~~~~~~[m[K
[12.449s] compilation terminated.
[12.450s] In file included from [01m[K/home/rgeng/Project/include/controller/base.hpp:5[m[K,
[12.451s]                  from [01m[K/home/rgeng/Project/src/controller/base.cpp:1[m[K:
[12.451s] [01m[K/home/rgeng/Project/include/publishers/msgPublisher.hpp:3:10:[m[K [01;31m[Kfatal error: [m[Kgazebo/gazebo.hh: No such file or directory
[12.451s]     3 | #include [01;31m[K<gazebo/gazebo.hh>[m[K
[12.451s]       |          [01;31m[K^~~~~~~~~~~~~~~~~~[m[K
[12.451s] compilation terminated.
[12.454s] gmake[2]: *** [src/controller/CMakeFiles/CONTROLLER_LIB.dir/build.make:90: src/controller/CMakeFiles/CONTROLLER_LIB.dir/LQR.cpp.o] Error 1
[12.454s] gmake[2]: *** Waiting for unfinished jobs....
[12.455s] gmake[2]: *** [src/controller/CMakeFiles/CONTROLLER_LIB.dir/build.make:76: src/controller/CMakeFiles/CONTROLLER_LIB.dir/base.cpp.o] Error 1
[12.463s] In file included from [01m[K/home/rgeng/Project/include/controller/base.hpp:5[m[K,
[12.463s]                  from [01m[K/home/rgeng/Project/include/controller/PID.hpp:4[m[K,
[12.463s]                  from [01m[K/home/rgeng/Project/src/controller/PID.cpp:1[m[K:
[12.463s] [01m[K/home/rgeng/Project/include/publishers/msgPublisher.hpp:3:10:[m[K [01;31m[Kfatal error: [m[Kgazebo/gazebo.hh: No such file or directory
[12.463s]     3 | #include [01;31m[K<gazebo/gazebo.hh>[m[K
[12.463s]       |          [01;31m[K^~~~~~~~~~~~~~~~~~[m[K
[12.463s] compilation terminated.
[12.464s] In file included from [01m[K/home/rgeng/Project/include/controller/base.hpp:5[m[K,
[12.464s]                  from [01m[K/home/rgeng/Project/include/controller/PolePlacement.hpp:4[m[K,
[12.464s]                  from [01m[K/home/rgeng/Project/src/controller/PolePlacement.cpp:1[m[K:
[12.464s] [01m[K/home/rgeng/Project/include/publishers/msgPublisher.hpp:3:10:[m[K [01;31m[Kfatal error: [m[Kgazebo/gazebo.hh: No such file or directory
[12.464s]     3 | #include [01;31m[K<gazebo/gazebo.hh>[m[K
[12.464s]       |          [01;31m[K^~~~~~~~~~~~~~~~~~[m[K
[12.464s] compilation terminated.
[12.468s] gmake[2]: *** [src/controller/CMakeFiles/CONTROLLER_LIB.dir/build.make:104: src/controller/CMakeFiles/CONTROLLER_LIB.dir/PID.cpp.o] Error 1
[12.483s] gmake[2]: *** [src/controller/CMakeFiles/CONTROLLER_LIB.dir/build.make:118: src/controller/CMakeFiles/CONTROLLER_LIB.dir/PolePlacement.cpp.o] Error 1
[12.483s] gmake[1]: *** [CMakeFiles/Makefile2:198: src/controller/CMakeFiles/CONTROLLER_LIB.dir/all] Error 2
[12.483s] gmake: *** [Makefile:91: all] Error 2
[12.485s] Invoked command in '/home/rgeng/Project/build/QuadcopterController' returned '2': /usr/bin/cmake --build /home/rgeng/Project/build/QuadcopterController -- -j12 -l12
